[1.669s] Invoking command in '/home/everd/universidad/git/Robotica-UAO-2025-3/Nicolas_Tafur/robot': PYTHONPATH=/home/everd/universidad/git/Robotica-UAO-2025-3/Nicolas_Tafur/build/robot/prefix_override:/usr/lib/python3/dist-packages/colcon_core/task/python/colcon_distutils_commands:/home/everd/universidad/git/Robotica-UAO-2025-3/Nicolas_Tafur/install/robot/lib/python3.10/site-packages:${PYTHONPATH} /usr/bin/python3 -W ignore:setup.py install is deprecated -W ignore:easy_install command is deprecated setup.py egg_info --egg-base ../build/robot build --build-base /home/everd/universidad/git/Robotica-UAO-2025-3/Nicolas_Tafur/build/robot/build install --record /home/everd/universidad/git/Robotica-UAO-2025-3/Nicolas_Tafur/build/robot/install.log --single-version-externally-managed install_data
[2.136s] running egg_info
[2.138s] writing ../build/robot/robot.egg-info/PKG-INFO
[2.138s] writing dependency_links to ../build/robot/robot.egg-info/dependency_links.txt
[2.139s] writing entry points to ../build/robot/robot.egg-info/entry_points.txt
[2.139s] writing requirements to ../build/robot/robot.egg-info/requires.txt
[2.139s] writing top-level names to ../build/robot/robot.egg-info/top_level.txt
[2.142s] reading manifest file '../build/robot/robot.egg-info/SOURCES.txt'
[2.144s] writing manifest file '../build/robot/robot.egg-info/SOURCES.txt'
[2.145s] running build
[2.145s] running build_py
[2.149s] copying robot/pinterfaz.py -> /home/everd/universidad/git/Robotica-UAO-2025-3/Nicolas_Tafur/build/robot/build/lib/robot
[2.149s] running install
[2.151s] running install_lib
[2.151s] copying /home/everd/universidad/git/Robotica-UAO-2025-3/Nicolas_Tafur/build/robot/build/lib/robot/pinterfaz.py -> /home/everd/universidad/git/Robotica-UAO-2025-3/Nicolas_Tafur/install/robot/lib/python3.10/site-packages/robot
[2.156s] byte-compiling /home/everd/universidad/git/Robotica-UAO-2025-3/Nicolas_Tafur/install/robot/lib/python3.10/site-packages/robot/pinterfaz.py to pinterfaz.cpython-310.pyc
[2.164s] running install_data
[2.165s] running install_egg_info
[2.170s] removing '/home/everd/universidad/git/Robotica-UAO-2025-3/Nicolas_Tafur/install/robot/lib/python3.10/site-packages/robot-0.0.1-py3.10.egg-info' (and everything under it)
[2.170s] Copying ../build/robot/robot.egg-info to /home/everd/universidad/git/Robotica-UAO-2025-3/Nicolas_Tafur/install/robot/lib/python3.10/site-packages/robot-0.0.1-py3.10.egg-info
[2.172s] running install_scripts
[2.214s] Installing fk_marker script to /home/everd/universidad/git/Robotica-UAO-2025-3/Nicolas_Tafur/install/robot/lib/robot
[2.215s] Installing joint_commander_deg script to /home/everd/universidad/git/Robotica-UAO-2025-3/Nicolas_Tafur/install/robot/lib/robot
[2.215s] Installing pinterfaz script to /home/everd/universidad/git/Robotica-UAO-2025-3/Nicolas_Tafur/install/robot/lib/robot
[2.216s] Installing serial_node script to /home/everd/universidad/git/Robotica-UAO-2025-3/Nicolas_Tafur/install/robot/lib/robot
[2.216s] writing list of installed files to '/home/everd/universidad/git/Robotica-UAO-2025-3/Nicolas_Tafur/build/robot/install.log'
[2.262s] Invoked command in '/home/everd/universidad/git/Robotica-UAO-2025-3/Nicolas_Tafur/robot' returned '0': PYTHONPATH=/home/everd/universidad/git/Robotica-UAO-2025-3/Nicolas_Tafur/build/robot/prefix_override:/usr/lib/python3/dist-packages/colcon_core/task/python/colcon_distutils_commands:/home/everd/universidad/git/Robotica-UAO-2025-3/Nicolas_Tafur/install/robot/lib/python3.10/site-packages:${PYTHONPATH} /usr/bin/python3 -W ignore:setup.py install is deprecated -W ignore:easy_install command is deprecated setup.py egg_info --egg-base ../build/robot build --build-base /home/everd/universidad/git/Robotica-UAO-2025-3/Nicolas_Tafur/build/robot/build install --record /home/everd/universidad/git/Robotica-UAO-2025-3/Nicolas_Tafur/build/robot/install.log --single-version-externally-managed install_data
