[0.817s] Invoking command in '/home/richilzz/ros2_ws/src/git/Robotica-UAO-2025-3/Nicolas_Tafur/robot': PYTHONPATH=/home/richilzz/ros2_ws/src/git/Robotica-UAO-2025-3/Nicolas_Tafur/build/robot/prefix_override:/usr/lib/python3/dist-packages/colcon_core/task/python/colcon_distutils_commands:/home/richilzz/ros2_ws/src/git/Robotica-UAO-2025-3/Nicolas_Tafur/install/robot/lib/python3.10/site-packages:${PYTHONPATH} /usr/bin/python3 -W ignore:setup.py install is deprecated -W ignore:easy_install command is deprecated setup.py egg_info --egg-base ../build/robot build --build-base /home/richilzz/ros2_ws/src/git/Robotica-UAO-2025-3/Nicolas_Tafur/build/robot/build install --record /home/richilzz/ros2_ws/src/git/Robotica-UAO-2025-3/Nicolas_Tafur/build/robot/install.log --single-version-externally-managed install_data
[1.111s] running egg_info
[1.112s] writing ../build/robot/robot.egg-info/PKG-INFO
[1.112s] writing dependency_links to ../build/robot/robot.egg-info/dependency_links.txt
[1.113s] writing entry points to ../build/robot/robot.egg-info/entry_points.txt
[1.113s] writing requirements to ../build/robot/robot.egg-info/requires.txt
[1.113s] writing top-level names to ../build/robot/robot.egg-info/top_level.txt
[1.117s] reading manifest file '../build/robot/robot.egg-info/SOURCES.txt'
[1.118s] writing manifest file '../build/robot/robot.egg-info/SOURCES.txt'
[1.118s] running build
[1.119s] running build_py
[1.119s] copying robot/pinterfaz.py -> /home/richilzz/ros2_ws/src/git/Robotica-UAO-2025-3/Nicolas_Tafur/build/robot/build/lib/robot
[1.120s] running install
[1.120s] running install_lib
[1.121s] copying /home/richilzz/ros2_ws/src/git/Robotica-UAO-2025-3/Nicolas_Tafur/build/robot/build/lib/robot/pinterfaz.py -> /home/richilzz/ros2_ws/src/git/Robotica-UAO-2025-3/Nicolas_Tafur/install/robot/lib/python3.10/site-packages/robot
[1.122s] byte-compiling /home/richilzz/ros2_ws/src/git/Robotica-UAO-2025-3/Nicolas_Tafur/install/robot/lib/python3.10/site-packages/robot/pinterfaz.py to pinterfaz.cpython-310.pyc
[1.125s]   File "/home/richilzz/ros2_ws/src/git/Robotica-UAO-2025-3/Nicolas_Tafur/install/robot/lib/python3.10/site-packages/robot/pinterfaz.py", line 432
[1.126s]     self.ros.get_logger().info(f'Cambiado a brazo  {'izquierdo' if brazo == 3 else 'derecho'}')
[1.126s]                                                      ^^^^^^^^^
[1.126s] SyntaxError: f-string: expecting '}'
[1.126s] 
[1.126s] running install_data
[1.126s] running install_egg_info
[1.128s] removing '/home/richilzz/ros2_ws/src/git/Robotica-UAO-2025-3/Nicolas_Tafur/install/robot/lib/python3.10/site-packages/robot-0.0.0-py3.10.egg-info' (and everything under it)
[1.129s] Copying ../build/robot/robot.egg-info to /home/richilzz/ros2_ws/src/git/Robotica-UAO-2025-3/Nicolas_Tafur/install/robot/lib/python3.10/site-packages/robot-0.0.0-py3.10.egg-info
[1.130s] running install_scripts
[1.154s] Installing fk_marker script to /home/richilzz/ros2_ws/src/git/Robotica-UAO-2025-3/Nicolas_Tafur/install/robot/lib/robot
[1.154s] Installing joint_commander_deg script to /home/richilzz/ros2_ws/src/git/Robotica-UAO-2025-3/Nicolas_Tafur/install/robot/lib/robot
[1.155s] Installing joint_trajectory_smoother script to /home/richilzz/ros2_ws/src/git/Robotica-UAO-2025-3/Nicolas_Tafur/install/robot/lib/robot
[1.155s] Installing pinterfaz script to /home/richilzz/ros2_ws/src/git/Robotica-UAO-2025-3/Nicolas_Tafur/install/robot/lib/robot
[1.155s] Installing serial_node script to /home/richilzz/ros2_ws/src/git/Robotica-UAO-2025-3/Nicolas_Tafur/install/robot/lib/robot
[1.155s] writing list of installed files to '/home/richilzz/ros2_ws/src/git/Robotica-UAO-2025-3/Nicolas_Tafur/build/robot/install.log'
[1.188s] Invoked command in '/home/richilzz/ros2_ws/src/git/Robotica-UAO-2025-3/Nicolas_Tafur/robot' returned '0': PYTHONPATH=/home/richilzz/ros2_ws/src/git/Robotica-UAO-2025-3/Nicolas_Tafur/build/robot/prefix_override:/usr/lib/python3/dist-packages/colcon_core/task/python/colcon_distutils_commands:/home/richilzz/ros2_ws/src/git/Robotica-UAO-2025-3/Nicolas_Tafur/install/robot/lib/python3.10/site-packages:${PYTHONPATH} /usr/bin/python3 -W ignore:setup.py install is deprecated -W ignore:easy_install command is deprecated setup.py egg_info --egg-base ../build/robot build --build-base /home/richilzz/ros2_ws/src/git/Robotica-UAO-2025-3/Nicolas_Tafur/build/robot/build install --record /home/richilzz/ros2_ws/src/git/Robotica-UAO-2025-3/Nicolas_Tafur/build/robot/install.log --single-version-externally-managed install_data
