[0.094s] DEBUG:colcon:Command line arguments: ['/usr/bin/colcon', 'build']
[0.094s] DEBUG:colcon:Parsed command line arguments: Namespace(log_base=None, log_level=None, verb_name='build', build_base='build', install_base='install', merge_install=False, symlink_install=False, test_result_base=None, continue_on_error=False, executor='parallel', parallel_workers=8, event_handlers=None, ignore_user_meta=False, metas=['./colcon.meta'], base_paths=['.'], packages_ignore=None, packages_ignore_regex=None, paths=None, packages_up_to=None, packages_up_to_regex=None, packages_above=None, packages_above_and_dependencies=None, packages_above_depth=None, packages_select_by_dep=None, packages_skip_by_dep=None, packages_skip_up_to=None, packages_select_build_failed=False, packages_skip_build_finished=False, packages_select_test_failures=False, packages_skip_test_passed=False, packages_select=None, packages_skip=None, packages_select_regex=None, packages_skip_regex=None, packages_start=None, packages_end=None, allow_overriding=[], cmake_args=None, cmake_target=None, cmake_target_skip_unavailable=False, cmake_clean_cache=False, cmake_clean_first=False, cmake_force_configure=False, ament_cmake_args=None, catkin_cmake_args=None, catkin_skip_building_tests=False, mixin_files=None, mixin=None, verb_parser=<colcon_mixin.mixin.mixin_argument.MixinArgumentDecorator object at 0x76d96723feb0>, verb_extension=<colcon_core.verb.build.BuildVerb object at 0x76d96723f8e0>, main=<bound method BuildVerb.main of <colcon_core.verb.build.BuildVerb object at 0x76d96723f8e0>>, mixin_verb=('build',))
[0.184s] Level 1:colcon.colcon_core.package_discovery:discover_packages(colcon_meta) check parameters
[0.184s] Level 1:colcon.colcon_core.package_discovery:discover_packages(recursive) check parameters
[0.184s] Level 1:colcon.colcon_core.package_discovery:discover_packages(ignore) check parameters
[0.184s] Level 1:colcon.colcon_core.package_discovery:discover_packages(path) check parameters
[0.184s] Level 1:colcon.colcon_core.package_discovery:discover_packages(colcon_meta) discover
[0.184s] Level 1:colcon.colcon_core.package_discovery:discover_packages(recursive) discover
[0.184s] INFO:colcon.colcon_core.package_discovery:Crawling recursively for packages in '/home/tombe/Robotica/Robotica-UAO-2025-3'
[0.184s] Level 1:colcon.colcon_core.package_identification:_identify(.) by extensions ['ignore', 'ignore_ament_install']
[0.184s] Level 1:colcon.colcon_core.package_identification:_identify(.) by extension 'ignore'
[0.184s] Level 1:colcon.colcon_core.package_identification:_identify(.) by extension 'ignore_ament_install'
[0.184s] Level 1:colcon.colcon_core.package_identification:_identify(.) by extensions ['colcon_pkg']
[0.184s] Level 1:colcon.colcon_core.package_identification:_identify(.) by extension 'colcon_pkg'
[0.184s] Level 1:colcon.colcon_core.package_identification:_identify(.) by extensions ['colcon_meta']
[0.184s] Level 1:colcon.colcon_core.package_identification:_identify(.) by extension 'colcon_meta'
[0.184s] Level 1:colcon.colcon_core.package_identification:_identify(.) by extensions ['ros']
[0.184s] Level 1:colcon.colcon_core.package_identification:_identify(.) by extension 'ros'
[0.192s] Level 1:colcon.colcon_core.package_identification:_identify(.) by extensions ['cmake', 'python']
[0.192s] Level 1:colcon.colcon_core.package_identification:_identify(.) by extension 'cmake'
[0.192s] Level 1:colcon.colcon_core.package_identification:_identify(.) by extension 'python'
[0.192s] Level 1:colcon.colcon_core.package_identification:_identify(.) by extensions ['python_setup_py']
[0.192s] Level 1:colcon.colcon_core.package_identification:_identify(.) by extension 'python_setup_py'
[0.193s] Level 1:colcon.colcon_core.package_identification:_identify(Nicolas_Tafur) by extensions ['ignore', 'ignore_ament_install']
[0.193s] Level 1:colcon.colcon_core.package_identification:_identify(Nicolas_Tafur) by extension 'ignore'
[0.193s] Level 1:colcon.colcon_core.package_identification:_identify(Nicolas_Tafur) by extension 'ignore_ament_install'
[0.193s] Level 1:colcon.colcon_core.package_identification:_identify(Nicolas_Tafur) by extensions ['colcon_pkg']
[0.193s] Level 1:colcon.colcon_core.package_identification:_identify(Nicolas_Tafur) by extension 'colcon_pkg'
[0.193s] Level 1:colcon.colcon_core.package_identification:_identify(Nicolas_Tafur) by extensions ['colcon_meta']
[0.193s] Level 1:colcon.colcon_core.package_identification:_identify(Nicolas_Tafur) by extension 'colcon_meta'
[0.193s] Level 1:colcon.colcon_core.package_identification:_identify(Nicolas_Tafur) by extensions ['ros']
[0.193s] Level 1:colcon.colcon_core.package_identification:_identify(Nicolas_Tafur) by extension 'ros'
[0.193s] Level 1:colcon.colcon_core.package_identification:_identify(Nicolas_Tafur) by extensions ['cmake', 'python']
[0.193s] Level 1:colcon.colcon_core.package_identification:_identify(Nicolas_Tafur) by extension 'cmake'
[0.193s] Level 1:colcon.colcon_core.package_identification:_identify(Nicolas_Tafur) by extension 'python'
[0.193s] Level 1:colcon.colcon_core.package_identification:_identify(Nicolas_Tafur) by extensions ['python_setup_py']
[0.193s] Level 1:colcon.colcon_core.package_identification:_identify(Nicolas_Tafur) by extension 'python_setup_py'
[0.193s] Level 1:colcon.colcon_core.package_identification:_identify(Nicolas_Tafur/build) by extensions ['ignore', 'ignore_ament_install']
[0.193s] Level 1:colcon.colcon_core.package_identification:_identify(Nicolas_Tafur/build) by extension 'ignore'
[0.193s] Level 1:colcon.colcon_core.package_identification:_identify(Nicolas_Tafur/build) ignored
[0.193s] Level 1:colcon.colcon_core.package_identification:_identify(Nicolas_Tafur/centauro) by extensions ['ignore', 'ignore_ament_install']
[0.193s] Level 1:colcon.colcon_core.package_identification:_identify(Nicolas_Tafur/centauro) by extension 'ignore'
[0.193s] Level 1:colcon.colcon_core.package_identification:_identify(Nicolas_Tafur/centauro) by extension 'ignore_ament_install'
[0.193s] Level 1:colcon.colcon_core.package_identification:_identify(Nicolas_Tafur/centauro) by extensions ['colcon_pkg']
[0.193s] Level 1:colcon.colcon_core.package_identification:_identify(Nicolas_Tafur/centauro) by extension 'colcon_pkg'
[0.193s] Level 1:colcon.colcon_core.package_identification:_identify(Nicolas_Tafur/centauro) by extensions ['colcon_meta']
[0.193s] Level 1:colcon.colcon_core.package_identification:_identify(Nicolas_Tafur/centauro) by extension 'colcon_meta'
[0.193s] Level 1:colcon.colcon_core.package_identification:_identify(Nicolas_Tafur/centauro) by extensions ['ros']
[0.193s] Level 1:colcon.colcon_core.package_identification:_identify(Nicolas_Tafur/centauro) by extension 'ros'
[0.195s] DEBUG:colcon.colcon_core.package_identification:Package 'Nicolas_Tafur/centauro' with type 'ros.ament_python' and name 'centauro'
[0.195s] Level 1:colcon.colcon_core.package_identification:_identify(Nicolas_Tafur/install) by extensions ['ignore', 'ignore_ament_install']
[0.195s] Level 1:colcon.colcon_core.package_identification:_identify(Nicolas_Tafur/install) by extension 'ignore'
[0.195s] Level 1:colcon.colcon_core.package_identification:_identify(Nicolas_Tafur/install) ignored
[0.195s] Level 1:colcon.colcon_core.package_identification:_identify(Nicolas_Tafur/log) by extensions ['ignore', 'ignore_ament_install']
[0.195s] Level 1:colcon.colcon_core.package_identification:_identify(Nicolas_Tafur/log) by extension 'ignore'
[0.195s] Level 1:colcon.colcon_core.package_identification:_identify(Nicolas_Tafur/log) ignored
[0.196s] Level 1:colcon.colcon_core.package_identification:_identify(Nicolas_Tafur/robot) by extensions ['ignore', 'ignore_ament_install']
[0.196s] Level 1:colcon.colcon_core.package_identification:_identify(Nicolas_Tafur/robot) by extension 'ignore'
[0.196s] Level 1:colcon.colcon_core.package_identification:_identify(Nicolas_Tafur/robot) by extension 'ignore_ament_install'
[0.196s] Level 1:colcon.colcon_core.package_identification:_identify(Nicolas_Tafur/robot) by extensions ['colcon_pkg']
[0.196s] Level 1:colcon.colcon_core.package_identification:_identify(Nicolas_Tafur/robot) by extension 'colcon_pkg'
[0.196s] Level 1:colcon.colcon_core.package_identification:_identify(Nicolas_Tafur/robot) by extensions ['colcon_meta']
[0.196s] Level 1:colcon.colcon_core.package_identification:_identify(Nicolas_Tafur/robot) by extension 'colcon_meta'
[0.196s] Level 1:colcon.colcon_core.package_identification:_identify(Nicolas_Tafur/robot) by extensions ['ros']
[0.196s] Level 1:colcon.colcon_core.package_identification:_identify(Nicolas_Tafur/robot) by extension 'ros'
[0.196s] DEBUG:colcon.colcon_core.package_identification:Package 'Nicolas_Tafur/robot' with type 'ros.ament_python' and name 'robot'
[0.196s] Level 1:colcon.colcon_core.package_identification:_identify(Ricardo) by extensions ['ignore', 'ignore_ament_install']
[0.196s] Level 1:colcon.colcon_core.package_identification:_identify(Ricardo) by extension 'ignore'
[0.196s] Level 1:colcon.colcon_core.package_identification:_identify(Ricardo) by extension 'ignore_ament_install'
[0.197s] Level 1:colcon.colcon_core.package_identification:_identify(Ricardo) by extensions ['colcon_pkg']
[0.197s] Level 1:colcon.colcon_core.package_identification:_identify(Ricardo) by extension 'colcon_pkg'
[0.197s] Level 1:colcon.colcon_core.package_identification:_identify(Ricardo) by extensions ['colcon_meta']
[0.197s] Level 1:colcon.colcon_core.package_identification:_identify(Ricardo) by extension 'colcon_meta'
[0.197s] Level 1:colcon.colcon_core.package_identification:_identify(Ricardo) by extensions ['ros']
[0.197s] Level 1:colcon.colcon_core.package_identification:_identify(Ricardo) by extension 'ros'
[0.197s] Level 1:colcon.colcon_core.package_identification:_identify(Ricardo) by extensions ['cmake', 'python']
[0.197s] Level 1:colcon.colcon_core.package_identification:_identify(Ricardo) by extension 'cmake'
[0.197s] Level 1:colcon.colcon_core.package_identification:_identify(Ricardo) by extension 'python'
[0.197s] Level 1:colcon.colcon_core.package_identification:_identify(Ricardo) by extensions ['python_setup_py']
[0.197s] Level 1:colcon.colcon_core.package_identification:_identify(Ricardo) by extension 'python_setup_py'
[0.197s] Level 1:colcon.colcon_core.package_identification:_identify(Ricardo/Nicolas_Tafur) by extensions ['ignore', 'ignore_ament_install']
[0.197s] Level 1:colcon.colcon_core.package_identification:_identify(Ricardo/Nicolas_Tafur) by extension 'ignore'
[0.197s] Level 1:colcon.colcon_core.package_identification:_identify(Ricardo/Nicolas_Tafur) by extension 'ignore_ament_install'
[0.197s] Level 1:colcon.colcon_core.package_identification:_identify(Ricardo/Nicolas_Tafur) by extensions ['colcon_pkg']
[0.197s] Level 1:colcon.colcon_core.package_identification:_identify(Ricardo/Nicolas_Tafur) by extension 'colcon_pkg'
[0.197s] Level 1:colcon.colcon_core.package_identification:_identify(Ricardo/Nicolas_Tafur) by extensions ['colcon_meta']
[0.197s] Level 1:colcon.colcon_core.package_identification:_identify(Ricardo/Nicolas_Tafur) by extension 'colcon_meta'
[0.197s] Level 1:colcon.colcon_core.package_identification:_identify(Ricardo/Nicolas_Tafur) by extensions ['ros']
[0.197s] Level 1:colcon.colcon_core.package_identification:_identify(Ricardo/Nicolas_Tafur) by extension 'ros'
[0.197s] Level 1:colcon.colcon_core.package_identification:_identify(Ricardo/Nicolas_Tafur) by extensions ['cmake', 'python']
[0.197s] Level 1:colcon.colcon_core.package_identification:_identify(Ricardo/Nicolas_Tafur) by extension 'cmake'
[0.197s] Level 1:colcon.colcon_core.package_identification:_identify(Ricardo/Nicolas_Tafur) by extension 'python'
[0.197s] Level 1:colcon.colcon_core.package_identification:_identify(Ricardo/Nicolas_Tafur) by extensions ['python_setup_py']
[0.197s] Level 1:colcon.colcon_core.package_identification:_identify(Ricardo/Nicolas_Tafur) by extension 'python_setup_py'
[0.197s] Level 1:colcon.colcon_core.package_identification:_identify(Ricardo/Nicolas_Tafur/build) by extensions ['ignore', 'ignore_ament_install']
[0.197s] Level 1:colcon.colcon_core.package_identification:_identify(Ricardo/Nicolas_Tafur/build) by extension 'ignore'
[0.197s] Level 1:colcon.colcon_core.package_identification:_identify(Ricardo/Nicolas_Tafur/build) ignored
[0.197s] Level 1:colcon.colcon_core.package_identification:_identify(Ricardo/Nicolas_Tafur/centauro) by extensions ['ignore', 'ignore_ament_install']
[0.197s] Level 1:colcon.colcon_core.package_identification:_identify(Ricardo/Nicolas_Tafur/centauro) by extension 'ignore'
[0.197s] Level 1:colcon.colcon_core.package_identification:_identify(Ricardo/Nicolas_Tafur/centauro) by extension 'ignore_ament_install'
[0.198s] Level 1:colcon.colcon_core.package_identification:_identify(Ricardo/Nicolas_Tafur/centauro) by extensions ['colcon_pkg']
[0.198s] Level 1:colcon.colcon_core.package_identification:_identify(Ricardo/Nicolas_Tafur/centauro) by extension 'colcon_pkg'
[0.198s] Level 1:colcon.colcon_core.package_identification:_identify(Ricardo/Nicolas_Tafur/centauro) by extensions ['colcon_meta']
[0.198s] Level 1:colcon.colcon_core.package_identification:_identify(Ricardo/Nicolas_Tafur/centauro) by extension 'colcon_meta'
[0.198s] Level 1:colcon.colcon_core.package_identification:_identify(Ricardo/Nicolas_Tafur/centauro) by extensions ['ros']
[0.198s] Level 1:colcon.colcon_core.package_identification:_identify(Ricardo/Nicolas_Tafur/centauro) by extension 'ros'
[0.199s] DEBUG:colcon.colcon_core.package_identification:Package 'Ricardo/Nicolas_Tafur/centauro' with type 'ros.ament_python' and name 'centauro'
[0.199s] Level 1:colcon.colcon_core.package_identification:_identify(Ricardo/Nicolas_Tafur/install) by extensions ['ignore', 'ignore_ament_install']
[0.199s] Level 1:colcon.colcon_core.package_identification:_identify(Ricardo/Nicolas_Tafur/install) by extension 'ignore'
[0.199s] Level 1:colcon.colcon_core.package_identification:_identify(Ricardo/Nicolas_Tafur/install) ignored
[0.199s] Level 1:colcon.colcon_core.package_identification:_identify(Ricardo/Nicolas_Tafur/log) by extensions ['ignore', 'ignore_ament_install']
[0.199s] Level 1:colcon.colcon_core.package_identification:_identify(Ricardo/Nicolas_Tafur/log) by extension 'ignore'
[0.199s] Level 1:colcon.colcon_core.package_identification:_identify(Ricardo/Nicolas_Tafur/log) ignored
[0.199s] Level 1:colcon.colcon_core.package_identification:_identify(Ricardo/Nicolas_Tafur/robot) by extensions ['ignore', 'ignore_ament_install']
[0.199s] Level 1:colcon.colcon_core.package_identification:_identify(Ricardo/Nicolas_Tafur/robot) by extension 'ignore'
[0.200s] Level 1:colcon.colcon_core.package_identification:_identify(Ricardo/Nicolas_Tafur/robot) by extension 'ignore_ament_install'
[0.200s] Level 1:colcon.colcon_core.package_identification:_identify(Ricardo/Nicolas_Tafur/robot) by extensions ['colcon_pkg']
[0.200s] Level 1:colcon.colcon_core.package_identification:_identify(Ricardo/Nicolas_Tafur/robot) by extension 'colcon_pkg'
[0.200s] Level 1:colcon.colcon_core.package_identification:_identify(Ricardo/Nicolas_Tafur/robot) by extensions ['colcon_meta']
[0.200s] Level 1:colcon.colcon_core.package_identification:_identify(Ricardo/Nicolas_Tafur/robot) by extension 'colcon_meta'
[0.200s] Level 1:colcon.colcon_core.package_identification:_identify(Ricardo/Nicolas_Tafur/robot) by extensions ['ros']
[0.200s] Level 1:colcon.colcon_core.package_identification:_identify(Ricardo/Nicolas_Tafur/robot) by extension 'ros'
[0.201s] DEBUG:colcon.colcon_core.package_identification:Package 'Ricardo/Nicolas_Tafur/robot' with type 'ros.ament_python' and name 'robot'
[0.201s] Level 1:colcon.colcon_core.package_identification:_identify(Ricardo/programacion_rob) by extensions ['ignore', 'ignore_ament_install']
[0.201s] Level 1:colcon.colcon_core.package_identification:_identify(Ricardo/programacion_rob) by extension 'ignore'
[0.201s] Level 1:colcon.colcon_core.package_identification:_identify(Ricardo/programacion_rob) by extension 'ignore_ament_install'
[0.201s] Level 1:colcon.colcon_core.package_identification:_identify(Ricardo/programacion_rob) by extensions ['colcon_pkg']
[0.201s] Level 1:colcon.colcon_core.package_identification:_identify(Ricardo/programacion_rob) by extension 'colcon_pkg'
[0.201s] Level 1:colcon.colcon_core.package_identification:_identify(Ricardo/programacion_rob) by extensions ['colcon_meta']
[0.201s] Level 1:colcon.colcon_core.package_identification:_identify(Ricardo/programacion_rob) by extension 'colcon_meta'
[0.202s] Level 1:colcon.colcon_core.package_identification:_identify(Ricardo/programacion_rob) by extensions ['ros']
[0.202s] Level 1:colcon.colcon_core.package_identification:_identify(Ricardo/programacion_rob) by extension 'ros'
[0.202s] DEBUG:colcon.colcon_core.package_identification:Package 'Ricardo/programacion_rob' with type 'ros.ament_python' and name 'programacion_rob'
[0.202s] Level 1:colcon.colcon_core.package_identification:_identify(backup) by extensions ['ignore', 'ignore_ament_install']
[0.202s] Level 1:colcon.colcon_core.package_identification:_identify(backup) by extension 'ignore'
[0.202s] Level 1:colcon.colcon_core.package_identification:_identify(backup) by extension 'ignore_ament_install'
[0.202s] Level 1:colcon.colcon_core.package_identification:_identify(backup) by extensions ['colcon_pkg']
[0.202s] Level 1:colcon.colcon_core.package_identification:_identify(backup) by extension 'colcon_pkg'
[0.202s] Level 1:colcon.colcon_core.package_identification:_identify(backup) by extensions ['colcon_meta']
[0.202s] Level 1:colcon.colcon_core.package_identification:_identify(backup) by extension 'colcon_meta'
[0.203s] Level 1:colcon.colcon_core.package_identification:_identify(backup) by extensions ['ros']
[0.203s] Level 1:colcon.colcon_core.package_identification:_identify(backup) by extension 'ros'
[0.203s] Level 1:colcon.colcon_core.package_identification:_identify(backup) by extensions ['cmake', 'python']
[0.203s] Level 1:colcon.colcon_core.package_identification:_identify(backup) by extension 'cmake'
[0.203s] Level 1:colcon.colcon_core.package_identification:_identify(backup) by extension 'python'
[0.203s] Level 1:colcon.colcon_core.package_identification:_identify(backup) by extensions ['python_setup_py']
[0.203s] Level 1:colcon.colcon_core.package_identification:_identify(backup) by extension 'python_setup_py'
[0.203s] Level 1:colcon.colcon_core.package_identification:_identify(backup/robot - aug 28 - 4:05) by extensions ['ignore', 'ignore_ament_install']
[0.203s] Level 1:colcon.colcon_core.package_identification:_identify(backup/robot - aug 28 - 4:05) by extension 'ignore'
[0.203s] Level 1:colcon.colcon_core.package_identification:_identify(backup/robot - aug 28 - 4:05) by extension 'ignore_ament_install'
[0.203s] Level 1:colcon.colcon_core.package_identification:_identify(backup/robot - aug 28 - 4:05) by extensions ['colcon_pkg']
[0.203s] Level 1:colcon.colcon_core.package_identification:_identify(backup/robot - aug 28 - 4:05) by extension 'colcon_pkg'
[0.203s] Level 1:colcon.colcon_core.package_identification:_identify(backup/robot - aug 28 - 4:05) by extensions ['colcon_meta']
[0.203s] Level 1:colcon.colcon_core.package_identification:_identify(backup/robot - aug 28 - 4:05) by extension 'colcon_meta'
[0.203s] Level 1:colcon.colcon_core.package_identification:_identify(backup/robot - aug 28 - 4:05) by extensions ['ros']
[0.203s] Level 1:colcon.colcon_core.package_identification:_identify(backup/robot - aug 28 - 4:05) by extension 'ros'
[0.204s] DEBUG:colcon.colcon_core.package_identification:Package 'backup/robot - aug 28 - 4:05' with type 'ros.ament_python' and name 'robot'
[0.204s] Level 1:colcon.colcon_core.package_identification:_identify(backup/robot - buen urdf - mov smooth - funcionalidades bien adaptadas - Aug 30 7:28pm) by extensions ['ignore', 'ignore_ament_install']
[0.204s] Level 1:colcon.colcon_core.package_identification:_identify(backup/robot - buen urdf - mov smooth - funcionalidades bien adaptadas - Aug 30 7:28pm) by extension 'ignore'
[0.204s] Level 1:colcon.colcon_core.package_identification:_identify(backup/robot - buen urdf - mov smooth - funcionalidades bien adaptadas - Aug 30 7:28pm) by extension 'ignore_ament_install'
[0.204s] Level 1:colcon.colcon_core.package_identification:_identify(backup/robot - buen urdf - mov smooth - funcionalidades bien adaptadas - Aug 30 7:28pm) by extensions ['colcon_pkg']
[0.205s] Level 1:colcon.colcon_core.package_identification:_identify(backup/robot - buen urdf - mov smooth - funcionalidades bien adaptadas - Aug 30 7:28pm) by extension 'colcon_pkg'
[0.205s] Level 1:colcon.colcon_core.package_identification:_identify(backup/robot - buen urdf - mov smooth - funcionalidades bien adaptadas - Aug 30 7:28pm) by extensions ['colcon_meta']
[0.205s] Level 1:colcon.colcon_core.package_identification:_identify(backup/robot - buen urdf - mov smooth - funcionalidades bien adaptadas - Aug 30 7:28pm) by extension 'colcon_meta'
[0.205s] Level 1:colcon.colcon_core.package_identification:_identify(backup/robot - buen urdf - mov smooth - funcionalidades bien adaptadas - Aug 30 7:28pm) by extensions ['ros']
[0.205s] Level 1:colcon.colcon_core.package_identification:_identify(backup/robot - buen urdf - mov smooth - funcionalidades bien adaptadas - Aug 30 7:28pm) by extension 'ros'
[0.205s] DEBUG:colcon.colcon_core.package_identification:Package 'backup/robot - buen urdf - mov smooth - funcionalidades bien adaptadas - Aug 30 7:28pm' with type 'ros.ament_python' and name 'robot'
[0.206s] Level 1:colcon.colcon_core.package_identification:_identify(backup/robot - gripper - conjointracker) by extensions ['ignore', 'ignore_ament_install']
[0.206s] Level 1:colcon.colcon_core.package_identification:_identify(backup/robot - gripper - conjointracker) by extension 'ignore'
[0.206s] Level 1:colcon.colcon_core.package_identification:_identify(backup/robot - gripper - conjointracker) by extension 'ignore_ament_install'
[0.206s] Level 1:colcon.colcon_core.package_identification:_identify(backup/robot - gripper - conjointracker) by extensions ['colcon_pkg']
[0.206s] Level 1:colcon.colcon_core.package_identification:_identify(backup/robot - gripper - conjointracker) by extension 'colcon_pkg'
[0.206s] Level 1:colcon.colcon_core.package_identification:_identify(backup/robot - gripper - conjointracker) by extensions ['colcon_meta']
[0.206s] Level 1:colcon.colcon_core.package_identification:_identify(backup/robot - gripper - conjointracker) by extension 'colcon_meta'
[0.206s] Level 1:colcon.colcon_core.package_identification:_identify(backup/robot - gripper - conjointracker) by extensions ['ros']
[0.206s] Level 1:colcon.colcon_core.package_identification:_identify(backup/robot - gripper - conjointracker) by extension 'ros'
[0.207s] DEBUG:colcon.colcon_core.package_identification:Package 'backup/robot - gripper - conjointracker' with type 'ros.ament_python' and name 'robot'
[0.207s] Level 1:colcon.colcon_core.package_identification:_identify(backup/robot - urdf bonito - movimiento instantaneo) by extensions ['ignore', 'ignore_ament_install']
[0.207s] Level 1:colcon.colcon_core.package_identification:_identify(backup/robot - urdf bonito - movimiento instantaneo) by extension 'ignore'
[0.207s] Level 1:colcon.colcon_core.package_identification:_identify(backup/robot - urdf bonito - movimiento instantaneo) by extension 'ignore_ament_install'
[0.207s] Level 1:colcon.colcon_core.package_identification:_identify(backup/robot - urdf bonito - movimiento instantaneo) by extensions ['colcon_pkg']
[0.207s] Level 1:colcon.colcon_core.package_identification:_identify(backup/robot - urdf bonito - movimiento instantaneo) by extension 'colcon_pkg'
[0.207s] Level 1:colcon.colcon_core.package_identification:_identify(backup/robot - urdf bonito - movimiento instantaneo) by extensions ['colcon_meta']
[0.207s] Level 1:colcon.colcon_core.package_identification:_identify(backup/robot - urdf bonito - movimiento instantaneo) by extension 'colcon_meta'
[0.207s] Level 1:colcon.colcon_core.package_identification:_identify(backup/robot - urdf bonito - movimiento instantaneo) by extensions ['ros']
[0.207s] Level 1:colcon.colcon_core.package_identification:_identify(backup/robot - urdf bonito - movimiento instantaneo) by extension 'ros'
[0.207s] DEBUG:colcon.colcon_core.package_identification:Package 'backup/robot - urdf bonito - movimiento instantaneo' with type 'ros.ament_python' and name 'robot'
[0.207s] Level 1:colcon.colcon_core.package_identification:_identify(backup/robot funciona maso super bien) by extensions ['ignore', 'ignore_ament_install']
[0.207s] Level 1:colcon.colcon_core.package_identification:_identify(backup/robot funciona maso super bien) by extension 'ignore'
[0.207s] Level 1:colcon.colcon_core.package_identification:_identify(backup/robot funciona maso super bien) by extension 'ignore_ament_install'
[0.207s] Level 1:colcon.colcon_core.package_identification:_identify(backup/robot funciona maso super bien) by extensions ['colcon_pkg']
[0.207s] Level 1:colcon.colcon_core.package_identification:_identify(backup/robot funciona maso super bien) by extension 'colcon_pkg'
[0.207s] Level 1:colcon.colcon_core.package_identification:_identify(backup/robot funciona maso super bien) by extensions ['colcon_meta']
[0.207s] Level 1:colcon.colcon_core.package_identification:_identify(backup/robot funciona maso super bien) by extension 'colcon_meta'
[0.208s] Level 1:colcon.colcon_core.package_identification:_identify(backup/robot funciona maso super bien) by extensions ['ros']
[0.208s] Level 1:colcon.colcon_core.package_identification:_identify(backup/robot funciona maso super bien) by extension 'ros'
[0.208s] DEBUG:colcon.colcon_core.package_identification:Package 'backup/robot funciona maso super bien' with type 'ros.ament_python' and name 'robot'
[0.208s] Level 1:colcon.colcon_core.package_identification:_identify(backup/robot-gripper-sinjointrajectory) by extensions ['ignore', 'ignore_ament_install']
[0.208s] Level 1:colcon.colcon_core.package_identification:_identify(backup/robot-gripper-sinjointrajectory) by extension 'ignore'
[0.208s] Level 1:colcon.colcon_core.package_identification:_identify(backup/robot-gripper-sinjointrajectory) by extension 'ignore_ament_install'
[0.208s] Level 1:colcon.colcon_core.package_identification:_identify(backup/robot-gripper-sinjointrajectory) by extensions ['colcon_pkg']
[0.208s] Level 1:colcon.colcon_core.package_identification:_identify(backup/robot-gripper-sinjointrajectory) by extension 'colcon_pkg'
[0.208s] Level 1:colcon.colcon_core.package_identification:_identify(backup/robot-gripper-sinjointrajectory) by extensions ['colcon_meta']
[0.208s] Level 1:colcon.colcon_core.package_identification:_identify(backup/robot-gripper-sinjointrajectory) by extension 'colcon_meta'
[0.208s] Level 1:colcon.colcon_core.package_identification:_identify(backup/robot-gripper-sinjointrajectory) by extensions ['ros']
[0.208s] Level 1:colcon.colcon_core.package_identification:_identify(backup/robot-gripper-sinjointrajectory) by extension 'ros'
[0.209s] DEBUG:colcon.colcon_core.package_identification:Package 'backup/robot-gripper-sinjointrajectory' with type 'ros.ament_python' and name 'robot'
[0.209s] Level 1:colcon.colcon_core.package_identification:_identify(backup/robot1) by extensions ['ignore', 'ignore_ament_install']
[0.209s] Level 1:colcon.colcon_core.package_identification:_identify(backup/robot1) by extension 'ignore'
[0.209s] Level 1:colcon.colcon_core.package_identification:_identify(backup/robot1) by extension 'ignore_ament_install'
[0.209s] Level 1:colcon.colcon_core.package_identification:_identify(backup/robot1) by extensions ['colcon_pkg']
[0.209s] Level 1:colcon.colcon_core.package_identification:_identify(backup/robot1) by extension 'colcon_pkg'
[0.209s] Level 1:colcon.colcon_core.package_identification:_identify(backup/robot1) by extensions ['colcon_meta']
[0.209s] Level 1:colcon.colcon_core.package_identification:_identify(backup/robot1) by extension 'colcon_meta'
[0.209s] Level 1:colcon.colcon_core.package_identification:_identify(backup/robot1) by extensions ['ros']
[0.209s] Level 1:colcon.colcon_core.package_identification:_identify(backup/robot1) by extension 'ros'
[0.210s] DEBUG:colcon.colcon_core.package_identification:Package 'backup/robot1' with type 'ros.ament_python' and name 'robot'
[0.210s] Level 1:colcon.colcon_core.package_identification:_identify(backup/robot2) by extensions ['ignore', 'ignore_ament_install']
[0.210s] Level 1:colcon.colcon_core.package_identification:_identify(backup/robot2) by extension 'ignore'
[0.210s] Level 1:colcon.colcon_core.package_identification:_identify(backup/robot2) by extension 'ignore_ament_install'
[0.210s] Level 1:colcon.colcon_core.package_identification:_identify(backup/robot2) by extensions ['colcon_pkg']
[0.210s] Level 1:colcon.colcon_core.package_identification:_identify(backup/robot2) by extension 'colcon_pkg'
[0.210s] Level 1:colcon.colcon_core.package_identification:_identify(backup/robot2) by extensions ['colcon_meta']
[0.210s] Level 1:colcon.colcon_core.package_identification:_identify(backup/robot2) by extension 'colcon_meta'
[0.210s] Level 1:colcon.colcon_core.package_identification:_identify(backup/robot2) by extensions ['ros']
[0.210s] Level 1:colcon.colcon_core.package_identification:_identify(backup/robot2) by extension 'ros'
[0.210s] DEBUG:colcon.colcon_core.package_identification:Package 'backup/robot2' with type 'ros.ament_python' and name 'robot'
[0.211s] Level 1:colcon.colcon_core.package_identification:_identify(backup/robot3) by extensions ['ignore', 'ignore_ament_install']
[0.211s] Level 1:colcon.colcon_core.package_identification:_identify(backup/robot3) by extension 'ignore'
[0.211s] Level 1:colcon.colcon_core.package_identification:_identify(backup/robot3) by extension 'ignore_ament_install'
[0.211s] Level 1:colcon.colcon_core.package_identification:_identify(backup/robot3) by extensions ['colcon_pkg']
[0.211s] Level 1:colcon.colcon_core.package_identification:_identify(backup/robot3) by extension 'colcon_pkg'
[0.211s] Level 1:colcon.colcon_core.package_identification:_identify(backup/robot3) by extensions ['colcon_meta']
[0.211s] Level 1:colcon.colcon_core.package_identification:_identify(backup/robot3) by extension 'colcon_meta'
[0.211s] Level 1:colcon.colcon_core.package_identification:_identify(backup/robot3) by extensions ['ros']
[0.211s] Level 1:colcon.colcon_core.package_identification:_identify(backup/robot3) by extension 'ros'
[0.211s] DEBUG:colcon.colcon_core.package_identification:Package 'backup/robot3' with type 'ros.ament_python' and name 'robot'
[0.211s] Level 1:colcon.colcon_core.package_identification:_identify(build) by extensions ['ignore', 'ignore_ament_install']
[0.211s] Level 1:colcon.colcon_core.package_identification:_identify(build) by extension 'ignore'
[0.211s] Level 1:colcon.colcon_core.package_identification:_identify(build) ignored
[0.211s] Level 1:colcon.colcon_core.package_identification:_identify(install) by extensions ['ignore', 'ignore_ament_install']
[0.211s] Level 1:colcon.colcon_core.package_identification:_identify(install) by extension 'ignore'
[0.211s] Level 1:colcon.colcon_core.package_identification:_identify(install) ignored
[0.212s] Level 1:colcon.colcon_core.package_identification:_identify(log) by extensions ['ignore', 'ignore_ament_install']
[0.212s] Level 1:colcon.colcon_core.package_identification:_identify(log) by extension 'ignore'
[0.212s] Level 1:colcon.colcon_core.package_identification:_identify(log) ignored
[0.212s] Level 1:colcon.colcon_core.package_discovery:discover_packages(recursive) using defaults
[0.212s] Level 1:colcon.colcon_core.package_discovery:discover_packages(ignore) discover
[0.212s] Level 1:colcon.colcon_core.package_discovery:discover_packages(ignore) using defaults
[0.212s] Level 1:colcon.colcon_core.package_discovery:discover_packages(path) discover
[0.212s] Level 1:colcon.colcon_core.package_discovery:discover_packages(path) using defaults
[0.247s] Level 1:colcon.colcon_core.package_discovery:discover_packages(prefix_path) check parameters
[0.247s] Level 1:colcon.colcon_core.package_discovery:discover_packages(prefix_path) discover
[0.248s] DEBUG:colcon.colcon_installed_package_information.package_discovery:Found 3 installed packages in /home/tombe/Robotica/Robotica-UAO-2025-3/Nicolas_Tafur/install
[0.248s] DEBUG:colcon.colcon_installed_package_information.package_discovery:Found 7 installed packages in /home/tombe/ros2_ws/install
[0.249s] DEBUG:colcon.colcon_installed_package_information.package_discovery:Found 314 installed packages in /opt/ros/humble
[0.250s] Level 1:colcon.colcon_core.package_discovery:discover_packages(prefix_path) using defaults
[0.270s] ERROR:colcon:colcon build: Duplicate package names not supported:
- centauro:
  - Nicolas_Tafur/centauro
  - Ricardo/Nicolas_Tafur/centauro
- robot:
  - Nicolas_Tafur/robot
  - Ricardo/Nicolas_Tafur/robot
  - backup/robot - aug 28 - 4:05
  - backup/robot - buen urdf - mov smooth - funcionalidades bien adaptadas - Aug 30 7:28pm
  - backup/robot - gripper - conjointracker
  - backup/robot - urdf bonito - movimiento instantaneo
  - backup/robot funciona maso super bien
  - backup/robot-gripper-sinjointrajectory
  - backup/robot1
  - backup/robot2
  - backup/robot3
