running egg_info
writing ../build/mi_br/mi_br.egg-info/PKG-INFO
writing dependency_links to ../build/mi_br/mi_br.egg-info/dependency_links.txt
writing entry points to ../build/mi_br/mi_br.egg-info/entry_points.txt
writing requirements to ../build/mi_br/mi_br.egg-info/requires.txt
writing top-level names to ../build/mi_br/mi_br.egg-info/top_level.txt
reading manifest file '../build/mi_br/mi_br.egg-info/SOURCES.txt'
writing manifest file '../build/mi_br/mi_br.egg-info/SOURCES.txt'
running build
running build_py
running install
running install_lib
running install_data
copying launch/gazebo.launch.py -> /home/felipe/robótica/Robotica-UAO-2025-3/Nicolas_Tafur/install/mi_br/share/mi_br/launch
copying launch/control.launch.py -> /home/felipe/robótica/Robotica-UAO-2025-3/Nicolas_Tafur/install/mi_br/share/mi_br/launch
copying launch/centauro_urdf.launch.py -> /home/felipe/robótica/Robotica-UAO-2025-3/Nicolas_Tafur/install/mi_br/share/mi_br/launch
copying launch/simulacion.launch.py -> /home/felipe/robótica/Robotica-UAO-2025-3/Nicolas_Tafur/install/mi_br/share/mi_br/launch
copying urdf/simple_arm.urdf -> /home/felipe/robótica/Robotica-UAO-2025-3/Nicolas_Tafur/install/mi_br/share/mi_br/urdf
copying urdf/URDF_LINKS.urdf -> /home/felipe/robótica/Robotica-UAO-2025-3/Nicolas_Tafur/install/mi_br/share/mi_br/urdf
copying urdf/simple_arm_description.urdf -> /home/felipe/robótica/Robotica-UAO-2025-3/Nicolas_Tafur/install/mi_br/share/mi_br/urdf
copying urdf/mi_br_2.urdf -> /home/felipe/robótica/Robotica-UAO-2025-3/Nicolas_Tafur/install/mi_br/share/mi_br/urdf
copying urdf/mi_br.urdf -> /home/felipe/robótica/Robotica-UAO-2025-3/Nicolas_Tafur/install/mi_br/share/mi_br/urdf
creating /home/felipe/robótica/Robotica-UAO-2025-3/Nicolas_Tafur/install/mi_br/share/mi_br/config
copying config/ros2_control.yaml -> /home/felipe/robótica/Robotica-UAO-2025-3/Nicolas_Tafur/install/mi_br/share/mi_br/config
copying config/joint_names_URDF_LINKS.yaml -> /home/felipe/robótica/Robotica-UAO-2025-3/Nicolas_Tafur/install/mi_br/share/mi_br/config
copying config/mi_br_controllers.yaml -> /home/felipe/robótica/Robotica-UAO-2025-3/Nicolas_Tafur/install/mi_br/share/mi_br/config
creating /home/felipe/robótica/Robotica-UAO-2025-3/Nicolas_Tafur/install/mi_br/share/mi_br/meshes
copying meshes/link_3.STL -> /home/felipe/robótica/Robotica-UAO-2025-3/Nicolas_Tafur/install/mi_br/share/mi_br/meshes
copying meshes/link_6.STL -> /home/felipe/robótica/Robotica-UAO-2025-3/Nicolas_Tafur/install/mi_br/share/mi_br/meshes
copying meshes/link_2.STL -> /home/felipe/robótica/Robotica-UAO-2025-3/Nicolas_Tafur/install/mi_br/share/mi_br/meshes
copying meshes/link_1.STL -> /home/felipe/robótica/Robotica-UAO-2025-3/Nicolas_Tafur/install/mi_br/share/mi_br/meshes
copying meshes/link_7.STL -> /home/felipe/robótica/Robotica-UAO-2025-3/Nicolas_Tafur/install/mi_br/share/mi_br/meshes
copying meshes/base_link.STL -> /home/felipe/robótica/Robotica-UAO-2025-3/Nicolas_Tafur/install/mi_br/share/mi_br/meshes
copying meshes/link_5.STL -> /home/felipe/robótica/Robotica-UAO-2025-3/Nicolas_Tafur/install/mi_br/share/mi_br/meshes
running install_egg_info
removing '/home/felipe/robótica/Robotica-UAO-2025-3/Nicolas_Tafur/install/mi_br/lib/python3.10/site-packages/mi_br-0.0.1-py3.10.egg-info' (and everything under it)
Copying ../build/mi_br/mi_br.egg-info to /home/felipe/robótica/Robotica-UAO-2025-3/Nicolas_Tafur/install/mi_br/lib/python3.10/site-packages/mi_br-0.0.1-py3.10.egg-info
running install_scripts
Installing ArmTeleop script to /home/felipe/robótica/Robotica-UAO-2025-3/Nicolas_Tafur/install/mi_br/lib/mi_br
Installing fk_marker script to /home/felipe/robótica/Robotica-UAO-2025-3/Nicolas_Tafur/install/mi_br/lib/mi_br
Installing joint_commander_deg script to /home/felipe/robótica/Robotica-UAO-2025-3/Nicolas_Tafur/install/mi_br/lib/mi_br
Installing joint_state_publisher script to /home/felipe/robótica/Robotica-UAO-2025-3/Nicolas_Tafur/install/mi_br/lib/mi_br
Installing mlol script to /home/felipe/robótica/Robotica-UAO-2025-3/Nicolas_Tafur/install/mi_br/lib/mi_br
Installing mover_robot script to /home/felipe/robótica/Robotica-UAO-2025-3/Nicolas_Tafur/install/mi_br/lib/mi_br
Installing pinterfaz script to /home/felipe/robótica/Robotica-UAO-2025-3/Nicolas_Tafur/install/mi_br/lib/mi_br
Installing serial_node script to /home/felipe/robótica/Robotica-UAO-2025-3/Nicolas_Tafur/install/mi_br/lib/mi_br
Installing spawn_urdf script to /home/felipe/robótica/Robotica-UAO-2025-3/Nicolas_Tafur/install/mi_br/lib/mi_br
Installing test_arm_movement script to /home/felipe/robótica/Robotica-UAO-2025-3/Nicolas_Tafur/install/mi_br/lib/mi_br
writing list of installed files to '/home/felipe/robótica/Robotica-UAO-2025-3/Nicolas_Tafur/build/mi_br/install.log'
