running egg_info
creating build/robot/robot.egg-info
writing build/robot/robot.egg-info/PKG-INFO
writing dependency_links to build/robot/robot.egg-info/dependency_links.txt
writing entry points to build/robot/robot.egg-info/entry_points.txt
writing requirements to build/robot/robot.egg-info/requires.txt
writing top-level names to build/robot/robot.egg-info/top_level.txt
writing manifest file 'build/robot/robot.egg-info/SOURCES.txt'
reading manifest file 'build/robot/robot.egg-info/SOURCES.txt'
writing manifest file 'build/robot/robot.egg-info/SOURCES.txt'
running build
running build_py
creating /home/richilzz/ros2_ws/src/git/Robotica-UAO-2025-3/Nicolas_Tafur/robot/build/robot/build
creating /home/richilzz/ros2_ws/src/git/Robotica-UAO-2025-3/Nicolas_Tafur/robot/build/robot/build/lib
creating /home/richilzz/ros2_ws/src/git/Robotica-UAO-2025-3/Nicolas_Tafur/robot/build/robot/build/lib/robot
copying robot/fk_marker.py -> /home/richilzz/ros2_ws/src/git/Robotica-UAO-2025-3/Nicolas_Tafur/robot/build/robot/build/lib/robot
copying robot/joint_state_publisher.py -> /home/richilzz/ros2_ws/src/git/Robotica-UAO-2025-3/Nicolas_Tafur/robot/build/robot/build/lib/robot
copying robot/joint_trajectory_smoother.py -> /home/richilzz/ros2_ws/src/git/Robotica-UAO-2025-3/Nicolas_Tafur/robot/build/robot/build/lib/robot
copying robot/fk_3dof_zyy.py -> /home/richilzz/ros2_ws/src/git/Robotica-UAO-2025-3/Nicolas_Tafur/robot/build/robot/build/lib/robot
copying robot/pinterfaz.py -> /home/richilzz/ros2_ws/src/git/Robotica-UAO-2025-3/Nicolas_Tafur/robot/build/robot/build/lib/robot
copying robot/serial_node.py -> /home/richilzz/ros2_ws/src/git/Robotica-UAO-2025-3/Nicolas_Tafur/robot/build/robot/build/lib/robot
copying robot/joint_commander_deg.py -> /home/richilzz/ros2_ws/src/git/Robotica-UAO-2025-3/Nicolas_Tafur/robot/build/robot/build/lib/robot
copying robot/ArmTeleop.py -> /home/richilzz/ros2_ws/src/git/Robotica-UAO-2025-3/Nicolas_Tafur/robot/build/robot/build/lib/robot
copying robot/__init__.py -> /home/richilzz/ros2_ws/src/git/Robotica-UAO-2025-3/Nicolas_Tafur/robot/build/robot/build/lib/robot
copying robot/joint_states_to_trajectory.py -> /home/richilzz/ros2_ws/src/git/Robotica-UAO-2025-3/Nicolas_Tafur/robot/build/robot/build/lib/robot
running install
running install_lib
creating /home/richilzz/ros2_ws/src/git/Robotica-UAO-2025-3/Nicolas_Tafur/robot/install/robot/lib/python3.10/site-packages/robot
copying /home/richilzz/ros2_ws/src/git/Robotica-UAO-2025-3/Nicolas_Tafur/robot/build/robot/build/lib/robot/fk_marker.py -> /home/richilzz/ros2_ws/src/git/Robotica-UAO-2025-3/Nicolas_Tafur/robot/install/robot/lib/python3.10/site-packages/robot
copying /home/richilzz/ros2_ws/src/git/Robotica-UAO-2025-3/Nicolas_Tafur/robot/build/robot/build/lib/robot/joint_state_publisher.py -> /home/richilzz/ros2_ws/src/git/Robotica-UAO-2025-3/Nicolas_Tafur/robot/install/robot/lib/python3.10/site-packages/robot
copying /home/richilzz/ros2_ws/src/git/Robotica-UAO-2025-3/Nicolas_Tafur/robot/build/robot/build/lib/robot/joint_trajectory_smoother.py -> /home/richilzz/ros2_ws/src/git/Robotica-UAO-2025-3/Nicolas_Tafur/robot/install/robot/lib/python3.10/site-packages/robot
copying /home/richilzz/ros2_ws/src/git/Robotica-UAO-2025-3/Nicolas_Tafur/robot/build/robot/build/lib/robot/fk_3dof_zyy.py -> /home/richilzz/ros2_ws/src/git/Robotica-UAO-2025-3/Nicolas_Tafur/robot/install/robot/lib/python3.10/site-packages/robot
copying /home/richilzz/ros2_ws/src/git/Robotica-UAO-2025-3/Nicolas_Tafur/robot/build/robot/build/lib/robot/pinterfaz.py -> /home/richilzz/ros2_ws/src/git/Robotica-UAO-2025-3/Nicolas_Tafur/robot/install/robot/lib/python3.10/site-packages/robot
copying /home/richilzz/ros2_ws/src/git/Robotica-UAO-2025-3/Nicolas_Tafur/robot/build/robot/build/lib/robot/serial_node.py -> /home/richilzz/ros2_ws/src/git/Robotica-UAO-2025-3/Nicolas_Tafur/robot/install/robot/lib/python3.10/site-packages/robot
copying /home/richilzz/ros2_ws/src/git/Robotica-UAO-2025-3/Nicolas_Tafur/robot/build/robot/build/lib/robot/joint_commander_deg.py -> /home/richilzz/ros2_ws/src/git/Robotica-UAO-2025-3/Nicolas_Tafur/robot/install/robot/lib/python3.10/site-packages/robot
copying /home/richilzz/ros2_ws/src/git/Robotica-UAO-2025-3/Nicolas_Tafur/robot/build/robot/build/lib/robot/ArmTeleop.py -> /home/richilzz/ros2_ws/src/git/Robotica-UAO-2025-3/Nicolas_Tafur/robot/install/robot/lib/python3.10/site-packages/robot
copying /home/richilzz/ros2_ws/src/git/Robotica-UAO-2025-3/Nicolas_Tafur/robot/build/robot/build/lib/robot/__init__.py -> /home/richilzz/ros2_ws/src/git/Robotica-UAO-2025-3/Nicolas_Tafur/robot/install/robot/lib/python3.10/site-packages/robot
copying /home/richilzz/ros2_ws/src/git/Robotica-UAO-2025-3/Nicolas_Tafur/robot/build/robot/build/lib/robot/joint_states_to_trajectory.py -> /home/richilzz/ros2_ws/src/git/Robotica-UAO-2025-3/Nicolas_Tafur/robot/install/robot/lib/python3.10/site-packages/robot
byte-compiling /home/richilzz/ros2_ws/src/git/Robotica-UAO-2025-3/Nicolas_Tafur/robot/install/robot/lib/python3.10/site-packages/robot/fk_marker.py to fk_marker.cpython-310.pyc
byte-compiling /home/richilzz/ros2_ws/src/git/Robotica-UAO-2025-3/Nicolas_Tafur/robot/install/robot/lib/python3.10/site-packages/robot/joint_state_publisher.py to joint_state_publisher.cpython-310.pyc
byte-compiling /home/richilzz/ros2_ws/src/git/Robotica-UAO-2025-3/Nicolas_Tafur/robot/install/robot/lib/python3.10/site-packages/robot/joint_trajectory_smoother.py to joint_trajectory_smoother.cpython-310.pyc
byte-compiling /home/richilzz/ros2_ws/src/git/Robotica-UAO-2025-3/Nicolas_Tafur/robot/install/robot/lib/python3.10/site-packages/robot/fk_3dof_zyy.py to fk_3dof_zyy.cpython-310.pyc
byte-compiling /home/richilzz/ros2_ws/src/git/Robotica-UAO-2025-3/Nicolas_Tafur/robot/install/robot/lib/python3.10/site-packages/robot/pinterfaz.py to pinterfaz.cpython-310.pyc
byte-compiling /home/richilzz/ros2_ws/src/git/Robotica-UAO-2025-3/Nicolas_Tafur/robot/install/robot/lib/python3.10/site-packages/robot/serial_node.py to serial_node.cpython-310.pyc
byte-compiling /home/richilzz/ros2_ws/src/git/Robotica-UAO-2025-3/Nicolas_Tafur/robot/install/robot/lib/python3.10/site-packages/robot/joint_commander_deg.py to joint_commander_deg.cpython-310.pyc
byte-compiling /home/richilzz/ros2_ws/src/git/Robotica-UAO-2025-3/Nicolas_Tafur/robot/install/robot/lib/python3.10/site-packages/robot/ArmTeleop.py to ArmTeleop.cpython-310.pyc
byte-compiling /home/richilzz/ros2_ws/src/git/Robotica-UAO-2025-3/Nicolas_Tafur/robot/install/robot/lib/python3.10/site-packages/robot/__init__.py to __init__.cpython-310.pyc
byte-compiling /home/richilzz/ros2_ws/src/git/Robotica-UAO-2025-3/Nicolas_Tafur/robot/install/robot/lib/python3.10/site-packages/robot/joint_states_to_trajectory.py to joint_states_to_trajectory.cpython-310.pyc
running install_data
creating /home/richilzz/ros2_ws/src/git/Robotica-UAO-2025-3/Nicolas_Tafur/robot/install/robot/share/ament_index
creating /home/richilzz/ros2_ws/src/git/Robotica-UAO-2025-3/Nicolas_Tafur/robot/install/robot/share/ament_index/resource_index
creating /home/richilzz/ros2_ws/src/git/Robotica-UAO-2025-3/Nicolas_Tafur/robot/install/robot/share/ament_index/resource_index/packages
copying resource/robot -> /home/richilzz/ros2_ws/src/git/Robotica-UAO-2025-3/Nicolas_Tafur/robot/install/robot/share/ament_index/resource_index/packages
copying package.xml -> /home/richilzz/ros2_ws/src/git/Robotica-UAO-2025-3/Nicolas_Tafur/robot/install/robot/share/robot
creating /home/richilzz/ros2_ws/src/git/Robotica-UAO-2025-3/Nicolas_Tafur/robot/install/robot/share/robot/launch
copying launch/display.launch.py -> /home/richilzz/ros2_ws/src/git/Robotica-UAO-2025-3/Nicolas_Tafur/robot/install/robot/share/robot/launch
copying launch/centauro.launch.py -> /home/richilzz/ros2_ws/src/git/Robotica-UAO-2025-3/Nicolas_Tafur/robot/install/robot/share/robot/launch
creating /home/richilzz/ros2_ws/src/git/Robotica-UAO-2025-3/Nicolas_Tafur/robot/install/robot/share/robot/urdf
copying urdf/URDF_LINKS.urdf -> /home/richilzz/ros2_ws/src/git/Robotica-UAO-2025-3/Nicolas_Tafur/robot/install/robot/share/robot/urdf
copying urdf/mi_br.urdf -> /home/richilzz/ros2_ws/src/git/Robotica-UAO-2025-3/Nicolas_Tafur/robot/install/robot/share/robot/urdf
copying urdf/robot.xacro -> /home/richilzz/ros2_ws/src/git/Robotica-UAO-2025-3/Nicolas_Tafur/robot/install/robot/share/robot/urdf
creating /home/richilzz/ros2_ws/src/git/Robotica-UAO-2025-3/Nicolas_Tafur/robot/install/robot/share/robot/meshes
copying meshes/link_7.STL -> /home/richilzz/ros2_ws/src/git/Robotica-UAO-2025-3/Nicolas_Tafur/robot/install/robot/share/robot/meshes
copying meshes/link_3.STL -> /home/richilzz/ros2_ws/src/git/Robotica-UAO-2025-3/Nicolas_Tafur/robot/install/robot/share/robot/meshes
copying meshes/link_5.STL -> /home/richilzz/ros2_ws/src/git/Robotica-UAO-2025-3/Nicolas_Tafur/robot/install/robot/share/robot/meshes
copying meshes/link_2.STL -> /home/richilzz/ros2_ws/src/git/Robotica-UAO-2025-3/Nicolas_Tafur/robot/install/robot/share/robot/meshes
copying meshes/base_link.STL -> /home/richilzz/ros2_ws/src/git/Robotica-UAO-2025-3/Nicolas_Tafur/robot/install/robot/share/robot/meshes
copying meshes/link_6.STL -> /home/richilzz/ros2_ws/src/git/Robotica-UAO-2025-3/Nicolas_Tafur/robot/install/robot/share/robot/meshes
copying meshes/link_1.STL -> /home/richilzz/ros2_ws/src/git/Robotica-UAO-2025-3/Nicolas_Tafur/robot/install/robot/share/robot/meshes
creating /home/richilzz/ros2_ws/src/git/Robotica-UAO-2025-3/Nicolas_Tafur/robot/install/robot/share/robot/config
copying config/joint_trajectory_controller.yaml -> /home/richilzz/ros2_ws/src/git/Robotica-UAO-2025-3/Nicolas_Tafur/robot/install/robot/share/robot/config
creating /home/richilzz/ros2_ws/src/git/Robotica-UAO-2025-3/Nicolas_Tafur/robot/install/robot/share/robot/rviz
running install_egg_info
Copying build/robot/robot.egg-info to /home/richilzz/ros2_ws/src/git/Robotica-UAO-2025-3/Nicolas_Tafur/robot/install/robot/lib/python3.10/site-packages/robot-0.0.0-py3.10.egg-info
running install_scripts
Installing fk_marker script to /home/richilzz/ros2_ws/src/git/Robotica-UAO-2025-3/Nicolas_Tafur/robot/install/robot/lib/robot
Installing joint_commander_deg script to /home/richilzz/ros2_ws/src/git/Robotica-UAO-2025-3/Nicolas_Tafur/robot/install/robot/lib/robot
Installing joint_trajectory_smoother script to /home/richilzz/ros2_ws/src/git/Robotica-UAO-2025-3/Nicolas_Tafur/robot/install/robot/lib/robot
Installing pinterfaz script to /home/richilzz/ros2_ws/src/git/Robotica-UAO-2025-3/Nicolas_Tafur/robot/install/robot/lib/robot
Installing serial_node script to /home/richilzz/ros2_ws/src/git/Robotica-UAO-2025-3/Nicolas_Tafur/robot/install/robot/lib/robot
writing list of installed files to '/home/richilzz/ros2_ws/src/git/Robotica-UAO-2025-3/Nicolas_Tafur/robot/build/robot/install.log'
