[0.919s] Invoking command in '/home/richilzz/ros2_ws/src/git/Robotica-UAO-2025-3/Nicolas_Tafur/robot': PYTHONPATH=/home/richilzz/ros2_ws/src/git/Robotica-UAO-2025-3/Nicolas_Tafur/build/robot/prefix_override:/usr/lib/python3/dist-packages/colcon_core/task/python/colcon_distutils_commands:/home/richilzz/ros2_ws/src/git/Robotica-UAO-2025-3/Nicolas_Tafur/install/robot/lib/python3.10/site-packages:${PYTHONPATH} /usr/bin/python3 -W ignore:setup.py install is deprecated -W ignore:easy_install command is deprecated setup.py egg_info --egg-base ../build/robot build --build-base /home/richilzz/ros2_ws/src/git/Robotica-UAO-2025-3/Nicolas_Tafur/build/robot/build install --record /home/richilzz/ros2_ws/src/git/Robotica-UAO-2025-3/Nicolas_Tafur/build/robot/install.log --single-version-externally-managed install_data
[1.243s] running egg_info
[1.244s] writing ../build/robot/robot.egg-info/PKG-INFO
[1.244s] writing dependency_links to ../build/robot/robot.egg-info/dependency_links.txt
[1.244s] writing entry points to ../build/robot/robot.egg-info/entry_points.txt
[1.245s] writing requirements to ../build/robot/robot.egg-info/requires.txt
[1.245s] writing top-level names to ../build/robot/robot.egg-info/top_level.txt
[1.250s] reading manifest file '../build/robot/robot.egg-info/SOURCES.txt'
[1.252s] writing manifest file '../build/robot/robot.egg-info/SOURCES.txt'
[1.252s] running build
[1.252s] running build_py
[1.253s] running install
[1.253s] running install_lib
[1.255s] running install_data
[1.256s] running install_egg_info
[1.259s] removing '/home/richilzz/ros2_ws/src/git/Robotica-UAO-2025-3/Nicolas_Tafur/install/robot/lib/python3.10/site-packages/robot-0.0.1-py3.10.egg-info' (and everything under it)
[1.259s] Copying ../build/robot/robot.egg-info to /home/richilzz/ros2_ws/src/git/Robotica-UAO-2025-3/Nicolas_Tafur/install/robot/lib/python3.10/site-packages/robot-0.0.1-py3.10.egg-info
[1.260s] running install_scripts
[1.289s] Installing fk_marker script to /home/richilzz/ros2_ws/src/git/Robotica-UAO-2025-3/Nicolas_Tafur/install/robot/lib/robot
[1.289s] Installing joint_commander_deg script to /home/richilzz/ros2_ws/src/git/Robotica-UAO-2025-3/Nicolas_Tafur/install/robot/lib/robot
[1.290s] Installing joint_trajectory_smoother script to /home/richilzz/ros2_ws/src/git/Robotica-UAO-2025-3/Nicolas_Tafur/install/robot/lib/robot
[1.290s] Installing pinterfaz script to /home/richilzz/ros2_ws/src/git/Robotica-UAO-2025-3/Nicolas_Tafur/install/robot/lib/robot
[1.290s] Installing serial_node script to /home/richilzz/ros2_ws/src/git/Robotica-UAO-2025-3/Nicolas_Tafur/install/robot/lib/robot
[1.290s] writing list of installed files to '/home/richilzz/ros2_ws/src/git/Robotica-UAO-2025-3/Nicolas_Tafur/build/robot/install.log'
[1.345s] Invoked command in '/home/richilzz/ros2_ws/src/git/Robotica-UAO-2025-3/Nicolas_Tafur/robot' returned '0': PYTHONPATH=/home/richilzz/ros2_ws/src/git/Robotica-UAO-2025-3/Nicolas_Tafur/build/robot/prefix_override:/usr/lib/python3/dist-packages/colcon_core/task/python/colcon_distutils_commands:/home/richilzz/ros2_ws/src/git/Robotica-UAO-2025-3/Nicolas_Tafur/install/robot/lib/python3.10/site-packages:${PYTHONPATH} /usr/bin/python3 -W ignore:setup.py install is deprecated -W ignore:easy_install command is deprecated setup.py egg_info --egg-base ../build/robot build --build-base /home/richilzz/ros2_ws/src/git/Robotica-UAO-2025-3/Nicolas_Tafur/build/robot/build install --record /home/richilzz/ros2_ws/src/git/Robotica-UAO-2025-3/Nicolas_Tafur/build/robot/install.log --single-version-externally-managed install_data
