[2.887s] Invoking command in '/home/everd/universidad/git/Robotica-UAO-2025-3/Nicolas_Tafur/centauro': PYTHONPATH=/home/everd/universidad/git/Robotica-UAO-2025-3/Nicolas_Tafur/build/centauro/prefix_override:/usr/lib/python3/dist-packages/colcon_core/task/python/colcon_distutils_commands:/home/everd/universidad/git/Robotica-UAO-2025-3/Nicolas_Tafur/install/centauro/lib/python3.10/site-packages:${PYTHONPATH} /usr/bin/python3 -W ignore:setup.py install is deprecated -W ignore:easy_install command is deprecated setup.py egg_info --egg-base ../build/centauro build --build-base /home/everd/universidad/git/Robotica-UAO-2025-3/Nicolas_Tafur/build/centauro/build install --record /home/everd/universidad/git/Robotica-UAO-2025-3/Nicolas_Tafur/build/centauro/install.log --single-version-externally-managed install_data
[3.698s] running egg_info
[3.700s] writing ../build/centauro/mi_br.egg-info/PKG-INFO
[3.701s] writing dependency_links to ../build/centauro/mi_br.egg-info/dependency_links.txt
[3.701s] writing entry points to ../build/centauro/mi_br.egg-info/entry_points.txt
[3.702s] writing requirements to ../build/centauro/mi_br.egg-info/requires.txt
[3.702s] writing top-level names to ../build/centauro/mi_br.egg-info/top_level.txt
[3.708s] reading manifest file '../build/centauro/mi_br.egg-info/SOURCES.txt'
[3.715s] writing manifest file '../build/centauro/mi_br.egg-info/SOURCES.txt'
[3.715s] running build
[3.716s] running build_py
[3.718s] running install
[3.720s] running install_lib
[3.725s] running install_data
[3.727s] running install_egg_info
[3.733s] removing '/home/everd/universidad/git/Robotica-UAO-2025-3/Nicolas_Tafur/install/centauro/lib/python3.10/site-packages/mi_br-0.0.1-py3.10.egg-info' (and everything under it)
[3.734s] Copying ../build/centauro/mi_br.egg-info to /home/everd/universidad/git/Robotica-UAO-2025-3/Nicolas_Tafur/install/centauro/lib/python3.10/site-packages/mi_br-0.0.1-py3.10.egg-info
[3.737s] running install_scripts
[3.807s] Installing ArmTeleop script to /home/everd/universidad/git/Robotica-UAO-2025-3/Nicolas_Tafur/install/centauro/lib/mi_br
[3.807s] Installing fk_marker script to /home/everd/universidad/git/Robotica-UAO-2025-3/Nicolas_Tafur/install/centauro/lib/mi_br
[3.808s] Installing joint_commander_deg script to /home/everd/universidad/git/Robotica-UAO-2025-3/Nicolas_Tafur/install/centauro/lib/mi_br
[3.808s] Installing joint_state_publisher script to /home/everd/universidad/git/Robotica-UAO-2025-3/Nicolas_Tafur/install/centauro/lib/mi_br
[3.809s] Installing mlol script to /home/everd/universidad/git/Robotica-UAO-2025-3/Nicolas_Tafur/install/centauro/lib/mi_br
[3.810s] Installing mover_robot script to /home/everd/universidad/git/Robotica-UAO-2025-3/Nicolas_Tafur/install/centauro/lib/mi_br
[3.810s] Installing pinterfaz script to /home/everd/universidad/git/Robotica-UAO-2025-3/Nicolas_Tafur/install/centauro/lib/mi_br
[3.810s] Installing serial_node script to /home/everd/universidad/git/Robotica-UAO-2025-3/Nicolas_Tafur/install/centauro/lib/mi_br
[3.811s] Installing spawn_urdf script to /home/everd/universidad/git/Robotica-UAO-2025-3/Nicolas_Tafur/install/centauro/lib/mi_br
[3.811s] Installing test_arm_movement script to /home/everd/universidad/git/Robotica-UAO-2025-3/Nicolas_Tafur/install/centauro/lib/mi_br
[3.812s] writing list of installed files to '/home/everd/universidad/git/Robotica-UAO-2025-3/Nicolas_Tafur/build/centauro/install.log'
[3.882s] Invoked command in '/home/everd/universidad/git/Robotica-UAO-2025-3/Nicolas_Tafur/centauro' returned '0': PYTHONPATH=/home/everd/universidad/git/Robotica-UAO-2025-3/Nicolas_Tafur/build/centauro/prefix_override:/usr/lib/python3/dist-packages/colcon_core/task/python/colcon_distutils_commands:/home/everd/universidad/git/Robotica-UAO-2025-3/Nicolas_Tafur/install/centauro/lib/python3.10/site-packages:${PYTHONPATH} /usr/bin/python3 -W ignore:setup.py install is deprecated -W ignore:easy_install command is deprecated setup.py egg_info --egg-base ../build/centauro build --build-base /home/everd/universidad/git/Robotica-UAO-2025-3/Nicolas_Tafur/build/centauro/build install --record /home/everd/universidad/git/Robotica-UAO-2025-3/Nicolas_Tafur/build/centauro/install.log --single-version-externally-managed install_data
