[0.783s] Invoking command in '/home/felipe/robótica/Robotica-UAO-2025-3/Nicolas_Tafur/mi_br': PYTHONPATH=/home/felipe/robótica/Robotica-UAO-2025-3/Nicolas_Tafur/build/mi_br/prefix_override:/usr/lib/python3/dist-packages/colcon_core/task/python/colcon_distutils_commands:/home/felipe/robótica/Robotica-UAO-2025-3/Nicolas_Tafur/install/mi_br/lib/python3.10/site-packages:${PYTHONPATH} /usr/bin/python3 -W ignore:setup.py install is deprecated -W ignore:easy_install command is deprecated setup.py egg_info --egg-base ../build/mi_br build --build-base /home/felipe/robótica/Robotica-UAO-2025-3/Nicolas_Tafur/build/mi_br/build install --record /home/felipe/robótica/Robotica-UAO-2025-3/Nicolas_Tafur/build/mi_br/install.log --single-version-externally-managed install_data
[1.005s] running egg_info
[1.005s] writing ../build/mi_br/mi_br.egg-info/PKG-INFO
[1.006s] writing dependency_links to ../build/mi_br/mi_br.egg-info/dependency_links.txt
[1.006s] writing entry points to ../build/mi_br/mi_br.egg-info/entry_points.txt
[1.006s] writing requirements to ../build/mi_br/mi_br.egg-info/requires.txt
[1.006s] writing top-level names to ../build/mi_br/mi_br.egg-info/top_level.txt
[1.007s] reading manifest file '../build/mi_br/mi_br.egg-info/SOURCES.txt'
[1.008s] writing manifest file '../build/mi_br/mi_br.egg-info/SOURCES.txt'
[1.008s] running build
[1.008s] running build_py
[1.009s] running install
[1.009s] running install_lib
[1.010s] running install_data
[1.011s] running install_egg_info
[1.012s] removing '/home/felipe/robótica/Robotica-UAO-2025-3/Nicolas_Tafur/install/mi_br/lib/python3.10/site-packages/mi_br-0.0.1-py3.10.egg-info' (and everything under it)
[1.012s] Copying ../build/mi_br/mi_br.egg-info to /home/felipe/robótica/Robotica-UAO-2025-3/Nicolas_Tafur/install/mi_br/lib/python3.10/site-packages/mi_br-0.0.1-py3.10.egg-info
[1.013s] running install_scripts
[1.032s] Installing ArmTeleop script to /home/felipe/robótica/Robotica-UAO-2025-3/Nicolas_Tafur/install/mi_br/lib/mi_br
[1.032s] Installing fk_marker script to /home/felipe/robótica/Robotica-UAO-2025-3/Nicolas_Tafur/install/mi_br/lib/mi_br
[1.033s] Installing joint_commander_deg script to /home/felipe/robótica/Robotica-UAO-2025-3/Nicolas_Tafur/install/mi_br/lib/mi_br
[1.033s] Installing joint_state_publisher script to /home/felipe/robótica/Robotica-UAO-2025-3/Nicolas_Tafur/install/mi_br/lib/mi_br
[1.033s] Installing mlol script to /home/felipe/robótica/Robotica-UAO-2025-3/Nicolas_Tafur/install/mi_br/lib/mi_br
[1.033s] Installing mover_robot script to /home/felipe/robótica/Robotica-UAO-2025-3/Nicolas_Tafur/install/mi_br/lib/mi_br
[1.033s] Installing pinterfaz script to /home/felipe/robótica/Robotica-UAO-2025-3/Nicolas_Tafur/install/mi_br/lib/mi_br
[1.033s] Installing serial_node script to /home/felipe/robótica/Robotica-UAO-2025-3/Nicolas_Tafur/install/mi_br/lib/mi_br
[1.033s] Installing spawn_urdf script to /home/felipe/robótica/Robotica-UAO-2025-3/Nicolas_Tafur/install/mi_br/lib/mi_br
[1.033s] Installing test_arm_movement script to /home/felipe/robótica/Robotica-UAO-2025-3/Nicolas_Tafur/install/mi_br/lib/mi_br
[1.033s] writing list of installed files to '/home/felipe/robótica/Robotica-UAO-2025-3/Nicolas_Tafur/build/mi_br/install.log'
[1.057s] Invoked command in '/home/felipe/robótica/Robotica-UAO-2025-3/Nicolas_Tafur/mi_br' returned '0': PYTHONPATH=/home/felipe/robótica/Robotica-UAO-2025-3/Nicolas_Tafur/build/mi_br/prefix_override:/usr/lib/python3/dist-packages/colcon_core/task/python/colcon_distutils_commands:/home/felipe/robótica/Robotica-UAO-2025-3/Nicolas_Tafur/install/mi_br/lib/python3.10/site-packages:${PYTHONPATH} /usr/bin/python3 -W ignore:setup.py install is deprecated -W ignore:easy_install command is deprecated setup.py egg_info --egg-base ../build/mi_br build --build-base /home/felipe/robótica/Robotica-UAO-2025-3/Nicolas_Tafur/build/mi_br/build install --record /home/felipe/robótica/Robotica-UAO-2025-3/Nicolas_Tafur/build/mi_br/install.log --single-version-externally-managed install_data
