[0.755s] Invoking command in '/home/felipe/robótica/Robotica-UAO-2025-3/Nicolas_Tafur/mi_br': PYTHONPATH=/home/felipe/robótica/Robotica-UAO-2025-3/Nicolas_Tafur/build/mi_br/prefix_override:/usr/lib/python3/dist-packages/colcon_core/task/python/colcon_distutils_commands:/home/felipe/robótica/Robotica-UAO-2025-3/Nicolas_Tafur/install/mi_br/lib/python3.10/site-packages:${PYTHONPATH} /usr/bin/python3 -W ignore:setup.py install is deprecated -W ignore:easy_install command is deprecated setup.py egg_info --egg-base ../build/mi_br build --build-base /home/felipe/robótica/Robotica-UAO-2025-3/Nicolas_Tafur/build/mi_br/build install --record /home/felipe/robótica/Robotica-UAO-2025-3/Nicolas_Tafur/build/mi_br/install.log --single-version-externally-managed install_data
[0.979s] running egg_info
[0.979s] writing ../build/mi_br/mi_br.egg-info/PKG-INFO
[0.979s] writing dependency_links to ../build/mi_br/mi_br.egg-info/dependency_links.txt
[0.980s] writing entry points to ../build/mi_br/mi_br.egg-info/entry_points.txt
[0.980s] writing requirements to ../build/mi_br/mi_br.egg-info/requires.txt
[0.980s] writing top-level names to ../build/mi_br/mi_br.egg-info/top_level.txt
[0.981s] reading manifest file '../build/mi_br/mi_br.egg-info/SOURCES.txt'
[0.982s] writing manifest file '../build/mi_br/mi_br.egg-info/SOURCES.txt'
[0.982s] running build
[0.983s] running build_py
[0.983s] running install
[0.983s] running install_lib
[0.984s] running install_data
[0.985s] running install_egg_info
[0.986s] removing '/home/felipe/robótica/Robotica-UAO-2025-3/Nicolas_Tafur/install/mi_br/lib/python3.10/site-packages/mi_br-0.0.1-py3.10.egg-info' (and everything under it)
[0.986s] Copying ../build/mi_br/mi_br.egg-info to /home/felipe/robótica/Robotica-UAO-2025-3/Nicolas_Tafur/install/mi_br/lib/python3.10/site-packages/mi_br-0.0.1-py3.10.egg-info
[0.987s] running install_scripts
[1.006s] Installing ArmTeleop script to /home/felipe/robótica/Robotica-UAO-2025-3/Nicolas_Tafur/install/mi_br/lib/mi_br
[1.006s] Installing fk_marker script to /home/felipe/robótica/Robotica-UAO-2025-3/Nicolas_Tafur/install/mi_br/lib/mi_br
[1.006s] Installing joint_commander_deg script to /home/felipe/robótica/Robotica-UAO-2025-3/Nicolas_Tafur/install/mi_br/lib/mi_br
[1.006s] Installing joint_state_publisher script to /home/felipe/robótica/Robotica-UAO-2025-3/Nicolas_Tafur/install/mi_br/lib/mi_br
[1.006s] Installing mlol script to /home/felipe/robótica/Robotica-UAO-2025-3/Nicolas_Tafur/install/mi_br/lib/mi_br
[1.006s] Installing mover_robot script to /home/felipe/robótica/Robotica-UAO-2025-3/Nicolas_Tafur/install/mi_br/lib/mi_br
[1.006s] Installing pinterfaz script to /home/felipe/robótica/Robotica-UAO-2025-3/Nicolas_Tafur/install/mi_br/lib/mi_br
[1.006s] Installing serial_node script to /home/felipe/robótica/Robotica-UAO-2025-3/Nicolas_Tafur/install/mi_br/lib/mi_br
[1.006s] Installing spawn_urdf script to /home/felipe/robótica/Robotica-UAO-2025-3/Nicolas_Tafur/install/mi_br/lib/mi_br
[1.007s] Installing test_arm_movement script to /home/felipe/robótica/Robotica-UAO-2025-3/Nicolas_Tafur/install/mi_br/lib/mi_br
[1.007s] writing list of installed files to '/home/felipe/robótica/Robotica-UAO-2025-3/Nicolas_Tafur/build/mi_br/install.log'
[1.029s] Invoked command in '/home/felipe/robótica/Robotica-UAO-2025-3/Nicolas_Tafur/mi_br' returned '0': PYTHONPATH=/home/felipe/robótica/Robotica-UAO-2025-3/Nicolas_Tafur/build/mi_br/prefix_override:/usr/lib/python3/dist-packages/colcon_core/task/python/colcon_distutils_commands:/home/felipe/robótica/Robotica-UAO-2025-3/Nicolas_Tafur/install/mi_br/lib/python3.10/site-packages:${PYTHONPATH} /usr/bin/python3 -W ignore:setup.py install is deprecated -W ignore:easy_install command is deprecated setup.py egg_info --egg-base ../build/mi_br build --build-base /home/felipe/robótica/Robotica-UAO-2025-3/Nicolas_Tafur/build/mi_br/build install --record /home/felipe/robótica/Robotica-UAO-2025-3/Nicolas_Tafur/build/mi_br/install.log --single-version-externally-managed install_data
