/home/richilzz/ros2_ws/src/git/Robotica-UAO-2025-3/Nicolas Tafur/install/mi_br/lib/python3.10/site-packages/mi_br/fk_marker.py
/home/richilzz/ros2_ws/src/git/Robotica-UAO-2025-3/Nicolas Tafur/install/mi_br/lib/python3.10/site-packages/mi_br/joint_state_publisher.py
/home/richilzz/ros2_ws/src/git/Robotica-UAO-2025-3/Nicolas Tafur/install/mi_br/lib/python3.10/site-packages/mi_br/fk_3dof_zyy.py
/home/richilzz/ros2_ws/src/git/Robotica-UAO-2025-3/Nicolas Tafur/install/mi_br/lib/python3.10/site-packages/mi_br/pinterfaz.py
/home/richilzz/ros2_ws/src/git/Robotica-UAO-2025-3/Nicolas Tafur/install/mi_br/lib/python3.10/site-packages/mi_br/serial_node.py
/home/richilzz/ros2_ws/src/git/Robotica-UAO-2025-3/Nicolas Tafur/install/mi_br/lib/python3.10/site-packages/mi_br/joint_commander_deg.py
/home/richilzz/ros2_ws/src/git/Robotica-UAO-2025-3/Nicolas Tafur/install/mi_br/lib/python3.10/site-packages/mi_br/ArmTeleop.py
/home/richilzz/ros2_ws/src/git/Robotica-UAO-2025-3/Nicolas Tafur/install/mi_br/lib/python3.10/site-packages/mi_br/__init__.py
/home/richilzz/ros2_ws/src/git/Robotica-UAO-2025-3/Nicolas Tafur/install/mi_br/lib/python3.10/site-packages/mi_br/__pycache__/fk_marker.cpython-310.pyc
/home/richilzz/ros2_ws/src/git/Robotica-UAO-2025-3/Nicolas Tafur/install/mi_br/lib/python3.10/site-packages/mi_br/__pycache__/joint_state_publisher.cpython-310.pyc
/home/richilzz/ros2_ws/src/git/Robotica-UAO-2025-3/Nicolas Tafur/install/mi_br/lib/python3.10/site-packages/mi_br/__pycache__/fk_3dof_zyy.cpython-310.pyc
/home/richilzz/ros2_ws/src/git/Robotica-UAO-2025-3/Nicolas Tafur/install/mi_br/lib/python3.10/site-packages/mi_br/__pycache__/pinterfaz.cpython-310.pyc
/home/richilzz/ros2_ws/src/git/Robotica-UAO-2025-3/Nicolas Tafur/install/mi_br/lib/python3.10/site-packages/mi_br/__pycache__/serial_node.cpython-310.pyc
/home/richilzz/ros2_ws/src/git/Robotica-UAO-2025-3/Nicolas Tafur/install/mi_br/lib/python3.10/site-packages/mi_br/__pycache__/joint_commander_deg.cpython-310.pyc
/home/richilzz/ros2_ws/src/git/Robotica-UAO-2025-3/Nicolas Tafur/install/mi_br/lib/python3.10/site-packages/mi_br/__pycache__/ArmTeleop.cpython-310.pyc
/home/richilzz/ros2_ws/src/git/Robotica-UAO-2025-3/Nicolas Tafur/install/mi_br/lib/python3.10/site-packages/mi_br/__pycache__/__init__.cpython-310.pyc
/home/richilzz/ros2_ws/src/git/Robotica-UAO-2025-3/Nicolas Tafur/install/mi_br/share/ament_index/resource_index/packages/mi_br
/home/richilzz/ros2_ws/src/git/Robotica-UAO-2025-3/Nicolas Tafur/install/mi_br/share/mi_br/package.xml
/home/richilzz/ros2_ws/src/git/Robotica-UAO-2025-3/Nicolas Tafur/install/mi_br/share/mi_br/launch/display.launch.py
/home/richilzz/ros2_ws/src/git/Robotica-UAO-2025-3/Nicolas Tafur/install/mi_br/share/mi_br/launch/centauro.launch.py
/home/richilzz/ros2_ws/src/git/Robotica-UAO-2025-3/Nicolas Tafur/install/mi_br/share/mi_br/urdf/mi_br.urdf.xacro
/home/richilzz/ros2_ws/src/git/Robotica-UAO-2025-3/Nicolas Tafur/install/mi_br/share/mi_br/config
/home/richilzz/ros2_ws/src/git/Robotica-UAO-2025-3/Nicolas Tafur/install/mi_br/share/mi_br/rviz/mi_br.rviz
/home/richilzz/ros2_ws/src/git/Robotica-UAO-2025-3/Nicolas Tafur/install/mi_br/lib/python3.10/site-packages/mi_br-0.0.1-py3.10.egg-info/zip-safe
/home/richilzz/ros2_ws/src/git/Robotica-UAO-2025-3/Nicolas Tafur/install/mi_br/lib/python3.10/site-packages/mi_br-0.0.1-py3.10.egg-info/entry_points.txt
/home/richilzz/ros2_ws/src/git/Robotica-UAO-2025-3/Nicolas Tafur/install/mi_br/lib/python3.10/site-packages/mi_br-0.0.1-py3.10.egg-info/requires.txt
/home/richilzz/ros2_ws/src/git/Robotica-UAO-2025-3/Nicolas Tafur/install/mi_br/lib/python3.10/site-packages/mi_br-0.0.1-py3.10.egg-info/SOURCES.txt
/home/richilzz/ros2_ws/src/git/Robotica-UAO-2025-3/Nicolas Tafur/install/mi_br/lib/python3.10/site-packages/mi_br-0.0.1-py3.10.egg-info/dependency_links.txt
/home/richilzz/ros2_ws/src/git/Robotica-UAO-2025-3/Nicolas Tafur/install/mi_br/lib/python3.10/site-packages/mi_br-0.0.1-py3.10.egg-info/PKG-INFO
/home/richilzz/ros2_ws/src/git/Robotica-UAO-2025-3/Nicolas Tafur/install/mi_br/lib/python3.10/site-packages/mi_br-0.0.1-py3.10.egg-info/top_level.txt
/home/richilzz/ros2_ws/src/git/Robotica-UAO-2025-3/Nicolas Tafur/install/mi_br/lib/mi_br/ArmTeleop
/home/richilzz/ros2_ws/src/git/Robotica-UAO-2025-3/Nicolas Tafur/install/mi_br/lib/mi_br/fk_marker
/home/richilzz/ros2_ws/src/git/Robotica-UAO-2025-3/Nicolas Tafur/install/mi_br/lib/mi_br/joint_commander_deg
/home/richilzz/ros2_ws/src/git/Robotica-UAO-2025-3/Nicolas Tafur/install/mi_br/lib/mi_br/joint_state_publisher
/home/richilzz/ros2_ws/src/git/Robotica-UAO-2025-3/Nicolas Tafur/install/mi_br/lib/mi_br/mover_robot
/home/richilzz/ros2_ws/src/git/Robotica-UAO-2025-3/Nicolas Tafur/install/mi_br/lib/mi_br/pinterfaz
/home/richilzz/ros2_ws/src/git/Robotica-UAO-2025-3/Nicolas Tafur/install/mi_br/lib/mi_br/serial_node
/home/richilzz/ros2_ws/src/git/Robotica-UAO-2025-3/Nicolas Tafur/install/mi_br/lib/mi_br/test_arm_movement
