[0.359s] DEBUG:colcon:Command line arguments: ['/usr/bin/colcon', 'build']
[0.360s] DEBUG:colcon:Parsed command line arguments: Namespace(log_base=None, log_level=None, verb_name='build', build_base='build', install_base='install', merge_install=False, symlink_install=False, test_result_base=None, continue_on_error=False, executor='parallel', parallel_workers=6, event_handlers=None, ignore_user_meta=False, metas=['./colcon.meta'], base_paths=['.'], packages_ignore=None, packages_ignore_regex=None, paths=None, packages_up_to=None, packages_up_to_regex=None, packages_above=None, packages_above_and_dependencies=None, packages_above_depth=None, packages_select_by_dep=None, packages_skip_by_dep=None, packages_skip_up_to=None, packages_select_build_failed=False, packages_skip_build_finished=False, packages_select_test_failures=False, packages_skip_test_passed=False, packages_select=None, packages_skip=None, packages_select_regex=None, packages_skip_regex=None, packages_start=None, packages_end=None, allow_overriding=[], cmake_args=None, cmake_target=None, cmake_target_skip_unavailable=False, cmake_clean_cache=False, cmake_clean_first=False, cmake_force_configure=False, ament_cmake_args=None, catkin_cmake_args=None, catkin_skip_building_tests=False, verb_parser=<colcon_defaults.argument_parser.defaults.DefaultArgumentsDecorator object at 0x726a7812a470>, verb_extension=<colcon_core.verb.build.BuildVerb object at 0x726a782cbd30>, main=<bound method BuildVerb.main of <colcon_core.verb.build.BuildVerb object at 0x726a782cbd30>>)
[0.909s] Level 1:colcon.colcon_core.package_discovery:discover_packages(colcon_meta) check parameters
[0.909s] Level 1:colcon.colcon_core.package_discovery:discover_packages(recursive) check parameters
[0.909s] Level 1:colcon.colcon_core.package_discovery:discover_packages(ignore) check parameters
[0.909s] Level 1:colcon.colcon_core.package_discovery:discover_packages(path) check parameters
[0.909s] Level 1:colcon.colcon_core.package_discovery:discover_packages(colcon_meta) discover
[0.910s] Level 1:colcon.colcon_core.package_discovery:discover_packages(recursive) discover
[0.910s] INFO:colcon.colcon_core.package_discovery:Crawling recursively for packages in '/home/everd/universidad/git/Robotica-UAO-2025-3/Nicolas_Tafur'
[0.910s] Level 1:colcon.colcon_core.package_identification:_identify(.) by extensions ['ignore', 'ignore_ament_install']
[0.910s] Level 1:colcon.colcon_core.package_identification:_identify(.) by extension 'ignore'
[0.910s] Level 1:colcon.colcon_core.package_identification:_identify(.) by extension 'ignore_ament_install'
[0.910s] Level 1:colcon.colcon_core.package_identification:_identify(.) by extensions ['colcon_pkg']
[0.911s] Level 1:colcon.colcon_core.package_identification:_identify(.) by extension 'colcon_pkg'
[0.911s] Level 1:colcon.colcon_core.package_identification:_identify(.) by extensions ['colcon_meta']
[0.911s] Level 1:colcon.colcon_core.package_identification:_identify(.) by extension 'colcon_meta'
[0.911s] Level 1:colcon.colcon_core.package_identification:_identify(.) by extensions ['ros']
[0.911s] Level 1:colcon.colcon_core.package_identification:_identify(.) by extension 'ros'
[0.941s] Level 1:colcon.colcon_core.package_identification:_identify(.) by extensions ['cmake', 'python']
[0.941s] Level 1:colcon.colcon_core.package_identification:_identify(.) by extension 'cmake'
[0.942s] Level 1:colcon.colcon_core.package_identification:_identify(.) by extension 'python'
[0.942s] Level 1:colcon.colcon_core.package_identification:_identify(.) by extensions ['python_setup_py']
[0.942s] Level 1:colcon.colcon_core.package_identification:_identify(.) by extension 'python_setup_py'
[0.942s] Level 1:colcon.colcon_core.package_identification:_identify(build) by extensions ['ignore', 'ignore_ament_install']
[0.942s] Level 1:colcon.colcon_core.package_identification:_identify(build) by extension 'ignore'
[0.943s] Level 1:colcon.colcon_core.package_identification:_identify(build) ignored
[0.943s] Level 1:colcon.colcon_core.package_identification:_identify(centauro) by extensions ['ignore', 'ignore_ament_install']
[0.943s] Level 1:colcon.colcon_core.package_identification:_identify(centauro) by extension 'ignore'
[0.943s] Level 1:colcon.colcon_core.package_identification:_identify(centauro) by extension 'ignore_ament_install'
[0.943s] Level 1:colcon.colcon_core.package_identification:_identify(centauro) by extensions ['colcon_pkg']
[0.943s] Level 1:colcon.colcon_core.package_identification:_identify(centauro) by extension 'colcon_pkg'
[0.944s] Level 1:colcon.colcon_core.package_identification:_identify(centauro) by extensions ['colcon_meta']
[0.944s] Level 1:colcon.colcon_core.package_identification:_identify(centauro) by extension 'colcon_meta'
[0.944s] Level 1:colcon.colcon_core.package_identification:_identify(centauro) by extensions ['ros']
[0.944s] Level 1:colcon.colcon_core.package_identification:_identify(centauro) by extension 'ros'
[0.953s] DEBUG:colcon.colcon_core.package_identification:Package 'centauro' with type 'ros.ament_python' and name 'centauro'
[0.953s] Level 1:colcon.colcon_core.package_identification:_identify(install) by extensions ['ignore', 'ignore_ament_install']
[0.953s] Level 1:colcon.colcon_core.package_identification:_identify(install) by extension 'ignore'
[0.953s] Level 1:colcon.colcon_core.package_identification:_identify(install) ignored
[0.954s] Level 1:colcon.colcon_core.package_identification:_identify(log) by extensions ['ignore', 'ignore_ament_install']
[0.955s] Level 1:colcon.colcon_core.package_identification:_identify(log) by extension 'ignore'
[0.955s] Level 1:colcon.colcon_core.package_identification:_identify(log) ignored
[0.955s] Level 1:colcon.colcon_core.package_identification:_identify(robot) by extensions ['ignore', 'ignore_ament_install']
[0.955s] Level 1:colcon.colcon_core.package_identification:_identify(robot) by extension 'ignore'
[0.956s] Level 1:colcon.colcon_core.package_identification:_identify(robot) by extension 'ignore_ament_install'
[0.956s] Level 1:colcon.colcon_core.package_identification:_identify(robot) by extensions ['colcon_pkg']
[0.956s] Level 1:colcon.colcon_core.package_identification:_identify(robot) by extension 'colcon_pkg'
[0.956s] Level 1:colcon.colcon_core.package_identification:_identify(robot) by extensions ['colcon_meta']
[0.956s] Level 1:colcon.colcon_core.package_identification:_identify(robot) by extension 'colcon_meta'
[0.957s] Level 1:colcon.colcon_core.package_identification:_identify(robot) by extensions ['ros']
[0.957s] Level 1:colcon.colcon_core.package_identification:_identify(robot) by extension 'ros'
[0.961s] DEBUG:colcon.colcon_core.package_identification:Package 'robot' with type 'ros.ament_python' and name 'robot'
[0.961s] Level 1:colcon.colcon_core.package_discovery:discover_packages(recursive) using defaults
[0.961s] Level 1:colcon.colcon_core.package_discovery:discover_packages(ignore) discover
[0.961s] Level 1:colcon.colcon_core.package_discovery:discover_packages(ignore) using defaults
[0.961s] Level 1:colcon.colcon_core.package_discovery:discover_packages(path) discover
[0.961s] Level 1:colcon.colcon_core.package_discovery:discover_packages(path) using defaults
[1.074s] Level 1:colcon.colcon_core.package_discovery:discover_packages(prefix_path) check parameters
[1.075s] Level 1:colcon.colcon_core.package_discovery:discover_packages(prefix_path) discover
[1.083s] DEBUG:colcon.colcon_installed_package_information.package_discovery:Found 1 installed packages in /home/everd/universidad/robotica/turtle_ws/install
[1.086s] DEBUG:colcon.colcon_installed_package_information.package_discovery:Found 3 installed packages in /home/everd/universidad/git/Robotica-UAO-2025-3/Nicolas_Tafur/install
[1.088s] DEBUG:colcon.colcon_installed_package_information.package_discovery:Found 2 installed packages in /home/everd/ros2_ws/install
[1.090s] DEBUG:colcon.colcon_installed_package_information.package_discovery:Found 4 installed packages in /home/everd/ws_test/install
[1.096s] DEBUG:colcon.colcon_installed_package_information.package_discovery:Found 300 installed packages in /opt/ros/humble
[1.103s] Level 1:colcon.colcon_core.package_discovery:discover_packages(prefix_path) using defaults
[1.280s] Level 5:colcon.colcon_core.verb:set package 'centauro' build argument 'cmake_args' from command line to 'None'
[1.280s] Level 5:colcon.colcon_core.verb:set package 'centauro' build argument 'cmake_target' from command line to 'None'
[1.280s] Level 5:colcon.colcon_core.verb:set package 'centauro' build argument 'cmake_target_skip_unavailable' from command line to 'False'
[1.280s] Level 5:colcon.colcon_core.verb:set package 'centauro' build argument 'cmake_clean_cache' from command line to 'False'
[1.280s] Level 5:colcon.colcon_core.verb:set package 'centauro' build argument 'cmake_clean_first' from command line to 'False'
[1.280s] Level 5:colcon.colcon_core.verb:set package 'centauro' build argument 'cmake_force_configure' from command line to 'False'
[1.281s] Level 5:colcon.colcon_core.verb:set package 'centauro' build argument 'ament_cmake_args' from command line to 'None'
[1.281s] Level 5:colcon.colcon_core.verb:set package 'centauro' build argument 'catkin_cmake_args' from command line to 'None'
[1.281s] Level 5:colcon.colcon_core.verb:set package 'centauro' build argument 'catkin_skip_building_tests' from command line to 'False'
[1.281s] DEBUG:colcon.colcon_core.verb:Building package 'centauro' with the following arguments: {'ament_cmake_args': None, 'build_base': '/home/everd/universidad/git/Robotica-UAO-2025-3/Nicolas_Tafur/build/centauro', 'catkin_cmake_args': None, 'catkin_skip_building_tests': False, 'cmake_args': None, 'cmake_clean_cache': False, 'cmake_clean_first': False, 'cmake_force_configure': False, 'cmake_target': None, 'cmake_target_skip_unavailable': False, 'install_base': '/home/everd/universidad/git/Robotica-UAO-2025-3/Nicolas_Tafur/install/centauro', 'merge_install': False, 'path': '/home/everd/universidad/git/Robotica-UAO-2025-3/Nicolas_Tafur/centauro', 'symlink_install': False, 'test_result_base': None}
[1.282s] Level 5:colcon.colcon_core.verb:set package 'robot' build argument 'cmake_args' from command line to 'None'
[1.283s] Level 5:colcon.colcon_core.verb:set package 'robot' build argument 'cmake_target' from command line to 'None'
[1.283s] Level 5:colcon.colcon_core.verb:set package 'robot' build argument 'cmake_target_skip_unavailable' from command line to 'False'
[1.283s] Level 5:colcon.colcon_core.verb:set package 'robot' build argument 'cmake_clean_cache' from command line to 'False'
[1.283s] Level 5:colcon.colcon_core.verb:set package 'robot' build argument 'cmake_clean_first' from command line to 'False'
[1.283s] Level 5:colcon.colcon_core.verb:set package 'robot' build argument 'cmake_force_configure' from command line to 'False'
[1.283s] Level 5:colcon.colcon_core.verb:set package 'robot' build argument 'ament_cmake_args' from command line to 'None'
[1.283s] Level 5:colcon.colcon_core.verb:set package 'robot' build argument 'catkin_cmake_args' from command line to 'None'
[1.283s] Level 5:colcon.colcon_core.verb:set package 'robot' build argument 'catkin_skip_building_tests' from command line to 'False'
[1.283s] DEBUG:colcon.colcon_core.verb:Building package 'robot' with the following arguments: {'ament_cmake_args': None, 'build_base': '/home/everd/universidad/git/Robotica-UAO-2025-3/Nicolas_Tafur/build/robot', 'catkin_cmake_args': None, 'catkin_skip_building_tests': False, 'cmake_args': None, 'cmake_clean_cache': False, 'cmake_clean_first': False, 'cmake_force_configure': False, 'cmake_target': None, 'cmake_target_skip_unavailable': False, 'install_base': '/home/everd/universidad/git/Robotica-UAO-2025-3/Nicolas_Tafur/install/robot', 'merge_install': False, 'path': '/home/everd/universidad/git/Robotica-UAO-2025-3/Nicolas_Tafur/robot', 'symlink_install': False, 'test_result_base': None}
[1.284s] INFO:colcon.colcon_core.executor:Executing jobs using 'parallel' executor
[1.287s] DEBUG:colcon.colcon_parallel_executor.executor.parallel:run_until_complete
[1.288s] INFO:colcon.colcon_ros.task.ament_python.build:Building ROS package in '/home/everd/universidad/git/Robotica-UAO-2025-3/Nicolas_Tafur/centauro' with build type 'ament_python'
[1.288s] Level 1:colcon.colcon_core.shell:create_environment_hook('centauro', 'ament_prefix_path')
[1.296s] INFO:colcon.colcon_core.plugin_system:Skipping extension 'colcon_core.shell.bat': Not used on non-Windows systems
[1.296s] INFO:colcon.colcon_core.shell:Creating environment hook '/home/everd/universidad/git/Robotica-UAO-2025-3/Nicolas_Tafur/install/centauro/share/centauro/hook/ament_prefix_path.ps1'
[1.298s] INFO:colcon.colcon_core.shell:Creating environment descriptor '/home/everd/universidad/git/Robotica-UAO-2025-3/Nicolas_Tafur/install/centauro/share/centauro/hook/ament_prefix_path.dsv'
[1.300s] INFO:colcon.colcon_core.shell:Creating environment hook '/home/everd/universidad/git/Robotica-UAO-2025-3/Nicolas_Tafur/install/centauro/share/centauro/hook/ament_prefix_path.sh'
[1.303s] INFO:colcon.colcon_core.shell:Skip shell extension 'powershell' for command environment: Not usable outside of PowerShell
[1.303s] DEBUG:colcon.colcon_core.shell:Skip shell extension 'dsv' for command environment
[1.323s] INFO:colcon.colcon_ros.task.ament_python.build:Building ROS package in '/home/everd/universidad/git/Robotica-UAO-2025-3/Nicolas_Tafur/robot' with build type 'ament_python'
[1.323s] Level 1:colcon.colcon_core.shell:create_environment_hook('robot', 'ament_prefix_path')
[1.324s] INFO:colcon.colcon_core.shell:Creating environment hook '/home/everd/universidad/git/Robotica-UAO-2025-3/Nicolas_Tafur/install/robot/share/robot/hook/ament_prefix_path.ps1'
[1.327s] INFO:colcon.colcon_core.shell:Creating environment descriptor '/home/everd/universidad/git/Robotica-UAO-2025-3/Nicolas_Tafur/install/robot/share/robot/hook/ament_prefix_path.dsv'
[1.328s] INFO:colcon.colcon_core.shell:Creating environment hook '/home/everd/universidad/git/Robotica-UAO-2025-3/Nicolas_Tafur/install/robot/share/robot/hook/ament_prefix_path.sh'
[1.330s] INFO:colcon.colcon_core.shell:Skip shell extension 'powershell' for command environment: Not usable outside of PowerShell
[1.331s] DEBUG:colcon.colcon_core.shell:Skip shell extension 'dsv' for command environment
[2.202s] WARNING:colcon.colcon_ros.task.ament_python.build:Package 'centauro' doesn't explicitly install a marker in the package index (colcon-ros currently does it implicitly but that fallback will be removed in the future)
[2.202s] WARNING:colcon.colcon_ros.task.ament_python.build:Package 'centauro' doesn't explicitly install the 'package.xml' file (colcon-ros currently does it implicitly but that fallback will be removed in the future)
[2.203s] INFO:colcon.colcon_core.task.python.build:Building Python package in '/home/everd/universidad/git/Robotica-UAO-2025-3/Nicolas_Tafur/centauro'
[2.204s] INFO:colcon.colcon_core.shell:Skip shell extension 'powershell' for command environment: Not usable outside of PowerShell
[2.204s] DEBUG:colcon.colcon_core.shell:Skip shell extension 'dsv' for command environment
[3.029s] INFO:colcon.colcon_core.task.python.build:Building Python package in '/home/everd/universidad/git/Robotica-UAO-2025-3/Nicolas_Tafur/robot'
[3.030s] INFO:colcon.colcon_core.shell:Skip shell extension 'powershell' for command environment: Not usable outside of PowerShell
[3.031s] DEBUG:colcon.colcon_core.shell:Skip shell extension 'dsv' for command environment
[4.115s] DEBUG:colcon.colcon_core.event_handler.log_command:Invoking command in '/home/everd/universidad/git/Robotica-UAO-2025-3/Nicolas_Tafur/robot': PYTHONPATH=/home/everd/universidad/git/Robotica-UAO-2025-3/Nicolas_Tafur/build/robot/prefix_override:/usr/lib/python3/dist-packages/colcon_core/task/python/colcon_distutils_commands:/home/everd/universidad/git/Robotica-UAO-2025-3/Nicolas_Tafur/install/robot/lib/python3.10/site-packages:${PYTHONPATH} /usr/bin/python3 -W ignore:setup.py install is deprecated -W ignore:easy_install command is deprecated setup.py egg_info --egg-base ../build/robot build --build-base /home/everd/universidad/git/Robotica-UAO-2025-3/Nicolas_Tafur/build/robot/build install --record /home/everd/universidad/git/Robotica-UAO-2025-3/Nicolas_Tafur/build/robot/install.log --single-version-externally-managed install_data
[4.177s] DEBUG:colcon.colcon_core.event_handler.log_command:Invoking command in '/home/everd/universidad/git/Robotica-UAO-2025-3/Nicolas_Tafur/centauro': PYTHONPATH=/home/everd/universidad/git/Robotica-UAO-2025-3/Nicolas_Tafur/build/centauro/prefix_override:/usr/lib/python3/dist-packages/colcon_core/task/python/colcon_distutils_commands:/home/everd/universidad/git/Robotica-UAO-2025-3/Nicolas_Tafur/install/centauro/lib/python3.10/site-packages:${PYTHONPATH} /usr/bin/python3 -W ignore:setup.py install is deprecated -W ignore:easy_install command is deprecated setup.py egg_info --egg-base ../build/centauro build --build-base /home/everd/universidad/git/Robotica-UAO-2025-3/Nicolas_Tafur/build/centauro/build install --record /home/everd/universidad/git/Robotica-UAO-2025-3/Nicolas_Tafur/build/centauro/install.log --single-version-externally-managed install_data
[5.072s] DEBUG:colcon.colcon_core.event_handler.log_command:Invoked command in '/home/everd/universidad/git/Robotica-UAO-2025-3/Nicolas_Tafur/robot' returned '0': PYTHONPATH=/home/everd/universidad/git/Robotica-UAO-2025-3/Nicolas_Tafur/build/robot/prefix_override:/usr/lib/python3/dist-packages/colcon_core/task/python/colcon_distutils_commands:/home/everd/universidad/git/Robotica-UAO-2025-3/Nicolas_Tafur/install/robot/lib/python3.10/site-packages:${PYTHONPATH} /usr/bin/python3 -W ignore:setup.py install is deprecated -W ignore:easy_install command is deprecated setup.py egg_info --egg-base ../build/robot build --build-base /home/everd/universidad/git/Robotica-UAO-2025-3/Nicolas_Tafur/build/robot/build install --record /home/everd/universidad/git/Robotica-UAO-2025-3/Nicolas_Tafur/build/robot/install.log --single-version-externally-managed install_data
[5.079s] Level 1:colcon.colcon_core.environment:checking '/home/everd/universidad/git/Robotica-UAO-2025-3/Nicolas_Tafur/install/robot' for CMake module files
[5.081s] Level 1:colcon.colcon_core.environment:checking '/home/everd/universidad/git/Robotica-UAO-2025-3/Nicolas_Tafur/install/robot' for CMake config files
[5.083s] Level 1:colcon.colcon_core.environment:checking '/home/everd/universidad/git/Robotica-UAO-2025-3/Nicolas_Tafur/install/robot/lib'
[5.084s] Level 1:colcon.colcon_core.environment:checking '/home/everd/universidad/git/Robotica-UAO-2025-3/Nicolas_Tafur/install/robot/bin'
[5.084s] Level 1:colcon.colcon_core.environment:checking '/home/everd/universidad/git/Robotica-UAO-2025-3/Nicolas_Tafur/install/robot/lib/pkgconfig/robot.pc'
[5.085s] Level 1:colcon.colcon_core.environment:checking '/home/everd/universidad/git/Robotica-UAO-2025-3/Nicolas_Tafur/install/robot/lib/python3.10/site-packages'
[5.085s] Level 1:colcon.colcon_core.shell:create_environment_hook('robot', 'pythonpath')
[5.086s] INFO:colcon.colcon_core.shell:Creating environment hook '/home/everd/universidad/git/Robotica-UAO-2025-3/Nicolas_Tafur/install/robot/share/robot/hook/pythonpath.ps1'
[5.087s] INFO:colcon.colcon_core.shell:Creating environment descriptor '/home/everd/universidad/git/Robotica-UAO-2025-3/Nicolas_Tafur/install/robot/share/robot/hook/pythonpath.dsv'
[5.089s] INFO:colcon.colcon_core.shell:Creating environment hook '/home/everd/universidad/git/Robotica-UAO-2025-3/Nicolas_Tafur/install/robot/share/robot/hook/pythonpath.sh'
[5.090s] Level 1:colcon.colcon_core.environment:checking '/home/everd/universidad/git/Robotica-UAO-2025-3/Nicolas_Tafur/install/robot/bin'
[5.090s] Level 1:colcon.colcon_core.environment:create_environment_scripts_only(robot)
[5.092s] INFO:colcon.colcon_core.shell:Creating package script '/home/everd/universidad/git/Robotica-UAO-2025-3/Nicolas_Tafur/install/robot/share/robot/package.ps1'
[5.094s] INFO:colcon.colcon_core.shell:Creating package descriptor '/home/everd/universidad/git/Robotica-UAO-2025-3/Nicolas_Tafur/install/robot/share/robot/package.dsv'
[5.101s] INFO:colcon.colcon_core.shell:Creating package script '/home/everd/universidad/git/Robotica-UAO-2025-3/Nicolas_Tafur/install/robot/share/robot/package.sh'
[5.104s] INFO:colcon.colcon_core.shell:Creating package script '/home/everd/universidad/git/Robotica-UAO-2025-3/Nicolas_Tafur/install/robot/share/robot/package.bash'
[5.107s] INFO:colcon.colcon_core.shell:Creating package script '/home/everd/universidad/git/Robotica-UAO-2025-3/Nicolas_Tafur/install/robot/share/robot/package.zsh'
[5.110s] Level 1:colcon.colcon_core.environment:create_file_with_runtime_dependencies(/home/everd/universidad/git/Robotica-UAO-2025-3/Nicolas_Tafur/install/robot/share/colcon-core/packages/robot)
[5.169s] Level 1:colcon.colcon_core.environment:checking '/home/everd/universidad/git/Robotica-UAO-2025-3/Nicolas_Tafur/install/centauro' for CMake module files
[5.172s] DEBUG:colcon.colcon_core.event_handler.log_command:Invoked command in '/home/everd/universidad/git/Robotica-UAO-2025-3/Nicolas_Tafur/centauro' returned '0': PYTHONPATH=/home/everd/universidad/git/Robotica-UAO-2025-3/Nicolas_Tafur/build/centauro/prefix_override:/usr/lib/python3/dist-packages/colcon_core/task/python/colcon_distutils_commands:/home/everd/universidad/git/Robotica-UAO-2025-3/Nicolas_Tafur/install/centauro/lib/python3.10/site-packages:${PYTHONPATH} /usr/bin/python3 -W ignore:setup.py install is deprecated -W ignore:easy_install command is deprecated setup.py egg_info --egg-base ../build/centauro build --build-base /home/everd/universidad/git/Robotica-UAO-2025-3/Nicolas_Tafur/build/centauro/build install --record /home/everd/universidad/git/Robotica-UAO-2025-3/Nicolas_Tafur/build/centauro/install.log --single-version-externally-managed install_data
[5.173s] Level 1:colcon.colcon_core.environment:checking '/home/everd/universidad/git/Robotica-UAO-2025-3/Nicolas_Tafur/install/centauro' for CMake config files
[5.175s] Level 1:colcon.colcon_core.environment:checking '/home/everd/universidad/git/Robotica-UAO-2025-3/Nicolas_Tafur/install/centauro/lib'
[5.175s] Level 1:colcon.colcon_core.environment:checking '/home/everd/universidad/git/Robotica-UAO-2025-3/Nicolas_Tafur/install/centauro/bin'
[5.175s] Level 1:colcon.colcon_core.environment:checking '/home/everd/universidad/git/Robotica-UAO-2025-3/Nicolas_Tafur/install/centauro/lib/pkgconfig/centauro.pc'
[5.176s] Level 1:colcon.colcon_core.environment:checking '/home/everd/universidad/git/Robotica-UAO-2025-3/Nicolas_Tafur/install/centauro/lib/python3.10/site-packages'
[5.176s] Level 1:colcon.colcon_core.shell:create_environment_hook('centauro', 'pythonpath')
[5.177s] INFO:colcon.colcon_core.shell:Creating environment hook '/home/everd/universidad/git/Robotica-UAO-2025-3/Nicolas_Tafur/install/centauro/share/centauro/hook/pythonpath.ps1'
[5.178s] INFO:colcon.colcon_core.shell:Creating environment descriptor '/home/everd/universidad/git/Robotica-UAO-2025-3/Nicolas_Tafur/install/centauro/share/centauro/hook/pythonpath.dsv'
[5.179s] INFO:colcon.colcon_core.shell:Creating environment hook '/home/everd/universidad/git/Robotica-UAO-2025-3/Nicolas_Tafur/install/centauro/share/centauro/hook/pythonpath.sh'
[5.181s] Level 1:colcon.colcon_core.environment:checking '/home/everd/universidad/git/Robotica-UAO-2025-3/Nicolas_Tafur/install/centauro/bin'
[5.181s] Level 1:colcon.colcon_core.environment:create_environment_scripts_only(centauro)
[5.182s] INFO:colcon.colcon_core.shell:Creating package script '/home/everd/universidad/git/Robotica-UAO-2025-3/Nicolas_Tafur/install/centauro/share/centauro/package.ps1'
[5.183s] INFO:colcon.colcon_core.shell:Creating package descriptor '/home/everd/universidad/git/Robotica-UAO-2025-3/Nicolas_Tafur/install/centauro/share/centauro/package.dsv'
[5.184s] INFO:colcon.colcon_core.shell:Creating package script '/home/everd/universidad/git/Robotica-UAO-2025-3/Nicolas_Tafur/install/centauro/share/centauro/package.sh'
[5.185s] INFO:colcon.colcon_core.shell:Creating package script '/home/everd/universidad/git/Robotica-UAO-2025-3/Nicolas_Tafur/install/centauro/share/centauro/package.bash'
[5.186s] INFO:colcon.colcon_core.shell:Creating package script '/home/everd/universidad/git/Robotica-UAO-2025-3/Nicolas_Tafur/install/centauro/share/centauro/package.zsh'
[5.187s] Level 1:colcon.colcon_core.environment:create_file_with_runtime_dependencies(/home/everd/universidad/git/Robotica-UAO-2025-3/Nicolas_Tafur/install/centauro/share/colcon-core/packages/centauro)
[5.188s] DEBUG:colcon.colcon_parallel_executor.executor.parallel:closing loop
[5.189s] DEBUG:colcon.colcon_parallel_executor.executor.parallel:loop closed
[5.189s] DEBUG:colcon.colcon_parallel_executor.executor.parallel:run_until_complete finished with '0'
[5.190s] DEBUG:colcon.colcon_core.event_reactor:joining thread
[5.204s] INFO:colcon.colcon_core.plugin_system:Skipping extension 'colcon_notification.desktop_notification.terminal_notifier': Not used on non-Darwin systems
[5.204s] INFO:colcon.colcon_core.plugin_system:Skipping extension 'colcon_notification.desktop_notification.win32': Not used on non-Windows systems
[5.204s] INFO:colcon.colcon_notification.desktop_notification:Sending desktop notification using 'notify2'
[5.241s] DEBUG:colcon.colcon_core.event_reactor:joined thread
[5.243s] INFO:colcon.colcon_core.shell:Creating prefix script '/home/everd/universidad/git/Robotica-UAO-2025-3/Nicolas_Tafur/install/local_setup.ps1'
[5.246s] INFO:colcon.colcon_core.shell:Creating prefix util module '/home/everd/universidad/git/Robotica-UAO-2025-3/Nicolas_Tafur/install/_local_setup_util_ps1.py'
[5.252s] INFO:colcon.colcon_core.shell:Creating prefix chain script '/home/everd/universidad/git/Robotica-UAO-2025-3/Nicolas_Tafur/install/setup.ps1'
[5.257s] INFO:colcon.colcon_core.shell:Creating prefix script '/home/everd/universidad/git/Robotica-UAO-2025-3/Nicolas_Tafur/install/local_setup.sh'
[5.259s] INFO:colcon.colcon_core.shell:Creating prefix util module '/home/everd/universidad/git/Robotica-UAO-2025-3/Nicolas_Tafur/install/_local_setup_util_sh.py'
[5.260s] INFO:colcon.colcon_core.shell:Creating prefix chain script '/home/everd/universidad/git/Robotica-UAO-2025-3/Nicolas_Tafur/install/setup.sh'
[5.265s] INFO:colcon.colcon_core.shell:Creating prefix script '/home/everd/universidad/git/Robotica-UAO-2025-3/Nicolas_Tafur/install/local_setup.bash'
[5.266s] INFO:colcon.colcon_core.shell:Creating prefix chain script '/home/everd/universidad/git/Robotica-UAO-2025-3/Nicolas_Tafur/install/setup.bash'
[5.271s] INFO:colcon.colcon_core.shell:Creating prefix script '/home/everd/universidad/git/Robotica-UAO-2025-3/Nicolas_Tafur/install/local_setup.zsh'
[5.273s] INFO:colcon.colcon_core.shell:Creating prefix chain script '/home/everd/universidad/git/Robotica-UAO-2025-3/Nicolas_Tafur/install/setup.zsh'
