[0.875s] Invoking command in '/home/richilzz/ros2_ws/src/git/Robotica-UAO-2025-3/Nicolas_Tafur/robot': PYTHONPATH=/home/richilzz/ros2_ws/src/git/Robotica-UAO-2025-3/Nicolas_Tafur/build/robot/prefix_override:/usr/lib/python3/dist-packages/colcon_core/task/python/colcon_distutils_commands:/home/richilzz/ros2_ws/src/git/Robotica-UAO-2025-3/Nicolas_Tafur/install/robot/lib/python3.10/site-packages:${PYTHONPATH} /usr/bin/python3 -W ignore:setup.py install is deprecated -W ignore:easy_install command is deprecated setup.py egg_info --egg-base ../build/robot build --build-base /home/richilzz/ros2_ws/src/git/Robotica-UAO-2025-3/Nicolas_Tafur/build/robot/build install --record /home/richilzz/ros2_ws/src/git/Robotica-UAO-2025-3/Nicolas_Tafur/build/robot/install.log --single-version-externally-managed install_data
[1.178s] running egg_info
[1.179s] writing ../build/robot/robot.egg-info/PKG-INFO
[1.179s] writing dependency_links to ../build/robot/robot.egg-info/dependency_links.txt
[1.179s] writing entry points to ../build/robot/robot.egg-info/entry_points.txt
[1.180s] writing requirements to ../build/robot/robot.egg-info/requires.txt
[1.180s] writing top-level names to ../build/robot/robot.egg-info/top_level.txt
[1.183s] reading manifest file '../build/robot/robot.egg-info/SOURCES.txt'
[1.184s] writing manifest file '../build/robot/robot.egg-info/SOURCES.txt'
[1.184s] running build
[1.184s] running build_py
[1.184s] copying robot/joint_trajectory_smoother.py -> /home/richilzz/ros2_ws/src/git/Robotica-UAO-2025-3/Nicolas_Tafur/build/robot/build/lib/robot
[1.185s] running install
[1.186s] running install_lib
[1.187s] copying /home/richilzz/ros2_ws/src/git/Robotica-UAO-2025-3/Nicolas_Tafur/build/robot/build/lib/robot/joint_trajectory_smoother.py -> /home/richilzz/ros2_ws/src/git/Robotica-UAO-2025-3/Nicolas_Tafur/install/robot/lib/python3.10/site-packages/robot
[1.188s] byte-compiling /home/richilzz/ros2_ws/src/git/Robotica-UAO-2025-3/Nicolas_Tafur/install/robot/lib/python3.10/site-packages/robot/joint_trajectory_smoother.py to joint_trajectory_smoother.cpython-310.pyc
[1.190s] byte-compiling /home/richilzz/ros2_ws/src/git/Robotica-UAO-2025-3/Nicolas_Tafur/install/robot/lib/python3.10/site-packages/robot/pinterfaz.py to pinterfaz.cpython-310.pyc
[1.197s]   File "/home/richilzz/ros2_ws/src/git/Robotica-UAO-2025-3/Nicolas_Tafur/install/robot/lib/python3.10/site-packages/robot/pinterfaz.py", line 432
[1.197s]     self.ros.get_logger().info(f'Cambiado a brazo ' {"izquierdo" if brazo == 3 else "derecho"})
[1.197s]                                ^^^^^^^^^^^^^^^^^^^^^^^^^^^^^^^^^^^^^^^^^^^^^^^^^^^^^^^^^^^^^^^
[1.197s] SyntaxError: invalid syntax. Perhaps you forgot a comma?
[1.197s] 
[1.198s] byte-compiling /home/richilzz/ros2_ws/src/git/Robotica-UAO-2025-3/Nicolas_Tafur/install/robot/lib/python3.10/site-packages/robot/joint_commander_deg.py to joint_commander_deg.cpython-310.pyc
[1.198s] running install_data
[1.198s]   File "/home/richilzz/ros2_ws/src/git/Robotica-UAO-2025-3/Nicolas_Tafur/install/robot/lib/python3.10/site-packages/robot/joint_commander_deg.py", line 124
[1.198s]     self.get_logger().info(f'Nuevo objetivo para brazo {self.brazo_activo}: {target_deg} (actual:
[1.198s]                            ^
[1.198s] SyntaxError: unterminated string literal (detected at line 124)
[1.198s] 
[1.198s] running install_egg_info
[1.199s] removing '/home/richilzz/ros2_ws/src/git/Robotica-UAO-2025-3/Nicolas_Tafur/install/robot/lib/python3.10/site-packages/robot-0.0.0-py3.10.egg-info' (and everything under it)
[1.200s] Copying ../build/robot/robot.egg-info to /home/richilzz/ros2_ws/src/git/Robotica-UAO-2025-3/Nicolas_Tafur/install/robot/lib/python3.10/site-packages/robot-0.0.0-py3.10.egg-info
[1.201s] running install_scripts
[1.228s] Installing fk_marker script to /home/richilzz/ros2_ws/src/git/Robotica-UAO-2025-3/Nicolas_Tafur/install/robot/lib/robot
[1.228s] Installing joint_commander_deg script to /home/richilzz/ros2_ws/src/git/Robotica-UAO-2025-3/Nicolas_Tafur/install/robot/lib/robot
[1.228s] Installing joint_trajectory_smoother script to /home/richilzz/ros2_ws/src/git/Robotica-UAO-2025-3/Nicolas_Tafur/install/robot/lib/robot
[1.229s] Installing pinterfaz script to /home/richilzz/ros2_ws/src/git/Robotica-UAO-2025-3/Nicolas_Tafur/install/robot/lib/robot
[1.229s] Installing serial_node script to /home/richilzz/ros2_ws/src/git/Robotica-UAO-2025-3/Nicolas_Tafur/install/robot/lib/robot
[1.229s] writing list of installed files to '/home/richilzz/ros2_ws/src/git/Robotica-UAO-2025-3/Nicolas_Tafur/build/robot/install.log'
[1.270s] Invoked command in '/home/richilzz/ros2_ws/src/git/Robotica-UAO-2025-3/Nicolas_Tafur/robot' returned '0': PYTHONPATH=/home/richilzz/ros2_ws/src/git/Robotica-UAO-2025-3/Nicolas_Tafur/build/robot/prefix_override:/usr/lib/python3/dist-packages/colcon_core/task/python/colcon_distutils_commands:/home/richilzz/ros2_ws/src/git/Robotica-UAO-2025-3/Nicolas_Tafur/install/robot/lib/python3.10/site-packages:${PYTHONPATH} /usr/bin/python3 -W ignore:setup.py install is deprecated -W ignore:easy_install command is deprecated setup.py egg_info --egg-base ../build/robot build --build-base /home/richilzz/ros2_ws/src/git/Robotica-UAO-2025-3/Nicolas_Tafur/build/robot/build install --record /home/richilzz/ros2_ws/src/git/Robotica-UAO-2025-3/Nicolas_Tafur/build/robot/install.log --single-version-externally-managed install_data
