running egg_info
writing ../build/robot/robot.egg-info/PKG-INFO
writing dependency_links to ../build/robot/robot.egg-info/dependency_links.txt
writing entry points to ../build/robot/robot.egg-info/entry_points.txt
writing requirements to ../build/robot/robot.egg-info/requires.txt
writing top-level names to ../build/robot/robot.egg-info/top_level.txt
reading manifest file '../build/robot/robot.egg-info/SOURCES.txt'
writing manifest file '../build/robot/robot.egg-info/SOURCES.txt'
running build
running build_py
running install
running install_lib
running install_data
copying launch/centauro.launch.py -> /home/richilzz/ros2_ws/src/git/Robotica-UAO-2025-3/Nicolas Tafur/install/robot/share/robot/launch
running install_egg_info
removing '/home/richilzz/ros2_ws/src/git/Robotica-UAO-2025-3/Nicolas Tafur/install/robot/lib/python3.10/site-packages/robot-0.0.0-py3.10.egg-info' (and everything under it)
Copying ../build/robot/robot.egg-info to /home/richilzz/ros2_ws/src/git/Robotica-UAO-2025-3/Nicolas Tafur/install/robot/lib/python3.10/site-packages/robot-0.0.0-py3.10.egg-info
running install_scripts
Installing ArmTeleop script to /home/richilzz/ros2_ws/src/git/Robotica-UAO-2025-3/Nicolas Tafur/install/robot/lib/robot
Installing fk_marker script to /home/richilzz/ros2_ws/src/git/Robotica-UAO-2025-3/Nicolas Tafur/install/robot/lib/robot
Installing joint_commander_deg script to /home/richilzz/ros2_ws/src/git/Robotica-UAO-2025-3/Nicolas Tafur/install/robot/lib/robot
Installing joint_state_publisher script to /home/richilzz/ros2_ws/src/git/Robotica-UAO-2025-3/Nicolas Tafur/install/robot/lib/robot
Installing mover_robot script to /home/richilzz/ros2_ws/src/git/Robotica-UAO-2025-3/Nicolas Tafur/install/robot/lib/robot
Installing pinterfaz script to /home/richilzz/ros2_ws/src/git/Robotica-UAO-2025-3/Nicolas Tafur/install/robot/lib/robot
Installing serial_node script to /home/richilzz/ros2_ws/src/git/Robotica-UAO-2025-3/Nicolas Tafur/install/robot/lib/robot
Installing test_arm_movement script to /home/richilzz/ros2_ws/src/git/Robotica-UAO-2025-3/Nicolas Tafur/install/robot/lib/robot
writing list of installed files to '/home/richilzz/ros2_ws/src/git/Robotica-UAO-2025-3/Nicolas Tafur/build/robot/install.log'
