/home/jean/ros2_ws/src/Robotica-UAO-2025-3/Nicolas_Tafur/centauro/install/centauro/lib/python3.10/site-packages/mi_br/fk_dh_test.py
/home/jean/ros2_ws/src/Robotica-UAO-2025-3/Nicolas_Tafur/centauro/install/centauro/lib/python3.10/site-packages/mi_br/pinterfaz.py
/home/jean/ros2_ws/src/Robotica-UAO-2025-3/Nicolas_Tafur/centauro/install/centauro/lib/python3.10/site-packages/mi_br/joint_commander_deg.py
/home/jean/ros2_ws/src/Robotica-UAO-2025-3/Nicolas_Tafur/centauro/install/centauro/lib/python3.10/site-packages/mi_br/mover_robot.py
/home/jean/ros2_ws/src/Robotica-UAO-2025-3/Nicolas_Tafur/centauro/install/centauro/lib/python3.10/site-packages/mi_br/ArmTeleop.py
/home/jean/ros2_ws/src/Robotica-UAO-2025-3/Nicolas_Tafur/centauro/install/centauro/lib/python3.10/site-packages/mi_br/fk_3dof_zyy.py
/home/jean/ros2_ws/src/Robotica-UAO-2025-3/Nicolas_Tafur/centauro/install/centauro/lib/python3.10/site-packages/mi_br/mi_br_interfaz.py
/home/jean/ros2_ws/src/Robotica-UAO-2025-3/Nicolas_Tafur/centauro/install/centauro/lib/python3.10/site-packages/mi_br/mlol.py
/home/jean/ros2_ws/src/Robotica-UAO-2025-3/Nicolas_Tafur/centauro/install/centauro/lib/python3.10/site-packages/mi_br/fk_marker.py
/home/jean/ros2_ws/src/Robotica-UAO-2025-3/Nicolas_Tafur/centauro/install/centauro/lib/python3.10/site-packages/mi_br/test_arm_movement.py
/home/jean/ros2_ws/src/Robotica-UAO-2025-3/Nicolas_Tafur/centauro/install/centauro/lib/python3.10/site-packages/mi_br/__init__.py
/home/jean/ros2_ws/src/Robotica-UAO-2025-3/Nicolas_Tafur/centauro/install/centauro/lib/python3.10/site-packages/mi_br/joint_state_publisher.py
/home/jean/ros2_ws/src/Robotica-UAO-2025-3/Nicolas_Tafur/centauro/install/centauro/lib/python3.10/site-packages/mi_br/serial_node.py
/home/jean/ros2_ws/src/Robotica-UAO-2025-3/Nicolas_Tafur/centauro/install/centauro/lib/python3.10/site-packages/mi_br/spawn_urdf.py
/home/jean/ros2_ws/src/Robotica-UAO-2025-3/Nicolas_Tafur/centauro/install/centauro/lib/python3.10/site-packages/mi_br/__pycache__/fk_dh_test.cpython-310.pyc
/home/jean/ros2_ws/src/Robotica-UAO-2025-3/Nicolas_Tafur/centauro/install/centauro/lib/python3.10/site-packages/mi_br/__pycache__/pinterfaz.cpython-310.pyc
/home/jean/ros2_ws/src/Robotica-UAO-2025-3/Nicolas_Tafur/centauro/install/centauro/lib/python3.10/site-packages/mi_br/__pycache__/joint_commander_deg.cpython-310.pyc
/home/jean/ros2_ws/src/Robotica-UAO-2025-3/Nicolas_Tafur/centauro/install/centauro/lib/python3.10/site-packages/mi_br/__pycache__/mover_robot.cpython-310.pyc
/home/jean/ros2_ws/src/Robotica-UAO-2025-3/Nicolas_Tafur/centauro/install/centauro/lib/python3.10/site-packages/mi_br/__pycache__/ArmTeleop.cpython-310.pyc
/home/jean/ros2_ws/src/Robotica-UAO-2025-3/Nicolas_Tafur/centauro/install/centauro/lib/python3.10/site-packages/mi_br/__pycache__/fk_3dof_zyy.cpython-310.pyc
/home/jean/ros2_ws/src/Robotica-UAO-2025-3/Nicolas_Tafur/centauro/install/centauro/lib/python3.10/site-packages/mi_br/__pycache__/mi_br_interfaz.cpython-310.pyc
/home/jean/ros2_ws/src/Robotica-UAO-2025-3/Nicolas_Tafur/centauro/install/centauro/lib/python3.10/site-packages/mi_br/__pycache__/mlol.cpython-310.pyc
/home/jean/ros2_ws/src/Robotica-UAO-2025-3/Nicolas_Tafur/centauro/install/centauro/lib/python3.10/site-packages/mi_br/__pycache__/fk_marker.cpython-310.pyc
/home/jean/ros2_ws/src/Robotica-UAO-2025-3/Nicolas_Tafur/centauro/install/centauro/lib/python3.10/site-packages/mi_br/__pycache__/test_arm_movement.cpython-310.pyc
/home/jean/ros2_ws/src/Robotica-UAO-2025-3/Nicolas_Tafur/centauro/install/centauro/lib/python3.10/site-packages/mi_br/__pycache__/__init__.cpython-310.pyc
/home/jean/ros2_ws/src/Robotica-UAO-2025-3/Nicolas_Tafur/centauro/install/centauro/lib/python3.10/site-packages/mi_br/__pycache__/joint_state_publisher.cpython-310.pyc
/home/jean/ros2_ws/src/Robotica-UAO-2025-3/Nicolas_Tafur/centauro/install/centauro/lib/python3.10/site-packages/mi_br/__pycache__/serial_node.cpython-310.pyc
/home/jean/ros2_ws/src/Robotica-UAO-2025-3/Nicolas_Tafur/centauro/install/centauro/lib/python3.10/site-packages/mi_br/__pycache__/spawn_urdf.cpython-310.pyc
/home/jean/ros2_ws/src/Robotica-UAO-2025-3/Nicolas_Tafur/centauro/install/centauro/share/ament_index/resource_index/packages/mi_br
/home/jean/ros2_ws/src/Robotica-UAO-2025-3/Nicolas_Tafur/centauro/install/centauro/share/mi_br/package.xml
/home/jean/ros2_ws/src/Robotica-UAO-2025-3/Nicolas_Tafur/centauro/install/centauro/share/mi_br/launch/simulacion.launch.py
/home/jean/ros2_ws/src/Robotica-UAO-2025-3/Nicolas_Tafur/centauro/install/centauro/share/mi_br/launch/centauro_urdf.launch.py
/home/jean/ros2_ws/src/Robotica-UAO-2025-3/Nicolas_Tafur/centauro/install/centauro/share/mi_br/launch/gazebo.launch.py
/home/jean/ros2_ws/src/Robotica-UAO-2025-3/Nicolas_Tafur/centauro/install/centauro/share/mi_br/launch/control.launch.py
/home/jean/ros2_ws/src/Robotica-UAO-2025-3/Nicolas_Tafur/centauro/install/centauro/share/mi_br/launch/display.launch.py
/home/jean/ros2_ws/src/Robotica-UAO-2025-3/Nicolas_Tafur/centauro/install/centauro/share/mi_br/launch/centauro.launch.py
/home/jean/ros2_ws/src/Robotica-UAO-2025-3/Nicolas_Tafur/centauro/install/centauro/share/mi_br/urdf/simple_arm_ros2_control.xacro
/home/jean/ros2_ws/src/Robotica-UAO-2025-3/Nicolas_Tafur/centauro/install/centauro/share/mi_br/urdf/mi_br.urdf.xacro
/home/jean/ros2_ws/src/Robotica-UAO-2025-3/Nicolas_Tafur/centauro/install/centauro/share/mi_br/urdf/simple_arm_description.urdf.xacro
/home/jean/ros2_ws/src/Robotica-UAO-2025-3/Nicolas_Tafur/centauro/install/centauro/share/mi_br/urdf/mi_br_2.urdf.xacro
/home/jean/ros2_ws/src/Robotica-UAO-2025-3/Nicolas_Tafur/centauro/install/centauro/share/mi_br/urdf/simple_arm.urdf.xacro
/home/jean/ros2_ws/src/Robotica-UAO-2025-3/Nicolas_Tafur/centauro/install/centauro/share/mi_br/config/ros2_control.yaml
/home/jean/ros2_ws/src/Robotica-UAO-2025-3/Nicolas_Tafur/centauro/install/centauro/share/mi_br/config/mi_br_controllers.yaml
/home/jean/ros2_ws/src/Robotica-UAO-2025-3/Nicolas_Tafur/centauro/install/centauro/share/mi_br/config/joint_names_URDF_LINKS.yaml
/home/jean/ros2_ws/src/Robotica-UAO-2025-3/Nicolas_Tafur/centauro/install/centauro/share/mi_br/rviz/mi_br.rviz
/home/jean/ros2_ws/src/Robotica-UAO-2025-3/Nicolas_Tafur/centauro/install/centauro/share/mi_br/meshes/link_3.STL
/home/jean/ros2_ws/src/Robotica-UAO-2025-3/Nicolas_Tafur/centauro/install/centauro/share/mi_br/meshes/base_link.STL
/home/jean/ros2_ws/src/Robotica-UAO-2025-3/Nicolas_Tafur/centauro/install/centauro/share/mi_br/meshes/link_5.STL
/home/jean/ros2_ws/src/Robotica-UAO-2025-3/Nicolas_Tafur/centauro/install/centauro/share/mi_br/meshes/link_7.STL
/home/jean/ros2_ws/src/Robotica-UAO-2025-3/Nicolas_Tafur/centauro/install/centauro/share/mi_br/meshes/link_2.STL
/home/jean/ros2_ws/src/Robotica-UAO-2025-3/Nicolas_Tafur/centauro/install/centauro/share/mi_br/meshes/link_6.STL
/home/jean/ros2_ws/src/Robotica-UAO-2025-3/Nicolas_Tafur/centauro/install/centauro/share/mi_br/meshes/link_1.STL
/home/jean/ros2_ws/src/Robotica-UAO-2025-3/Nicolas_Tafur/centauro/install/centauro/lib/python3.10/site-packages/mi_br-0.0.1-py3.10.egg-info/PKG-INFO
/home/jean/ros2_ws/src/Robotica-UAO-2025-3/Nicolas_Tafur/centauro/install/centauro/lib/python3.10/site-packages/mi_br-0.0.1-py3.10.egg-info/dependency_links.txt
/home/jean/ros2_ws/src/Robotica-UAO-2025-3/Nicolas_Tafur/centauro/install/centauro/lib/python3.10/site-packages/mi_br-0.0.1-py3.10.egg-info/zip-safe
/home/jean/ros2_ws/src/Robotica-UAO-2025-3/Nicolas_Tafur/centauro/install/centauro/lib/python3.10/site-packages/mi_br-0.0.1-py3.10.egg-info/top_level.txt
/home/jean/ros2_ws/src/Robotica-UAO-2025-3/Nicolas_Tafur/centauro/install/centauro/lib/python3.10/site-packages/mi_br-0.0.1-py3.10.egg-info/SOURCES.txt
/home/jean/ros2_ws/src/Robotica-UAO-2025-3/Nicolas_Tafur/centauro/install/centauro/lib/python3.10/site-packages/mi_br-0.0.1-py3.10.egg-info/entry_points.txt
/home/jean/ros2_ws/src/Robotica-UAO-2025-3/Nicolas_Tafur/centauro/install/centauro/lib/python3.10/site-packages/mi_br-0.0.1-py3.10.egg-info/requires.txt
/home/jean/ros2_ws/src/Robotica-UAO-2025-3/Nicolas_Tafur/centauro/install/centauro/lib/mi_br/ArmTeleop
/home/jean/ros2_ws/src/Robotica-UAO-2025-3/Nicolas_Tafur/centauro/install/centauro/lib/mi_br/fk_marker
/home/jean/ros2_ws/src/Robotica-UAO-2025-3/Nicolas_Tafur/centauro/install/centauro/lib/mi_br/joint_commander_deg
/home/jean/ros2_ws/src/Robotica-UAO-2025-3/Nicolas_Tafur/centauro/install/centauro/lib/mi_br/joint_state_publisher
/home/jean/ros2_ws/src/Robotica-UAO-2025-3/Nicolas_Tafur/centauro/install/centauro/lib/mi_br/mlol
/home/jean/ros2_ws/src/Robotica-UAO-2025-3/Nicolas_Tafur/centauro/install/centauro/lib/mi_br/mover_robot
/home/jean/ros2_ws/src/Robotica-UAO-2025-3/Nicolas_Tafur/centauro/install/centauro/lib/mi_br/pinterfaz
/home/jean/ros2_ws/src/Robotica-UAO-2025-3/Nicolas_Tafur/centauro/install/centauro/lib/mi_br/serial_node
/home/jean/ros2_ws/src/Robotica-UAO-2025-3/Nicolas_Tafur/centauro/install/centauro/lib/mi_br/spawn_urdf
/home/jean/ros2_ws/src/Robotica-UAO-2025-3/Nicolas_Tafur/centauro/install/centauro/lib/mi_br/test_arm_movement
