[2.768s] Invoking command in '/home/everd/universidad/git/Robotica-UAO-2025-3/Nicolas_Tafur/centauro': PYTHONPATH=/home/everd/universidad/git/Robotica-UAO-2025-3/Nicolas_Tafur/build/centauro/prefix_override:/usr/lib/python3/dist-packages/colcon_core/task/python/colcon_distutils_commands:/home/everd/universidad/git/Robotica-UAO-2025-3/Nicolas_Tafur/install/centauro/lib/python3.10/site-packages:${PYTHONPATH} /usr/bin/python3 -W ignore:setup.py install is deprecated -W ignore:easy_install command is deprecated setup.py egg_info --egg-base ../build/centauro build --build-base /home/everd/universidad/git/Robotica-UAO-2025-3/Nicolas_Tafur/build/centauro/build install --record /home/everd/universidad/git/Robotica-UAO-2025-3/Nicolas_Tafur/build/centauro/install.log --single-version-externally-managed install_data
[3.514s] running egg_info
[3.516s] writing ../build/centauro/mi_br.egg-info/PKG-INFO
[3.517s] writing dependency_links to ../build/centauro/mi_br.egg-info/dependency_links.txt
[3.517s] writing entry points to ../build/centauro/mi_br.egg-info/entry_points.txt
[3.518s] writing requirements to ../build/centauro/mi_br.egg-info/requires.txt
[3.518s] writing top-level names to ../build/centauro/mi_br.egg-info/top_level.txt
[3.525s] reading manifest file '../build/centauro/mi_br.egg-info/SOURCES.txt'
[3.529s] writing manifest file '../build/centauro/mi_br.egg-info/SOURCES.txt'
[3.530s] running build
[3.530s] running build_py
[3.533s] running install
[3.535s] running install_lib
[3.540s] running install_data
[3.543s] running install_egg_info
[3.548s] removing '/home/everd/universidad/git/Robotica-UAO-2025-3/Nicolas_Tafur/install/centauro/lib/python3.10/site-packages/mi_br-0.0.1-py3.10.egg-info' (and everything under it)
[3.549s] Copying ../build/centauro/mi_br.egg-info to /home/everd/universidad/git/Robotica-UAO-2025-3/Nicolas_Tafur/install/centauro/lib/python3.10/site-packages/mi_br-0.0.1-py3.10.egg-info
[3.552s] running install_scripts
[3.617s] Installing ArmTeleop script to /home/everd/universidad/git/Robotica-UAO-2025-3/Nicolas_Tafur/install/centauro/lib/mi_br
[3.619s] Installing fk_marker script to /home/everd/universidad/git/Robotica-UAO-2025-3/Nicolas_Tafur/install/centauro/lib/mi_br
[3.620s] Installing joint_commander_deg script to /home/everd/universidad/git/Robotica-UAO-2025-3/Nicolas_Tafur/install/centauro/lib/mi_br
[3.622s] Installing joint_state_publisher script to /home/everd/universidad/git/Robotica-UAO-2025-3/Nicolas_Tafur/install/centauro/lib/mi_br
[3.622s] Installing mlol script to /home/everd/universidad/git/Robotica-UAO-2025-3/Nicolas_Tafur/install/centauro/lib/mi_br
[3.622s] Installing mover_robot script to /home/everd/universidad/git/Robotica-UAO-2025-3/Nicolas_Tafur/install/centauro/lib/mi_br
[3.622s] Installing pinterfaz script to /home/everd/universidad/git/Robotica-UAO-2025-3/Nicolas_Tafur/install/centauro/lib/mi_br
[3.623s] Installing serial_node script to /home/everd/universidad/git/Robotica-UAO-2025-3/Nicolas_Tafur/install/centauro/lib/mi_br
[3.623s] Installing spawn_urdf script to /home/everd/universidad/git/Robotica-UAO-2025-3/Nicolas_Tafur/install/centauro/lib/mi_br
[3.623s] Installing test_arm_movement script to /home/everd/universidad/git/Robotica-UAO-2025-3/Nicolas_Tafur/install/centauro/lib/mi_br
[3.630s] writing list of installed files to '/home/everd/universidad/git/Robotica-UAO-2025-3/Nicolas_Tafur/build/centauro/install.log'
[3.690s] Invoked command in '/home/everd/universidad/git/Robotica-UAO-2025-3/Nicolas_Tafur/centauro' returned '0': PYTHONPATH=/home/everd/universidad/git/Robotica-UAO-2025-3/Nicolas_Tafur/build/centauro/prefix_override:/usr/lib/python3/dist-packages/colcon_core/task/python/colcon_distutils_commands:/home/everd/universidad/git/Robotica-UAO-2025-3/Nicolas_Tafur/install/centauro/lib/python3.10/site-packages:${PYTHONPATH} /usr/bin/python3 -W ignore:setup.py install is deprecated -W ignore:easy_install command is deprecated setup.py egg_info --egg-base ../build/centauro build --build-base /home/everd/universidad/git/Robotica-UAO-2025-3/Nicolas_Tafur/build/centauro/build install --record /home/everd/universidad/git/Robotica-UAO-2025-3/Nicolas_Tafur/build/centauro/install.log --single-version-externally-managed install_data
