/home/felipe/robótica/Robotica-UAO-2025-3/Nicolas_Tafur/install/robot/lib/python3.10/site-packages/robot/serial_node.py
/home/felipe/robótica/Robotica-UAO-2025-3/Nicolas_Tafur/install/robot/lib/python3.10/site-packages/robot/fk_marker.py
/home/felipe/robótica/Robotica-UAO-2025-3/Nicolas_Tafur/install/robot/lib/python3.10/site-packages/robot/__init__.py
/home/felipe/robótica/Robotica-UAO-2025-3/Nicolas_Tafur/install/robot/lib/python3.10/site-packages/robot/clicks.py
/home/felipe/robótica/Robotica-UAO-2025-3/Nicolas_Tafur/install/robot/lib/python3.10/site-packages/robot/joint_commander_deg.py
/home/felipe/robótica/Robotica-UAO-2025-3/Nicolas_Tafur/install/robot/lib/python3.10/site-packages/robot/pinterfaz.py
/home/felipe/robótica/Robotica-UAO-2025-3/Nicolas_Tafur/install/robot/lib/python3.10/site-packages/robot/fk_3dof_zyy.py
/home/felipe/robótica/Robotica-UAO-2025-3/Nicolas_Tafur/install/robot/lib/python3.10/site-packages/robot/__pycache__/serial_node.cpython-310.pyc
/home/felipe/robótica/Robotica-UAO-2025-3/Nicolas_Tafur/install/robot/lib/python3.10/site-packages/robot/__pycache__/fk_marker.cpython-310.pyc
/home/felipe/robótica/Robotica-UAO-2025-3/Nicolas_Tafur/install/robot/lib/python3.10/site-packages/robot/__pycache__/__init__.cpython-310.pyc
/home/felipe/robótica/Robotica-UAO-2025-3/Nicolas_Tafur/install/robot/lib/python3.10/site-packages/robot/__pycache__/clicks.cpython-310.pyc
/home/felipe/robótica/Robotica-UAO-2025-3/Nicolas_Tafur/install/robot/lib/python3.10/site-packages/robot/__pycache__/joint_commander_deg.cpython-310.pyc
/home/felipe/robótica/Robotica-UAO-2025-3/Nicolas_Tafur/install/robot/lib/python3.10/site-packages/robot/__pycache__/pinterfaz.cpython-310.pyc
/home/felipe/robótica/Robotica-UAO-2025-3/Nicolas_Tafur/install/robot/lib/python3.10/site-packages/robot/__pycache__/fk_3dof_zyy.cpython-310.pyc
/home/felipe/robótica/Robotica-UAO-2025-3/Nicolas_Tafur/install/robot/share/ament_index/resource_index/packages/robot
/home/felipe/robótica/Robotica-UAO-2025-3/Nicolas_Tafur/install/robot/share/robot/package.xml
/home/felipe/robótica/Robotica-UAO-2025-3/Nicolas_Tafur/install/robot/share/robot/launch/centauro.launch.py
/home/felipe/robótica/Robotica-UAO-2025-3/Nicolas_Tafur/install/robot/share/robot/urdf/SOLID.urdf
/home/felipe/robótica/Robotica-UAO-2025-3/Nicolas_Tafur/install/robot/share/robot/urdf/mi_br.urdf
/home/felipe/robótica/Robotica-UAO-2025-3/Nicolas_Tafur/install/robot/share/robot/meshes/link_3.STL
/home/felipe/robótica/Robotica-UAO-2025-3/Nicolas_Tafur/install/robot/share/robot/meshes/link_6.STL
/home/felipe/robótica/Robotica-UAO-2025-3/Nicolas_Tafur/install/robot/share/robot/meshes/link_2.STL
/home/felipe/robótica/Robotica-UAO-2025-3/Nicolas_Tafur/install/robot/share/robot/meshes/link_1.STL
/home/felipe/robótica/Robotica-UAO-2025-3/Nicolas_Tafur/install/robot/share/robot/meshes/link_7.STL
/home/felipe/robótica/Robotica-UAO-2025-3/Nicolas_Tafur/install/robot/share/robot/meshes/base_link.STL
/home/felipe/robótica/Robotica-UAO-2025-3/Nicolas_Tafur/install/robot/share/robot/meshes/link_5.STL
/home/felipe/robótica/Robotica-UAO-2025-3/Nicolas_Tafur/install/robot/share/robot/config/joint_trajectory_controller.yaml
/home/felipe/robótica/Robotica-UAO-2025-3/Nicolas_Tafur/install/robot/share/robot/rviz/robot.rviz
/home/felipe/robótica/Robotica-UAO-2025-3/Nicolas_Tafur/install/robot/lib/python3.10/site-packages/robot-0.0.1-py3.10.egg-info/entry_points.txt
/home/felipe/robótica/Robotica-UAO-2025-3/Nicolas_Tafur/install/robot/lib/python3.10/site-packages/robot-0.0.1-py3.10.egg-info/requires.txt
/home/felipe/robótica/Robotica-UAO-2025-3/Nicolas_Tafur/install/robot/lib/python3.10/site-packages/robot-0.0.1-py3.10.egg-info/dependency_links.txt
/home/felipe/robótica/Robotica-UAO-2025-3/Nicolas_Tafur/install/robot/lib/python3.10/site-packages/robot-0.0.1-py3.10.egg-info/PKG-INFO
/home/felipe/robótica/Robotica-UAO-2025-3/Nicolas_Tafur/install/robot/lib/python3.10/site-packages/robot-0.0.1-py3.10.egg-info/top_level.txt
/home/felipe/robótica/Robotica-UAO-2025-3/Nicolas_Tafur/install/robot/lib/python3.10/site-packages/robot-0.0.1-py3.10.egg-info/SOURCES.txt
/home/felipe/robótica/Robotica-UAO-2025-3/Nicolas_Tafur/install/robot/lib/python3.10/site-packages/robot-0.0.1-py3.10.egg-info/zip-safe
/home/felipe/robótica/Robotica-UAO-2025-3/Nicolas_Tafur/install/robot/lib/robot/joint_commander_deg
/home/felipe/robótica/Robotica-UAO-2025-3/Nicolas_Tafur/install/robot/lib/robot/pinterfaz
/home/felipe/robótica/Robotica-UAO-2025-3/Nicolas_Tafur/install/robot/lib/robot/serial_node
