[0.077s] DEBUG:colcon:Command line arguments: ['/usr/bin/colcon', 'build']
[0.077s] DEBUG:colcon:Parsed command line arguments: Namespace(log_base=None, log_level=None, verb_name='build', build_base='build', install_base='install', merge_install=False, symlink_install=False, test_result_base=None, continue_on_error=False, executor='parallel', parallel_workers=12, event_handlers=None, ignore_user_meta=False, metas=['./colcon.meta'], base_paths=['.'], packages_ignore=None, packages_ignore_regex=None, paths=None, packages_up_to=None, packages_up_to_regex=None, packages_above=None, packages_above_and_dependencies=None, packages_above_depth=None, packages_select_by_dep=None, packages_skip_by_dep=None, packages_skip_up_to=None, packages_select_build_failed=False, packages_skip_build_finished=False, packages_select_test_failures=False, packages_skip_test_passed=False, packages_select=None, packages_skip=None, packages_select_regex=None, packages_skip_regex=None, packages_start=None, packages_end=None, allow_overriding=[], cmake_args=None, cmake_target=None, cmake_target_skip_unavailable=False, cmake_clean_cache=False, cmake_clean_first=False, cmake_force_configure=False, ament_cmake_args=None, catkin_cmake_args=None, catkin_skip_building_tests=False, mixin_files=None, mixin=None, verb_parser=<colcon_mixin.mixin.mixin_argument.MixinArgumentDecorator object at 0x707fedec74c0>, verb_extension=<colcon_core.verb.build.BuildVerb object at 0x707fee0fce50>, main=<bound method BuildVerb.main of <colcon_core.verb.build.BuildVerb object at 0x707fee0fce50>>, mixin_verb=('build',))
[0.179s] Level 1:colcon.colcon_core.package_discovery:discover_packages(colcon_meta) check parameters
[0.179s] Level 1:colcon.colcon_core.package_discovery:discover_packages(recursive) check parameters
[0.179s] Level 1:colcon.colcon_core.package_discovery:discover_packages(ignore) check parameters
[0.179s] Level 1:colcon.colcon_core.package_discovery:discover_packages(path) check parameters
[0.179s] Level 1:colcon.colcon_core.package_discovery:discover_packages(colcon_meta) discover
[0.179s] Level 1:colcon.colcon_core.package_discovery:discover_packages(recursive) discover
[0.179s] INFO:colcon.colcon_core.package_discovery:Crawling recursively for packages in '/home/jean/ros2_ws/src/Robotica-UAO-2025-3/Nicolas_Tafur/centauro'
[0.179s] Level 1:colcon.colcon_core.package_identification:_identify(.) by extensions ['ignore', 'ignore_ament_install']
[0.179s] Level 1:colcon.colcon_core.package_identification:_identify(.) by extension 'ignore'
[0.179s] Level 1:colcon.colcon_core.package_identification:_identify(.) by extension 'ignore_ament_install'
[0.179s] Level 1:colcon.colcon_core.package_identification:_identify(.) by extensions ['colcon_pkg']
[0.179s] Level 1:colcon.colcon_core.package_identification:_identify(.) by extension 'colcon_pkg'
[0.179s] Level 1:colcon.colcon_core.package_identification:_identify(.) by extensions ['colcon_meta']
[0.180s] Level 1:colcon.colcon_core.package_identification:_identify(.) by extension 'colcon_meta'
[0.180s] Level 1:colcon.colcon_core.package_identification:_identify(.) by extensions ['ros']
[0.180s] Level 1:colcon.colcon_core.package_identification:_identify(.) by extension 'ros'
[0.202s] DEBUG:colcon.colcon_core.package_identification:Package '.' with type 'ros.ament_python' and name 'centauro'
[0.202s] Level 1:colcon.colcon_core.package_discovery:discover_packages(recursive) using defaults
[0.202s] Level 1:colcon.colcon_core.package_discovery:discover_packages(ignore) discover
[0.202s] Level 1:colcon.colcon_core.package_discovery:discover_packages(ignore) using defaults
[0.202s] Level 1:colcon.colcon_core.package_discovery:discover_packages(path) discover
[0.202s] Level 1:colcon.colcon_core.package_discovery:discover_packages(path) using defaults
[0.215s] Level 1:colcon.colcon_core.package_discovery:discover_packages(prefix_path) check parameters
[0.215s] Level 1:colcon.colcon_core.package_discovery:discover_packages(prefix_path) discover
[0.216s] DEBUG:colcon.colcon_installed_package_information.package_discovery:Found 8 installed packages in /home/jean/ros2_ws/install
[0.217s] DEBUG:colcon.colcon_installed_package_information.package_discovery:Found 273 installed packages in /opt/ros/humble
[0.218s] Level 1:colcon.colcon_core.package_discovery:discover_packages(prefix_path) using defaults
[0.250s] Level 5:colcon.colcon_core.verb:set package 'centauro' build argument 'cmake_args' from command line to 'None'
[0.250s] Level 5:colcon.colcon_core.verb:set package 'centauro' build argument 'cmake_target' from command line to 'None'
[0.250s] Level 5:colcon.colcon_core.verb:set package 'centauro' build argument 'cmake_target_skip_unavailable' from command line to 'False'
[0.250s] Level 5:colcon.colcon_core.verb:set package 'centauro' build argument 'cmake_clean_cache' from command line to 'False'
[0.250s] Level 5:colcon.colcon_core.verb:set package 'centauro' build argument 'cmake_clean_first' from command line to 'False'
[0.250s] Level 5:colcon.colcon_core.verb:set package 'centauro' build argument 'cmake_force_configure' from command line to 'False'
[0.250s] Level 5:colcon.colcon_core.verb:set package 'centauro' build argument 'ament_cmake_args' from command line to 'None'
[0.250s] Level 5:colcon.colcon_core.verb:set package 'centauro' build argument 'catkin_cmake_args' from command line to 'None'
[0.250s] Level 5:colcon.colcon_core.verb:set package 'centauro' build argument 'catkin_skip_building_tests' from command line to 'False'
[0.250s] DEBUG:colcon.colcon_core.verb:Building package 'centauro' with the following arguments: {'ament_cmake_args': None, 'build_base': '/home/jean/ros2_ws/src/Robotica-UAO-2025-3/Nicolas_Tafur/centauro/build/centauro', 'catkin_cmake_args': None, 'catkin_skip_building_tests': False, 'cmake_args': None, 'cmake_clean_cache': False, 'cmake_clean_first': False, 'cmake_force_configure': False, 'cmake_target': None, 'cmake_target_skip_unavailable': False, 'install_base': '/home/jean/ros2_ws/src/Robotica-UAO-2025-3/Nicolas_Tafur/centauro/install/centauro', 'merge_install': False, 'path': '/home/jean/ros2_ws/src/Robotica-UAO-2025-3/Nicolas_Tafur/centauro', 'symlink_install': False, 'test_result_base': None}
[0.250s] INFO:colcon.colcon_core.executor:Executing jobs using 'parallel' executor
[0.251s] DEBUG:colcon.colcon_parallel_executor.executor.parallel:run_until_complete
[0.251s] INFO:colcon.colcon_ros.task.ament_python.build:Building ROS package in '/home/jean/ros2_ws/src/Robotica-UAO-2025-3/Nicolas_Tafur/centauro' with build type 'ament_python'
[0.251s] Level 1:colcon.colcon_core.shell:create_environment_hook('centauro', 'ament_prefix_path')
[0.253s] INFO:colcon.colcon_core.plugin_system:Skipping extension 'colcon_core.shell.bat': Not used on non-Windows systems
[0.253s] INFO:colcon.colcon_core.shell:Creating environment hook '/home/jean/ros2_ws/src/Robotica-UAO-2025-3/Nicolas_Tafur/centauro/install/centauro/share/centauro/hook/ament_prefix_path.ps1'
[0.254s] INFO:colcon.colcon_core.shell:Creating environment descriptor '/home/jean/ros2_ws/src/Robotica-UAO-2025-3/Nicolas_Tafur/centauro/install/centauro/share/centauro/hook/ament_prefix_path.dsv'
[0.254s] INFO:colcon.colcon_core.shell:Creating environment hook '/home/jean/ros2_ws/src/Robotica-UAO-2025-3/Nicolas_Tafur/centauro/install/centauro/share/centauro/hook/ament_prefix_path.sh'
[0.255s] INFO:colcon.colcon_core.shell:Skip shell extension 'powershell' for command environment: Not usable outside of PowerShell
[0.255s] DEBUG:colcon.colcon_core.shell:Skip shell extension 'dsv' for command environment
[0.413s] WARNING:colcon.colcon_ros.task.ament_python.build:Package 'centauro' doesn't explicitly install a marker in the package index (colcon-ros currently does it implicitly but that fallback will be removed in the future)
[0.413s] WARNING:colcon.colcon_ros.task.ament_python.build:Package 'centauro' doesn't explicitly install the 'package.xml' file (colcon-ros currently does it implicitly but that fallback will be removed in the future)
[0.414s] INFO:colcon.colcon_core.task.python.build:Building Python package in '/home/jean/ros2_ws/src/Robotica-UAO-2025-3/Nicolas_Tafur/centauro'
[0.414s] INFO:colcon.colcon_core.shell:Skip shell extension 'powershell' for command environment: Not usable outside of PowerShell
[0.414s] DEBUG:colcon.colcon_core.shell:Skip shell extension 'dsv' for command environment
[0.625s] DEBUG:colcon.colcon_core.event_handler.log_command:Invoking command in '/home/jean/ros2_ws/src/Robotica-UAO-2025-3/Nicolas_Tafur/centauro': PYTHONPATH=/home/jean/ros2_ws/src/Robotica-UAO-2025-3/Nicolas_Tafur/centauro/build/centauro/prefix_override:/usr/lib/python3/dist-packages/colcon_core/task/python/colcon_distutils_commands:/home/jean/ros2_ws/src/Robotica-UAO-2025-3/Nicolas_Tafur/centauro/install/centauro/lib/python3.10/site-packages:${PYTHONPATH} /usr/bin/python3 -W ignore:setup.py install is deprecated -W ignore:easy_install command is deprecated setup.py egg_info --egg-base build/centauro build --build-base /home/jean/ros2_ws/src/Robotica-UAO-2025-3/Nicolas_Tafur/centauro/build/centauro/build install --record /home/jean/ros2_ws/src/Robotica-UAO-2025-3/Nicolas_Tafur/centauro/build/centauro/install.log --single-version-externally-managed install_data
[0.827s] DEBUG:colcon.colcon_core.event_handler.log_command:Invoked command in '/home/jean/ros2_ws/src/Robotica-UAO-2025-3/Nicolas_Tafur/centauro' returned '0': PYTHONPATH=/home/jean/ros2_ws/src/Robotica-UAO-2025-3/Nicolas_Tafur/centauro/build/centauro/prefix_override:/usr/lib/python3/dist-packages/colcon_core/task/python/colcon_distutils_commands:/home/jean/ros2_ws/src/Robotica-UAO-2025-3/Nicolas_Tafur/centauro/install/centauro/lib/python3.10/site-packages:${PYTHONPATH} /usr/bin/python3 -W ignore:setup.py install is deprecated -W ignore:easy_install command is deprecated setup.py egg_info --egg-base build/centauro build --build-base /home/jean/ros2_ws/src/Robotica-UAO-2025-3/Nicolas_Tafur/centauro/build/centauro/build install --record /home/jean/ros2_ws/src/Robotica-UAO-2025-3/Nicolas_Tafur/centauro/build/centauro/install.log --single-version-externally-managed install_data
[0.831s] Level 1:colcon.colcon_core.environment:checking '/home/jean/ros2_ws/src/Robotica-UAO-2025-3/Nicolas_Tafur/centauro/install/centauro' for CMake module files
[0.831s] Level 1:colcon.colcon_core.environment:checking '/home/jean/ros2_ws/src/Robotica-UAO-2025-3/Nicolas_Tafur/centauro/install/centauro' for CMake config files
[0.832s] Level 1:colcon.colcon_core.environment:checking '/home/jean/ros2_ws/src/Robotica-UAO-2025-3/Nicolas_Tafur/centauro/install/centauro/lib'
[0.832s] Level 1:colcon.colcon_core.environment:checking '/home/jean/ros2_ws/src/Robotica-UAO-2025-3/Nicolas_Tafur/centauro/install/centauro/bin'
[0.832s] Level 1:colcon.colcon_core.environment:checking '/home/jean/ros2_ws/src/Robotica-UAO-2025-3/Nicolas_Tafur/centauro/install/centauro/lib/pkgconfig/centauro.pc'
[0.833s] Level 1:colcon.colcon_core.environment:checking '/home/jean/ros2_ws/src/Robotica-UAO-2025-3/Nicolas_Tafur/centauro/install/centauro/lib/python3.10/site-packages'
[0.833s] Level 1:colcon.colcon_core.shell:create_environment_hook('centauro', 'pythonpath')
[0.833s] INFO:colcon.colcon_core.shell:Creating environment hook '/home/jean/ros2_ws/src/Robotica-UAO-2025-3/Nicolas_Tafur/centauro/install/centauro/share/centauro/hook/pythonpath.ps1'
[0.833s] INFO:colcon.colcon_core.shell:Creating environment descriptor '/home/jean/ros2_ws/src/Robotica-UAO-2025-3/Nicolas_Tafur/centauro/install/centauro/share/centauro/hook/pythonpath.dsv'
[0.834s] INFO:colcon.colcon_core.shell:Creating environment hook '/home/jean/ros2_ws/src/Robotica-UAO-2025-3/Nicolas_Tafur/centauro/install/centauro/share/centauro/hook/pythonpath.sh'
[0.834s] Level 1:colcon.colcon_core.environment:checking '/home/jean/ros2_ws/src/Robotica-UAO-2025-3/Nicolas_Tafur/centauro/install/centauro/bin'
[0.834s] Level 1:colcon.colcon_core.environment:create_environment_scripts_only(centauro)
[0.835s] INFO:colcon.colcon_core.shell:Creating package script '/home/jean/ros2_ws/src/Robotica-UAO-2025-3/Nicolas_Tafur/centauro/install/centauro/share/centauro/package.ps1'
[0.835s] INFO:colcon.colcon_core.shell:Creating package descriptor '/home/jean/ros2_ws/src/Robotica-UAO-2025-3/Nicolas_Tafur/centauro/install/centauro/share/centauro/package.dsv'
[0.836s] INFO:colcon.colcon_core.shell:Creating package script '/home/jean/ros2_ws/src/Robotica-UAO-2025-3/Nicolas_Tafur/centauro/install/centauro/share/centauro/package.sh'
[0.837s] INFO:colcon.colcon_core.shell:Creating package script '/home/jean/ros2_ws/src/Robotica-UAO-2025-3/Nicolas_Tafur/centauro/install/centauro/share/centauro/package.bash'
[0.837s] INFO:colcon.colcon_core.shell:Creating package script '/home/jean/ros2_ws/src/Robotica-UAO-2025-3/Nicolas_Tafur/centauro/install/centauro/share/centauro/package.zsh'
[0.838s] Level 1:colcon.colcon_core.environment:create_file_with_runtime_dependencies(/home/jean/ros2_ws/src/Robotica-UAO-2025-3/Nicolas_Tafur/centauro/install/centauro/share/colcon-core/packages/centauro)
[0.838s] DEBUG:colcon.colcon_parallel_executor.executor.parallel:closing loop
[0.838s] DEBUG:colcon.colcon_parallel_executor.executor.parallel:loop closed
[0.838s] DEBUG:colcon.colcon_parallel_executor.executor.parallel:run_until_complete finished with '0'
[0.838s] DEBUG:colcon.colcon_core.event_reactor:joining thread
[0.842s] INFO:colcon.colcon_core.plugin_system:Skipping extension 'colcon_notification.desktop_notification.terminal_notifier': Not used on non-Darwin systems
[0.842s] INFO:colcon.colcon_core.plugin_system:Skipping extension 'colcon_notification.desktop_notification.win32': Not used on non-Windows systems
[0.842s] INFO:colcon.colcon_notification.desktop_notification:Sending desktop notification using 'notify2'
[0.855s] DEBUG:colcon.colcon_core.event_reactor:joined thread
[0.855s] INFO:colcon.colcon_core.shell:Creating prefix script '/home/jean/ros2_ws/src/Robotica-UAO-2025-3/Nicolas_Tafur/centauro/install/local_setup.ps1'
[0.856s] INFO:colcon.colcon_core.shell:Creating prefix util module '/home/jean/ros2_ws/src/Robotica-UAO-2025-3/Nicolas_Tafur/centauro/install/_local_setup_util_ps1.py'
[0.858s] INFO:colcon.colcon_core.shell:Creating prefix chain script '/home/jean/ros2_ws/src/Robotica-UAO-2025-3/Nicolas_Tafur/centauro/install/setup.ps1'
[0.859s] INFO:colcon.colcon_core.shell:Creating prefix script '/home/jean/ros2_ws/src/Robotica-UAO-2025-3/Nicolas_Tafur/centauro/install/local_setup.sh'
[0.859s] INFO:colcon.colcon_core.shell:Creating prefix util module '/home/jean/ros2_ws/src/Robotica-UAO-2025-3/Nicolas_Tafur/centauro/install/_local_setup_util_sh.py'
[0.860s] INFO:colcon.colcon_core.shell:Creating prefix chain script '/home/jean/ros2_ws/src/Robotica-UAO-2025-3/Nicolas_Tafur/centauro/install/setup.sh'
[0.861s] INFO:colcon.colcon_core.shell:Creating prefix script '/home/jean/ros2_ws/src/Robotica-UAO-2025-3/Nicolas_Tafur/centauro/install/local_setup.bash'
[0.861s] INFO:colcon.colcon_core.shell:Creating prefix chain script '/home/jean/ros2_ws/src/Robotica-UAO-2025-3/Nicolas_Tafur/centauro/install/setup.bash'
[0.863s] INFO:colcon.colcon_core.shell:Creating prefix script '/home/jean/ros2_ws/src/Robotica-UAO-2025-3/Nicolas_Tafur/centauro/install/local_setup.zsh'
[0.863s] INFO:colcon.colcon_core.shell:Creating prefix chain script '/home/jean/ros2_ws/src/Robotica-UAO-2025-3/Nicolas_Tafur/centauro/install/setup.zsh'
