/home/jean/ros2_ws/src/Robotica-UAO-2025-3/Nicolas_Tafur/robot/install/robot/lib/python3.10/site-packages/robot/pinterfaz.py
/home/jean/ros2_ws/src/Robotica-UAO-2025-3/Nicolas_Tafur/robot/install/robot/lib/python3.10/site-packages/robot/joint_commander_deg.py
/home/jean/ros2_ws/src/Robotica-UAO-2025-3/Nicolas_Tafur/robot/install/robot/lib/python3.10/site-packages/robot/ArmTeleop.py
/home/jean/ros2_ws/src/Robotica-UAO-2025-3/Nicolas_Tafur/robot/install/robot/lib/python3.10/site-packages/robot/fk_3dof_zyy.py
/home/jean/ros2_ws/src/Robotica-UAO-2025-3/Nicolas_Tafur/robot/install/robot/lib/python3.10/site-packages/robot/fk_marker.py
/home/jean/ros2_ws/src/Robotica-UAO-2025-3/Nicolas_Tafur/robot/install/robot/lib/python3.10/site-packages/robot/__init__.py
/home/jean/ros2_ws/src/Robotica-UAO-2025-3/Nicolas_Tafur/robot/install/robot/lib/python3.10/site-packages/robot/joint_state_publisher.py
/home/jean/ros2_ws/src/Robotica-UAO-2025-3/Nicolas_Tafur/robot/install/robot/lib/python3.10/site-packages/robot/serial_node.py
/home/jean/ros2_ws/src/Robotica-UAO-2025-3/Nicolas_Tafur/robot/install/robot/lib/python3.10/site-packages/robot/__pycache__/pinterfaz.cpython-310.pyc
/home/jean/ros2_ws/src/Robotica-UAO-2025-3/Nicolas_Tafur/robot/install/robot/lib/python3.10/site-packages/robot/__pycache__/joint_commander_deg.cpython-310.pyc
/home/jean/ros2_ws/src/Robotica-UAO-2025-3/Nicolas_Tafur/robot/install/robot/lib/python3.10/site-packages/robot/__pycache__/ArmTeleop.cpython-310.pyc
/home/jean/ros2_ws/src/Robotica-UAO-2025-3/Nicolas_Tafur/robot/install/robot/lib/python3.10/site-packages/robot/__pycache__/fk_3dof_zyy.cpython-310.pyc
/home/jean/ros2_ws/src/Robotica-UAO-2025-3/Nicolas_Tafur/robot/install/robot/lib/python3.10/site-packages/robot/__pycache__/fk_marker.cpython-310.pyc
/home/jean/ros2_ws/src/Robotica-UAO-2025-3/Nicolas_Tafur/robot/install/robot/lib/python3.10/site-packages/robot/__pycache__/__init__.cpython-310.pyc
/home/jean/ros2_ws/src/Robotica-UAO-2025-3/Nicolas_Tafur/robot/install/robot/lib/python3.10/site-packages/robot/__pycache__/joint_state_publisher.cpython-310.pyc
/home/jean/ros2_ws/src/Robotica-UAO-2025-3/Nicolas_Tafur/robot/install/robot/lib/python3.10/site-packages/robot/__pycache__/serial_node.cpython-310.pyc
/home/jean/ros2_ws/src/Robotica-UAO-2025-3/Nicolas_Tafur/robot/install/robot/share/ament_index/resource_index/packages/robot
/home/jean/ros2_ws/src/Robotica-UAO-2025-3/Nicolas_Tafur/robot/install/robot/share/robot/package.xml
/home/jean/ros2_ws/src/Robotica-UAO-2025-3/Nicolas_Tafur/robot/install/robot/share/robot/launch/display.launch.py
/home/jean/ros2_ws/src/Robotica-UAO-2025-3/Nicolas_Tafur/robot/install/robot/share/robot/launch/centauro.launch.py
/home/jean/ros2_ws/src/Robotica-UAO-2025-3/Nicolas_Tafur/robot/install/robot/share/robot/urdf/robot.xacro
/home/jean/ros2_ws/src/Robotica-UAO-2025-3/Nicolas_Tafur/robot/install/robot/share/robot/config
/home/jean/ros2_ws/src/Robotica-UAO-2025-3/Nicolas_Tafur/robot/install/robot/share/robot/rviz
/home/jean/ros2_ws/src/Robotica-UAO-2025-3/Nicolas_Tafur/robot/install/robot/lib/python3.10/site-packages/robot-0.0.0-py3.10.egg-info/PKG-INFO
/home/jean/ros2_ws/src/Robotica-UAO-2025-3/Nicolas_Tafur/robot/install/robot/lib/python3.10/site-packages/robot-0.0.0-py3.10.egg-info/dependency_links.txt
/home/jean/ros2_ws/src/Robotica-UAO-2025-3/Nicolas_Tafur/robot/install/robot/lib/python3.10/site-packages/robot-0.0.0-py3.10.egg-info/zip-safe
/home/jean/ros2_ws/src/Robotica-UAO-2025-3/Nicolas_Tafur/robot/install/robot/lib/python3.10/site-packages/robot-0.0.0-py3.10.egg-info/top_level.txt
/home/jean/ros2_ws/src/Robotica-UAO-2025-3/Nicolas_Tafur/robot/install/robot/lib/python3.10/site-packages/robot-0.0.0-py3.10.egg-info/SOURCES.txt
/home/jean/ros2_ws/src/Robotica-UAO-2025-3/Nicolas_Tafur/robot/install/robot/lib/python3.10/site-packages/robot-0.0.0-py3.10.egg-info/entry_points.txt
/home/jean/ros2_ws/src/Robotica-UAO-2025-3/Nicolas_Tafur/robot/install/robot/lib/python3.10/site-packages/robot-0.0.0-py3.10.egg-info/requires.txt
/home/jean/ros2_ws/src/Robotica-UAO-2025-3/Nicolas_Tafur/robot/install/robot/lib/robot/ArmTeleop
/home/jean/ros2_ws/src/Robotica-UAO-2025-3/Nicolas_Tafur/robot/install/robot/lib/robot/fk_marker
/home/jean/ros2_ws/src/Robotica-UAO-2025-3/Nicolas_Tafur/robot/install/robot/lib/robot/joint_commander_deg
/home/jean/ros2_ws/src/Robotica-UAO-2025-3/Nicolas_Tafur/robot/install/robot/lib/robot/joint_state_publisher
/home/jean/ros2_ws/src/Robotica-UAO-2025-3/Nicolas_Tafur/robot/install/robot/lib/robot/mover_robot
/home/jean/ros2_ws/src/Robotica-UAO-2025-3/Nicolas_Tafur/robot/install/robot/lib/robot/pinterfaz
/home/jean/ros2_ws/src/Robotica-UAO-2025-3/Nicolas_Tafur/robot/install/robot/lib/robot/serial_node
/home/jean/ros2_ws/src/Robotica-UAO-2025-3/Nicolas_Tafur/robot/install/robot/lib/robot/test_arm_movement
