[1.701s] Invoking command in '/home/everd/universidad/git/Robotica-UAO-2025-3/Nicolas_Tafur/robot': PYTHONPATH=/home/everd/universidad/git/Robotica-UAO-2025-3/Nicolas_Tafur/build/robot/prefix_override:/usr/lib/python3/dist-packages/colcon_core/task/python/colcon_distutils_commands:/home/everd/universidad/git/Robotica-UAO-2025-3/Nicolas_Tafur/install/robot/lib/python3.10/site-packages:${PYTHONPATH} /usr/bin/python3 -W ignore:setup.py install is deprecated -W ignore:easy_install command is deprecated setup.py egg_info --egg-base ../build/robot build --build-base /home/everd/universidad/git/Robotica-UAO-2025-3/Nicolas_Tafur/build/robot/build install --record /home/everd/universidad/git/Robotica-UAO-2025-3/Nicolas_Tafur/build/robot/install.log --single-version-externally-managed install_data
[2.151s] running egg_info
[2.152s] writing ../build/robot/robot.egg-info/PKG-INFO
[2.153s] writing dependency_links to ../build/robot/robot.egg-info/dependency_links.txt
[2.153s] writing entry points to ../build/robot/robot.egg-info/entry_points.txt
[2.153s] writing requirements to ../build/robot/robot.egg-info/requires.txt
[2.154s] writing top-level names to ../build/robot/robot.egg-info/top_level.txt
[2.157s] reading manifest file '../build/robot/robot.egg-info/SOURCES.txt'
[2.160s] writing manifest file '../build/robot/robot.egg-info/SOURCES.txt'
[2.160s] running build
[2.161s] running build_py
[2.161s] copying robot/pinterfaz.py -> /home/everd/universidad/git/Robotica-UAO-2025-3/Nicolas_Tafur/build/robot/build/lib/robot
[2.162s] running install
[2.163s] running install_lib
[2.166s] copying /home/everd/universidad/git/Robotica-UAO-2025-3/Nicolas_Tafur/build/robot/build/lib/robot/pinterfaz.py -> /home/everd/universidad/git/Robotica-UAO-2025-3/Nicolas_Tafur/install/robot/lib/python3.10/site-packages/robot
[2.168s] byte-compiling /home/everd/universidad/git/Robotica-UAO-2025-3/Nicolas_Tafur/install/robot/lib/python3.10/site-packages/robot/pinterfaz.py to pinterfaz.cpython-310.pyc
[2.176s] running install_data
[2.177s] running install_egg_info
[2.180s] removing '/home/everd/universidad/git/Robotica-UAO-2025-3/Nicolas_Tafur/install/robot/lib/python3.10/site-packages/robot-0.0.1-py3.10.egg-info' (and everything under it)
[2.181s] Copying ../build/robot/robot.egg-info to /home/everd/universidad/git/Robotica-UAO-2025-3/Nicolas_Tafur/install/robot/lib/python3.10/site-packages/robot-0.0.1-py3.10.egg-info
[2.183s] running install_scripts
[2.219s] Installing fk_marker script to /home/everd/universidad/git/Robotica-UAO-2025-3/Nicolas_Tafur/install/robot/lib/robot
[2.220s] Installing joint_commander_deg script to /home/everd/universidad/git/Robotica-UAO-2025-3/Nicolas_Tafur/install/robot/lib/robot
[2.220s] Installing pinterfaz script to /home/everd/universidad/git/Robotica-UAO-2025-3/Nicolas_Tafur/install/robot/lib/robot
[2.220s] Installing serial_node script to /home/everd/universidad/git/Robotica-UAO-2025-3/Nicolas_Tafur/install/robot/lib/robot
[2.221s] writing list of installed files to '/home/everd/universidad/git/Robotica-UAO-2025-3/Nicolas_Tafur/build/robot/install.log'
[2.262s] Invoked command in '/home/everd/universidad/git/Robotica-UAO-2025-3/Nicolas_Tafur/robot' returned '0': PYTHONPATH=/home/everd/universidad/git/Robotica-UAO-2025-3/Nicolas_Tafur/build/robot/prefix_override:/usr/lib/python3/dist-packages/colcon_core/task/python/colcon_distutils_commands:/home/everd/universidad/git/Robotica-UAO-2025-3/Nicolas_Tafur/install/robot/lib/python3.10/site-packages:${PYTHONPATH} /usr/bin/python3 -W ignore:setup.py install is deprecated -W ignore:easy_install command is deprecated setup.py egg_info --egg-base ../build/robot build --build-base /home/everd/universidad/git/Robotica-UAO-2025-3/Nicolas_Tafur/build/robot/build install --record /home/everd/universidad/git/Robotica-UAO-2025-3/Nicolas_Tafur/build/robot/install.log --single-version-externally-managed install_data
