[0.166s] DEBUG:colcon:Command line arguments: ['/usr/bin/colcon', 'build', '--packages-select', 'robot']
[0.166s] DEBUG:colcon:Parsed command line arguments: Namespace(log_base=None, log_level=None, verb_name='build', build_base='build', install_base='install', merge_install=False, symlink_install=False, test_result_base=None, continue_on_error=False, executor='parallel', parallel_workers=16, event_handlers=None, ignore_user_meta=False, metas=['./colcon.meta'], base_paths=['.'], packages_ignore=None, packages_ignore_regex=None, paths=None, packages_up_to=None, packages_up_to_regex=None, packages_above=None, packages_above_and_dependencies=None, packages_above_depth=None, packages_select_by_dep=None, packages_skip_by_dep=None, packages_skip_up_to=None, packages_select_build_failed=False, packages_skip_build_finished=False, packages_select_test_failures=False, packages_skip_test_passed=False, packages_select=['robot'], packages_skip=None, packages_select_regex=None, packages_skip_regex=None, packages_start=None, packages_end=None, allow_overriding=[], cmake_args=None, cmake_target=None, cmake_target_skip_unavailable=False, cmake_clean_cache=False, cmake_clean_first=False, cmake_force_configure=False, ament_cmake_args=None, catkin_cmake_args=None, catkin_skip_building_tests=False, mixin_files=None, mixin=None, verb_parser=<colcon_mixin.mixin.mixin_argument.MixinArgumentDecorator object at 0x7e36d2f0bf70>, verb_extension=<colcon_core.verb.build.BuildVerb object at 0x7e36d3095060>, main=<bound method BuildVerb.main of <colcon_core.verb.build.BuildVerb object at 0x7e36d3095060>>, mixin_verb=('build',))
[0.389s] Level 1:colcon.colcon_core.package_discovery:discover_packages(colcon_meta) check parameters
[0.389s] Level 1:colcon.colcon_core.package_discovery:discover_packages(recursive) check parameters
[0.389s] Level 1:colcon.colcon_core.package_discovery:discover_packages(ignore) check parameters
[0.389s] Level 1:colcon.colcon_core.package_discovery:discover_packages(path) check parameters
[0.389s] Level 1:colcon.colcon_core.package_discovery:discover_packages(colcon_meta) discover
[0.389s] Level 1:colcon.colcon_core.package_discovery:discover_packages(recursive) discover
[0.389s] INFO:colcon.colcon_core.package_discovery:Crawling recursively for packages in '/home/richilzz/ros2_ws/src/git/Robotica-UAO-2025-3'
[0.390s] Level 1:colcon.colcon_core.package_identification:_identify(.) by extensions ['ignore', 'ignore_ament_install']
[0.390s] Level 1:colcon.colcon_core.package_identification:_identify(.) by extension 'ignore'
[0.390s] Level 1:colcon.colcon_core.package_identification:_identify(.) by extension 'ignore_ament_install'
[0.390s] Level 1:colcon.colcon_core.package_identification:_identify(.) by extensions ['colcon_pkg']
[0.390s] Level 1:colcon.colcon_core.package_identification:_identify(.) by extension 'colcon_pkg'
[0.390s] Level 1:colcon.colcon_core.package_identification:_identify(.) by extensions ['colcon_meta']
[0.390s] Level 1:colcon.colcon_core.package_identification:_identify(.) by extension 'colcon_meta'
[0.390s] Level 1:colcon.colcon_core.package_identification:_identify(.) by extensions ['ros']
[0.390s] Level 1:colcon.colcon_core.package_identification:_identify(.) by extension 'ros'
[0.404s] Level 1:colcon.colcon_core.package_identification:_identify(.) by extensions ['cmake', 'python']
[0.404s] Level 1:colcon.colcon_core.package_identification:_identify(.) by extension 'cmake'
[0.404s] Level 1:colcon.colcon_core.package_identification:_identify(.) by extension 'python'
[0.404s] Level 1:colcon.colcon_core.package_identification:_identify(.) by extensions ['python_setup_py']
[0.404s] Level 1:colcon.colcon_core.package_identification:_identify(.) by extension 'python_setup_py'
[0.405s] Level 1:colcon.colcon_core.package_identification:_identify(Nicolas_Tafur) by extensions ['ignore', 'ignore_ament_install']
[0.405s] Level 1:colcon.colcon_core.package_identification:_identify(Nicolas_Tafur) by extension 'ignore'
[0.405s] Level 1:colcon.colcon_core.package_identification:_identify(Nicolas_Tafur) by extension 'ignore_ament_install'
[0.405s] Level 1:colcon.colcon_core.package_identification:_identify(Nicolas_Tafur) by extensions ['colcon_pkg']
[0.405s] Level 1:colcon.colcon_core.package_identification:_identify(Nicolas_Tafur) by extension 'colcon_pkg'
[0.405s] Level 1:colcon.colcon_core.package_identification:_identify(Nicolas_Tafur) by extensions ['colcon_meta']
[0.405s] Level 1:colcon.colcon_core.package_identification:_identify(Nicolas_Tafur) by extension 'colcon_meta'
[0.405s] Level 1:colcon.colcon_core.package_identification:_identify(Nicolas_Tafur) by extensions ['ros']
[0.405s] Level 1:colcon.colcon_core.package_identification:_identify(Nicolas_Tafur) by extension 'ros'
[0.405s] Level 1:colcon.colcon_core.package_identification:_identify(Nicolas_Tafur) by extensions ['cmake', 'python']
[0.405s] Level 1:colcon.colcon_core.package_identification:_identify(Nicolas_Tafur) by extension 'cmake'
[0.405s] Level 1:colcon.colcon_core.package_identification:_identify(Nicolas_Tafur) by extension 'python'
[0.405s] Level 1:colcon.colcon_core.package_identification:_identify(Nicolas_Tafur) by extensions ['python_setup_py']
[0.405s] Level 1:colcon.colcon_core.package_identification:_identify(Nicolas_Tafur) by extension 'python_setup_py'
[0.406s] Level 1:colcon.colcon_core.package_identification:_identify(Nicolas_Tafur/build) by extensions ['ignore', 'ignore_ament_install']
[0.406s] Level 1:colcon.colcon_core.package_identification:_identify(Nicolas_Tafur/build) by extension 'ignore'
[0.406s] Level 1:colcon.colcon_core.package_identification:_identify(Nicolas_Tafur/build) ignored
[0.406s] Level 1:colcon.colcon_core.package_identification:_identify(Nicolas_Tafur/centauro) by extensions ['ignore', 'ignore_ament_install']
[0.406s] Level 1:colcon.colcon_core.package_identification:_identify(Nicolas_Tafur/centauro) by extension 'ignore'
[0.406s] Level 1:colcon.colcon_core.package_identification:_identify(Nicolas_Tafur/centauro) by extension 'ignore_ament_install'
[0.406s] Level 1:colcon.colcon_core.package_identification:_identify(Nicolas_Tafur/centauro) by extensions ['colcon_pkg']
[0.406s] Level 1:colcon.colcon_core.package_identification:_identify(Nicolas_Tafur/centauro) by extension 'colcon_pkg'
[0.406s] Level 1:colcon.colcon_core.package_identification:_identify(Nicolas_Tafur/centauro) by extensions ['colcon_meta']
[0.406s] Level 1:colcon.colcon_core.package_identification:_identify(Nicolas_Tafur/centauro) by extension 'colcon_meta'
[0.406s] Level 1:colcon.colcon_core.package_identification:_identify(Nicolas_Tafur/centauro) by extensions ['ros']
[0.406s] Level 1:colcon.colcon_core.package_identification:_identify(Nicolas_Tafur/centauro) by extension 'ros'
[0.410s] DEBUG:colcon.colcon_core.package_identification:Package 'Nicolas_Tafur/centauro' with type 'ros.ament_python' and name 'centauro'
[0.410s] Level 1:colcon.colcon_core.package_identification:_identify(Nicolas_Tafur/install) by extensions ['ignore', 'ignore_ament_install']
[0.411s] Level 1:colcon.colcon_core.package_identification:_identify(Nicolas_Tafur/install) by extension 'ignore'
[0.411s] Level 1:colcon.colcon_core.package_identification:_identify(Nicolas_Tafur/install) ignored
[0.411s] Level 1:colcon.colcon_core.package_identification:_identify(Nicolas_Tafur/log) by extensions ['ignore', 'ignore_ament_install']
[0.411s] Level 1:colcon.colcon_core.package_identification:_identify(Nicolas_Tafur/log) by extension 'ignore'
[0.411s] Level 1:colcon.colcon_core.package_identification:_identify(Nicolas_Tafur/log) ignored
[0.411s] Level 1:colcon.colcon_core.package_identification:_identify(Nicolas_Tafur/robot) by extensions ['ignore', 'ignore_ament_install']
[0.411s] Level 1:colcon.colcon_core.package_identification:_identify(Nicolas_Tafur/robot) by extension 'ignore'
[0.411s] Level 1:colcon.colcon_core.package_identification:_identify(Nicolas_Tafur/robot) by extension 'ignore_ament_install'
[0.411s] Level 1:colcon.colcon_core.package_identification:_identify(Nicolas_Tafur/robot) by extensions ['colcon_pkg']
[0.411s] Level 1:colcon.colcon_core.package_identification:_identify(Nicolas_Tafur/robot) by extension 'colcon_pkg'
[0.412s] Level 1:colcon.colcon_core.package_identification:_identify(Nicolas_Tafur/robot) by extensions ['colcon_meta']
[0.412s] Level 1:colcon.colcon_core.package_identification:_identify(Nicolas_Tafur/robot) by extension 'colcon_meta'
[0.412s] Level 1:colcon.colcon_core.package_identification:_identify(Nicolas_Tafur/robot) by extensions ['ros']
[0.412s] Level 1:colcon.colcon_core.package_identification:_identify(Nicolas_Tafur/robot) by extension 'ros'
[0.413s] DEBUG:colcon.colcon_core.package_identification:Package 'Nicolas_Tafur/robot' with type 'ros.ament_python' and name 'robot'
[0.413s] Level 1:colcon.colcon_core.package_identification:_identify(Ricardo) by extensions ['ignore', 'ignore_ament_install']
[0.413s] Level 1:colcon.colcon_core.package_identification:_identify(Ricardo) by extension 'ignore'
[0.413s] Level 1:colcon.colcon_core.package_identification:_identify(Ricardo) by extension 'ignore_ament_install'
[0.413s] Level 1:colcon.colcon_core.package_identification:_identify(Ricardo) by extensions ['colcon_pkg']
[0.413s] Level 1:colcon.colcon_core.package_identification:_identify(Ricardo) by extension 'colcon_pkg'
[0.413s] Level 1:colcon.colcon_core.package_identification:_identify(Ricardo) by extensions ['colcon_meta']
[0.413s] Level 1:colcon.colcon_core.package_identification:_identify(Ricardo) by extension 'colcon_meta'
[0.413s] Level 1:colcon.colcon_core.package_identification:_identify(Ricardo) by extensions ['ros']
[0.413s] Level 1:colcon.colcon_core.package_identification:_identify(Ricardo) by extension 'ros'
[0.413s] Level 1:colcon.colcon_core.package_identification:_identify(Ricardo) by extensions ['cmake', 'python']
[0.413s] Level 1:colcon.colcon_core.package_identification:_identify(Ricardo) by extension 'cmake'
[0.413s] Level 1:colcon.colcon_core.package_identification:_identify(Ricardo) by extension 'python'
[0.413s] Level 1:colcon.colcon_core.package_identification:_identify(Ricardo) by extensions ['python_setup_py']
[0.413s] Level 1:colcon.colcon_core.package_identification:_identify(Ricardo) by extension 'python_setup_py'
[0.413s] Level 1:colcon.colcon_core.package_identification:_identify(Ricardo/Nicolas_Tafur) by extensions ['ignore', 'ignore_ament_install']
[0.414s] Level 1:colcon.colcon_core.package_identification:_identify(Ricardo/Nicolas_Tafur) by extension 'ignore'
[0.414s] Level 1:colcon.colcon_core.package_identification:_identify(Ricardo/Nicolas_Tafur) by extension 'ignore_ament_install'
[0.414s] Level 1:colcon.colcon_core.package_identification:_identify(Ricardo/Nicolas_Tafur) by extensions ['colcon_pkg']
[0.414s] Level 1:colcon.colcon_core.package_identification:_identify(Ricardo/Nicolas_Tafur) by extension 'colcon_pkg'
[0.414s] Level 1:colcon.colcon_core.package_identification:_identify(Ricardo/Nicolas_Tafur) by extensions ['colcon_meta']
[0.414s] Level 1:colcon.colcon_core.package_identification:_identify(Ricardo/Nicolas_Tafur) by extension 'colcon_meta'
[0.414s] Level 1:colcon.colcon_core.package_identification:_identify(Ricardo/Nicolas_Tafur) by extensions ['ros']
[0.414s] Level 1:colcon.colcon_core.package_identification:_identify(Ricardo/Nicolas_Tafur) by extension 'ros'
[0.414s] Level 1:colcon.colcon_core.package_identification:_identify(Ricardo/Nicolas_Tafur) by extensions ['cmake', 'python']
[0.414s] Level 1:colcon.colcon_core.package_identification:_identify(Ricardo/Nicolas_Tafur) by extension 'cmake'
[0.414s] Level 1:colcon.colcon_core.package_identification:_identify(Ricardo/Nicolas_Tafur) by extension 'python'
[0.414s] Level 1:colcon.colcon_core.package_identification:_identify(Ricardo/Nicolas_Tafur) by extensions ['python_setup_py']
[0.414s] Level 1:colcon.colcon_core.package_identification:_identify(Ricardo/Nicolas_Tafur) by extension 'python_setup_py'
[0.414s] Level 1:colcon.colcon_core.package_identification:_identify(Ricardo/Nicolas_Tafur/build) by extensions ['ignore', 'ignore_ament_install']
[0.414s] Level 1:colcon.colcon_core.package_identification:_identify(Ricardo/Nicolas_Tafur/build) by extension 'ignore'
[0.414s] Level 1:colcon.colcon_core.package_identification:_identify(Ricardo/Nicolas_Tafur/build) ignored
[0.414s] Level 1:colcon.colcon_core.package_identification:_identify(Ricardo/Nicolas_Tafur/centauro) by extensions ['ignore', 'ignore_ament_install']
[0.415s] Level 1:colcon.colcon_core.package_identification:_identify(Ricardo/Nicolas_Tafur/centauro) by extension 'ignore'
[0.415s] Level 1:colcon.colcon_core.package_identification:_identify(Ricardo/Nicolas_Tafur/centauro) by extension 'ignore_ament_install'
[0.415s] Level 1:colcon.colcon_core.package_identification:_identify(Ricardo/Nicolas_Tafur/centauro) by extensions ['colcon_pkg']
[0.415s] Level 1:colcon.colcon_core.package_identification:_identify(Ricardo/Nicolas_Tafur/centauro) by extension 'colcon_pkg'
[0.415s] Level 1:colcon.colcon_core.package_identification:_identify(Ricardo/Nicolas_Tafur/centauro) by extensions ['colcon_meta']
[0.415s] Level 1:colcon.colcon_core.package_identification:_identify(Ricardo/Nicolas_Tafur/centauro) by extension 'colcon_meta'
[0.415s] Level 1:colcon.colcon_core.package_identification:_identify(Ricardo/Nicolas_Tafur/centauro) by extensions ['ros']
[0.415s] Level 1:colcon.colcon_core.package_identification:_identify(Ricardo/Nicolas_Tafur/centauro) by extension 'ros'
[0.416s] DEBUG:colcon.colcon_core.package_identification:Package 'Ricardo/Nicolas_Tafur/centauro' with type 'ros.ament_python' and name 'centauro'
[0.416s] Level 1:colcon.colcon_core.package_identification:_identify(Ricardo/Nicolas_Tafur/install) by extensions ['ignore', 'ignore_ament_install']
[0.416s] Level 1:colcon.colcon_core.package_identification:_identify(Ricardo/Nicolas_Tafur/install) by extension 'ignore'
[0.416s] Level 1:colcon.colcon_core.package_identification:_identify(Ricardo/Nicolas_Tafur/install) ignored
[0.417s] Level 1:colcon.colcon_core.package_identification:_identify(Ricardo/Nicolas_Tafur/log) by extensions ['ignore', 'ignore_ament_install']
[0.417s] Level 1:colcon.colcon_core.package_identification:_identify(Ricardo/Nicolas_Tafur/log) by extension 'ignore'
[0.417s] Level 1:colcon.colcon_core.package_identification:_identify(Ricardo/Nicolas_Tafur/log) ignored
[0.417s] Level 1:colcon.colcon_core.package_identification:_identify(Ricardo/Nicolas_Tafur/robot) by extensions ['ignore', 'ignore_ament_install']
[0.417s] Level 1:colcon.colcon_core.package_identification:_identify(Ricardo/Nicolas_Tafur/robot) by extension 'ignore'
[0.417s] Level 1:colcon.colcon_core.package_identification:_identify(Ricardo/Nicolas_Tafur/robot) by extension 'ignore_ament_install'
[0.417s] Level 1:colcon.colcon_core.package_identification:_identify(Ricardo/Nicolas_Tafur/robot) by extensions ['colcon_pkg']
[0.417s] Level 1:colcon.colcon_core.package_identification:_identify(Ricardo/Nicolas_Tafur/robot) by extension 'colcon_pkg'
[0.418s] Level 1:colcon.colcon_core.package_identification:_identify(Ricardo/Nicolas_Tafur/robot) by extensions ['colcon_meta']
[0.418s] Level 1:colcon.colcon_core.package_identification:_identify(Ricardo/Nicolas_Tafur/robot) by extension 'colcon_meta'
[0.418s] Level 1:colcon.colcon_core.package_identification:_identify(Ricardo/Nicolas_Tafur/robot) by extensions ['ros']
[0.418s] Level 1:colcon.colcon_core.package_identification:_identify(Ricardo/Nicolas_Tafur/robot) by extension 'ros'
[0.419s] DEBUG:colcon.colcon_core.package_identification:Package 'Ricardo/Nicolas_Tafur/robot' with type 'ros.ament_python' and name 'robot'
[0.419s] Level 1:colcon.colcon_core.package_identification:_identify(Ricardo/programacion_rob) by extensions ['ignore', 'ignore_ament_install']
[0.419s] Level 1:colcon.colcon_core.package_identification:_identify(Ricardo/programacion_rob) by extension 'ignore'
[0.419s] Level 1:colcon.colcon_core.package_identification:_identify(Ricardo/programacion_rob) by extension 'ignore_ament_install'
[0.419s] Level 1:colcon.colcon_core.package_identification:_identify(Ricardo/programacion_rob) by extensions ['colcon_pkg']
[0.419s] Level 1:colcon.colcon_core.package_identification:_identify(Ricardo/programacion_rob) by extension 'colcon_pkg'
[0.419s] Level 1:colcon.colcon_core.package_identification:_identify(Ricardo/programacion_rob) by extensions ['colcon_meta']
[0.419s] Level 1:colcon.colcon_core.package_identification:_identify(Ricardo/programacion_rob) by extension 'colcon_meta'
[0.419s] Level 1:colcon.colcon_core.package_identification:_identify(Ricardo/programacion_rob) by extensions ['ros']
[0.419s] Level 1:colcon.colcon_core.package_identification:_identify(Ricardo/programacion_rob) by extension 'ros'
[0.423s] DEBUG:colcon.colcon_core.package_identification:Package 'Ricardo/programacion_rob' with type 'ros.ament_python' and name 'programacion_rob'
[0.423s] Level 1:colcon.colcon_core.package_identification:_identify(backup) by extensions ['ignore', 'ignore_ament_install']
[0.424s] Level 1:colcon.colcon_core.package_identification:_identify(backup) by extension 'ignore'
[0.424s] Level 1:colcon.colcon_core.package_identification:_identify(backup) by extension 'ignore_ament_install'
[0.424s] Level 1:colcon.colcon_core.package_identification:_identify(backup) by extensions ['colcon_pkg']
[0.424s] Level 1:colcon.colcon_core.package_identification:_identify(backup) by extension 'colcon_pkg'
[0.424s] Level 1:colcon.colcon_core.package_identification:_identify(backup) by extensions ['colcon_meta']
[0.424s] Level 1:colcon.colcon_core.package_identification:_identify(backup) by extension 'colcon_meta'
[0.424s] Level 1:colcon.colcon_core.package_identification:_identify(backup) by extensions ['ros']
[0.424s] Level 1:colcon.colcon_core.package_identification:_identify(backup) by extension 'ros'
[0.424s] Level 1:colcon.colcon_core.package_identification:_identify(backup) by extensions ['cmake', 'python']
[0.424s] Level 1:colcon.colcon_core.package_identification:_identify(backup) by extension 'cmake'
[0.424s] Level 1:colcon.colcon_core.package_identification:_identify(backup) by extension 'python'
[0.424s] Level 1:colcon.colcon_core.package_identification:_identify(backup) by extensions ['python_setup_py']
[0.424s] Level 1:colcon.colcon_core.package_identification:_identify(backup) by extension 'python_setup_py'
[0.424s] Level 1:colcon.colcon_core.package_identification:_identify(backup/robot - aug 28 - 4:05) by extensions ['ignore', 'ignore_ament_install']
[0.424s] Level 1:colcon.colcon_core.package_identification:_identify(backup/robot - aug 28 - 4:05) by extension 'ignore'
[0.424s] Level 1:colcon.colcon_core.package_identification:_identify(backup/robot - aug 28 - 4:05) by extension 'ignore_ament_install'
[0.425s] Level 1:colcon.colcon_core.package_identification:_identify(backup/robot - aug 28 - 4:05) by extensions ['colcon_pkg']
[0.425s] Level 1:colcon.colcon_core.package_identification:_identify(backup/robot - aug 28 - 4:05) by extension 'colcon_pkg'
[0.425s] Level 1:colcon.colcon_core.package_identification:_identify(backup/robot - aug 28 - 4:05) by extensions ['colcon_meta']
[0.425s] Level 1:colcon.colcon_core.package_identification:_identify(backup/robot - aug 28 - 4:05) by extension 'colcon_meta'
[0.425s] Level 1:colcon.colcon_core.package_identification:_identify(backup/robot - aug 28 - 4:05) by extensions ['ros']
[0.425s] Level 1:colcon.colcon_core.package_identification:_identify(backup/robot - aug 28 - 4:05) by extension 'ros'
[0.426s] DEBUG:colcon.colcon_core.package_identification:Package 'backup/robot - aug 28 - 4:05' with type 'ros.ament_python' and name 'robot'
[0.426s] Level 1:colcon.colcon_core.package_identification:_identify(backup/robot - buen urdf - mov smooth - funcionalidades bien adaptadas - Aug 30 7:28pm) by extensions ['ignore', 'ignore_ament_install']
[0.426s] Level 1:colcon.colcon_core.package_identification:_identify(backup/robot - buen urdf - mov smooth - funcionalidades bien adaptadas - Aug 30 7:28pm) by extension 'ignore'
[0.426s] Level 1:colcon.colcon_core.package_identification:_identify(backup/robot - buen urdf - mov smooth - funcionalidades bien adaptadas - Aug 30 7:28pm) by extension 'ignore_ament_install'
[0.426s] Level 1:colcon.colcon_core.package_identification:_identify(backup/robot - buen urdf - mov smooth - funcionalidades bien adaptadas - Aug 30 7:28pm) by extensions ['colcon_pkg']
[0.426s] Level 1:colcon.colcon_core.package_identification:_identify(backup/robot - buen urdf - mov smooth - funcionalidades bien adaptadas - Aug 30 7:28pm) by extension 'colcon_pkg'
[0.426s] Level 1:colcon.colcon_core.package_identification:_identify(backup/robot - buen urdf - mov smooth - funcionalidades bien adaptadas - Aug 30 7:28pm) by extensions ['colcon_meta']
[0.426s] Level 1:colcon.colcon_core.package_identification:_identify(backup/robot - buen urdf - mov smooth - funcionalidades bien adaptadas - Aug 30 7:28pm) by extension 'colcon_meta'
[0.426s] Level 1:colcon.colcon_core.package_identification:_identify(backup/robot - buen urdf - mov smooth - funcionalidades bien adaptadas - Aug 30 7:28pm) by extensions ['ros']
[0.426s] Level 1:colcon.colcon_core.package_identification:_identify(backup/robot - buen urdf - mov smooth - funcionalidades bien adaptadas - Aug 30 7:28pm) by extension 'ros'
[0.427s] DEBUG:colcon.colcon_core.package_identification:Package 'backup/robot - buen urdf - mov smooth - funcionalidades bien adaptadas - Aug 30 7:28pm' with type 'ros.ament_python' and name 'robot'
[0.427s] Level 1:colcon.colcon_core.package_identification:_identify(backup/robot - gripper - conjointracker) by extensions ['ignore', 'ignore_ament_install']
[0.427s] Level 1:colcon.colcon_core.package_identification:_identify(backup/robot - gripper - conjointracker) by extension 'ignore'
[0.427s] Level 1:colcon.colcon_core.package_identification:_identify(backup/robot - gripper - conjointracker) by extension 'ignore_ament_install'
[0.427s] Level 1:colcon.colcon_core.package_identification:_identify(backup/robot - gripper - conjointracker) by extensions ['colcon_pkg']
[0.427s] Level 1:colcon.colcon_core.package_identification:_identify(backup/robot - gripper - conjointracker) by extension 'colcon_pkg'
[0.428s] Level 1:colcon.colcon_core.package_identification:_identify(backup/robot - gripper - conjointracker) by extensions ['colcon_meta']
[0.428s] Level 1:colcon.colcon_core.package_identification:_identify(backup/robot - gripper - conjointracker) by extension 'colcon_meta'
[0.428s] Level 1:colcon.colcon_core.package_identification:_identify(backup/robot - gripper - conjointracker) by extensions ['ros']
[0.428s] Level 1:colcon.colcon_core.package_identification:_identify(backup/robot - gripper - conjointracker) by extension 'ros'
[0.428s] DEBUG:colcon.colcon_core.package_identification:Package 'backup/robot - gripper - conjointracker' with type 'ros.ament_python' and name 'robot'
[0.429s] Level 1:colcon.colcon_core.package_identification:_identify(backup/robot - urdf bonito - movimiento instantaneo) by extensions ['ignore', 'ignore_ament_install']
[0.429s] Level 1:colcon.colcon_core.package_identification:_identify(backup/robot - urdf bonito - movimiento instantaneo) by extension 'ignore'
[0.429s] Level 1:colcon.colcon_core.package_identification:_identify(backup/robot - urdf bonito - movimiento instantaneo) by extension 'ignore_ament_install'
[0.429s] Level 1:colcon.colcon_core.package_identification:_identify(backup/robot - urdf bonito - movimiento instantaneo) by extensions ['colcon_pkg']
[0.429s] Level 1:colcon.colcon_core.package_identification:_identify(backup/robot - urdf bonito - movimiento instantaneo) by extension 'colcon_pkg'
[0.429s] Level 1:colcon.colcon_core.package_identification:_identify(backup/robot - urdf bonito - movimiento instantaneo) by extensions ['colcon_meta']
[0.429s] Level 1:colcon.colcon_core.package_identification:_identify(backup/robot - urdf bonito - movimiento instantaneo) by extension 'colcon_meta'
[0.429s] Level 1:colcon.colcon_core.package_identification:_identify(backup/robot - urdf bonito - movimiento instantaneo) by extensions ['ros']
[0.429s] Level 1:colcon.colcon_core.package_identification:_identify(backup/robot - urdf bonito - movimiento instantaneo) by extension 'ros'
[0.460s] DEBUG:colcon.colcon_core.package_identification:Package 'backup/robot - urdf bonito - movimiento instantaneo' with type 'ros.ament_python' and name 'robot'
[0.461s] Level 1:colcon.colcon_core.package_identification:_identify(backup/robot funciona maso super bien) by extensions ['ignore', 'ignore_ament_install']
[0.461s] Level 1:colcon.colcon_core.package_identification:_identify(backup/robot funciona maso super bien) by extension 'ignore'
[0.461s] Level 1:colcon.colcon_core.package_identification:_identify(backup/robot funciona maso super bien) by extension 'ignore_ament_install'
[0.461s] Level 1:colcon.colcon_core.package_identification:_identify(backup/robot funciona maso super bien) by extensions ['colcon_pkg']
[0.461s] Level 1:colcon.colcon_core.package_identification:_identify(backup/robot funciona maso super bien) by extension 'colcon_pkg'
[0.461s] Level 1:colcon.colcon_core.package_identification:_identify(backup/robot funciona maso super bien) by extensions ['colcon_meta']
[0.461s] Level 1:colcon.colcon_core.package_identification:_identify(backup/robot funciona maso super bien) by extension 'colcon_meta'
[0.461s] Level 1:colcon.colcon_core.package_identification:_identify(backup/robot funciona maso super bien) by extensions ['ros']
[0.461s] Level 1:colcon.colcon_core.package_identification:_identify(backup/robot funciona maso super bien) by extension 'ros'
[0.462s] DEBUG:colcon.colcon_core.package_identification:Package 'backup/robot funciona maso super bien' with type 'ros.ament_python' and name 'robot'
[0.463s] Level 1:colcon.colcon_core.package_identification:_identify(backup/robot-gripper-sinjointrajectory) by extensions ['ignore', 'ignore_ament_install']
[0.463s] Level 1:colcon.colcon_core.package_identification:_identify(backup/robot-gripper-sinjointrajectory) by extension 'ignore'
[0.463s] Level 1:colcon.colcon_core.package_identification:_identify(backup/robot-gripper-sinjointrajectory) by extension 'ignore_ament_install'
[0.463s] Level 1:colcon.colcon_core.package_identification:_identify(backup/robot-gripper-sinjointrajectory) by extensions ['colcon_pkg']
[0.463s] Level 1:colcon.colcon_core.package_identification:_identify(backup/robot-gripper-sinjointrajectory) by extension 'colcon_pkg'
[0.463s] Level 1:colcon.colcon_core.package_identification:_identify(backup/robot-gripper-sinjointrajectory) by extensions ['colcon_meta']
[0.463s] Level 1:colcon.colcon_core.package_identification:_identify(backup/robot-gripper-sinjointrajectory) by extension 'colcon_meta'
[0.463s] Level 1:colcon.colcon_core.package_identification:_identify(backup/robot-gripper-sinjointrajectory) by extensions ['ros']
[0.463s] Level 1:colcon.colcon_core.package_identification:_identify(backup/robot-gripper-sinjointrajectory) by extension 'ros'
[0.464s] DEBUG:colcon.colcon_core.package_identification:Package 'backup/robot-gripper-sinjointrajectory' with type 'ros.ament_python' and name 'robot'
[0.464s] Level 1:colcon.colcon_core.package_identification:_identify(backup/robot1) by extensions ['ignore', 'ignore_ament_install']
[0.464s] Level 1:colcon.colcon_core.package_identification:_identify(backup/robot1) by extension 'ignore'
[0.464s] Level 1:colcon.colcon_core.package_identification:_identify(backup/robot1) by extension 'ignore_ament_install'
[0.464s] Level 1:colcon.colcon_core.package_identification:_identify(backup/robot1) by extensions ['colcon_pkg']
[0.464s] Level 1:colcon.colcon_core.package_identification:_identify(backup/robot1) by extension 'colcon_pkg'
[0.464s] Level 1:colcon.colcon_core.package_identification:_identify(backup/robot1) by extensions ['colcon_meta']
[0.464s] Level 1:colcon.colcon_core.package_identification:_identify(backup/robot1) by extension 'colcon_meta'
[0.464s] Level 1:colcon.colcon_core.package_identification:_identify(backup/robot1) by extensions ['ros']
[0.464s] Level 1:colcon.colcon_core.package_identification:_identify(backup/robot1) by extension 'ros'
[0.465s] DEBUG:colcon.colcon_core.package_identification:Package 'backup/robot1' with type 'ros.ament_python' and name 'robot'
[0.466s] Level 1:colcon.colcon_core.package_identification:_identify(backup/robot2) by extensions ['ignore', 'ignore_ament_install']
[0.466s] Level 1:colcon.colcon_core.package_identification:_identify(backup/robot2) by extension 'ignore'
[0.466s] Level 1:colcon.colcon_core.package_identification:_identify(backup/robot2) by extension 'ignore_ament_install'
[0.466s] Level 1:colcon.colcon_core.package_identification:_identify(backup/robot2) by extensions ['colcon_pkg']
[0.466s] Level 1:colcon.colcon_core.package_identification:_identify(backup/robot2) by extension 'colcon_pkg'
[0.466s] Level 1:colcon.colcon_core.package_identification:_identify(backup/robot2) by extensions ['colcon_meta']
[0.466s] Level 1:colcon.colcon_core.package_identification:_identify(backup/robot2) by extension 'colcon_meta'
[0.466s] Level 1:colcon.colcon_core.package_identification:_identify(backup/robot2) by extensions ['ros']
[0.466s] Level 1:colcon.colcon_core.package_identification:_identify(backup/robot2) by extension 'ros'
[0.467s] DEBUG:colcon.colcon_core.package_identification:Package 'backup/robot2' with type 'ros.ament_python' and name 'robot'
[0.468s] Level 1:colcon.colcon_core.package_identification:_identify(backup/robot3) by extensions ['ignore', 'ignore_ament_install']
[0.468s] Level 1:colcon.colcon_core.package_identification:_identify(backup/robot3) by extension 'ignore'
[0.468s] Level 1:colcon.colcon_core.package_identification:_identify(backup/robot3) by extension 'ignore_ament_install'
[0.468s] Level 1:colcon.colcon_core.package_identification:_identify(backup/robot3) by extensions ['colcon_pkg']
[0.468s] Level 1:colcon.colcon_core.package_identification:_identify(backup/robot3) by extension 'colcon_pkg'
[0.468s] Level 1:colcon.colcon_core.package_identification:_identify(backup/robot3) by extensions ['colcon_meta']
[0.468s] Level 1:colcon.colcon_core.package_identification:_identify(backup/robot3) by extension 'colcon_meta'
[0.468s] Level 1:colcon.colcon_core.package_identification:_identify(backup/robot3) by extensions ['ros']
[0.468s] Level 1:colcon.colcon_core.package_identification:_identify(backup/robot3) by extension 'ros'
[0.469s] DEBUG:colcon.colcon_core.package_identification:Package 'backup/robot3' with type 'ros.ament_python' and name 'robot'
[0.470s] Level 1:colcon.colcon_core.package_identification:_identify(build) by extensions ['ignore', 'ignore_ament_install']
[0.470s] Level 1:colcon.colcon_core.package_identification:_identify(build) by extension 'ignore'
[0.470s] Level 1:colcon.colcon_core.package_identification:_identify(build) ignored
[0.470s] Level 1:colcon.colcon_core.package_identification:_identify(install) by extensions ['ignore', 'ignore_ament_install']
[0.470s] Level 1:colcon.colcon_core.package_identification:_identify(install) by extension 'ignore'
[0.470s] Level 1:colcon.colcon_core.package_identification:_identify(install) ignored
[0.470s] Level 1:colcon.colcon_core.package_identification:_identify(log) by extensions ['ignore', 'ignore_ament_install']
[0.470s] Level 1:colcon.colcon_core.package_identification:_identify(log) by extension 'ignore'
[0.470s] Level 1:colcon.colcon_core.package_identification:_identify(log) ignored
[0.470s] Level 1:colcon.colcon_core.package_discovery:discover_packages(recursive) using defaults
[0.470s] Level 1:colcon.colcon_core.package_discovery:discover_packages(ignore) discover
[0.470s] Level 1:colcon.colcon_core.package_discovery:discover_packages(ignore) using defaults
[0.471s] Level 1:colcon.colcon_core.package_discovery:discover_packages(path) discover
[0.471s] Level 1:colcon.colcon_core.package_discovery:discover_packages(path) using defaults
[0.534s] INFO:colcon.colcon_core.package_selection:Skipping not selected package 'centauro' in 'Nicolas_Tafur/centauro'
[0.534s] INFO:colcon.colcon_core.package_selection:Skipping not selected package 'centauro' in 'Ricardo/Nicolas_Tafur/centauro'
[0.534s] INFO:colcon.colcon_core.package_selection:Skipping not selected package 'programacion_rob' in 'Ricardo/programacion_rob'
[0.535s] Level 1:colcon.colcon_core.package_discovery:discover_packages(prefix_path) check parameters
[0.535s] Level 1:colcon.colcon_core.package_discovery:discover_packages(prefix_path) discover
[0.538s] DEBUG:colcon.colcon_installed_package_information.package_discovery:Found 9 installed packages in /home/richilzz/ros2_ws/install
[0.539s] DEBUG:colcon.colcon_installed_package_information.package_discovery:Found 0 installed packages in /home/richilzz/colcon_ws/install
[0.541s] DEBUG:colcon.colcon_installed_package_information.package_discovery:Found 345 installed packages in /opt/ros/humble
[0.544s] Level 1:colcon.colcon_core.package_discovery:discover_packages(prefix_path) using defaults
[0.600s] ERROR:colcon:colcon build: Duplicate package names not supported:
- robot:
  - Nicolas_Tafur/robot
  - Ricardo/Nicolas_Tafur/robot
  - backup/robot - aug 28 - 4:05
  - backup/robot - buen urdf - mov smooth - funcionalidades bien adaptadas - Aug 30 7:28pm
  - backup/robot - gripper - conjointracker
  - backup/robot - urdf bonito - movimiento instantaneo
  - backup/robot funciona maso super bien
  - backup/robot-gripper-sinjointrajectory
  - backup/robot1
  - backup/robot2
  - backup/robot3
