[1.982s] Invoking command in '/home/tombe/Robotica/Robotica-UAO-2025-3/Nicolas_Tafur/centauro': PYTHONPATH=/home/tombe/Robotica/Robotica-UAO-2025-3/Nicolas_Tafur/build/centauro/prefix_override:/usr/lib/python3/dist-packages/colcon_core/task/python/colcon_distutils_commands:/home/tombe/Robotica/Robotica-UAO-2025-3/Nicolas_Tafur/install/centauro/lib/python3.10/site-packages:${PYTHONPATH} /usr/bin/python3 -W ignore:setup.py install is deprecated -W ignore:easy_install command is deprecated setup.py egg_info --egg-base ../build/centauro build --build-base /home/tombe/Robotica/Robotica-UAO-2025-3/Nicolas_Tafur/build/centauro/build install --record /home/tombe/Robotica/Robotica-UAO-2025-3/Nicolas_Tafur/build/centauro/install.log --single-version-externally-managed install_data
[2.464s] running egg_info
[2.464s] writing ../build/centauro/mi_br.egg-info/PKG-INFO
[2.464s] writing dependency_links to ../build/centauro/mi_br.egg-info/dependency_links.txt
[2.465s] writing entry points to ../build/centauro/mi_br.egg-info/entry_points.txt
[2.465s] writing requirements to ../build/centauro/mi_br.egg-info/requires.txt
[2.465s] writing top-level names to ../build/centauro/mi_br.egg-info/top_level.txt
[2.468s] reading manifest file '../build/centauro/mi_br.egg-info/SOURCES.txt'
[2.470s] writing manifest file '../build/centauro/mi_br.egg-info/SOURCES.txt'
[2.471s] running build
[2.471s] running build_py
[2.472s] running install
[2.472s] running install_lib
[2.474s] running install_data
[2.475s] running install_egg_info
[2.478s] removing '/home/tombe/Robotica/Robotica-UAO-2025-3/Nicolas_Tafur/install/centauro/lib/python3.10/site-packages/mi_br-0.0.1-py3.10.egg-info' (and everything under it)
[2.480s] Copying ../build/centauro/mi_br.egg-info to /home/tombe/Robotica/Robotica-UAO-2025-3/Nicolas_Tafur/install/centauro/lib/python3.10/site-packages/mi_br-0.0.1-py3.10.egg-info
[2.485s] running install_scripts
[2.527s] Installing ArmTeleop script to /home/tombe/Robotica/Robotica-UAO-2025-3/Nicolas_Tafur/install/centauro/lib/mi_br
[2.527s] Installing fk_marker script to /home/tombe/Robotica/Robotica-UAO-2025-3/Nicolas_Tafur/install/centauro/lib/mi_br
[2.529s] Installing joint_commander_deg script to /home/tombe/Robotica/Robotica-UAO-2025-3/Nicolas_Tafur/install/centauro/lib/mi_br
[2.529s] Installing joint_state_publisher script to /home/tombe/Robotica/Robotica-UAO-2025-3/Nicolas_Tafur/install/centauro/lib/mi_br
[2.530s] Installing mlol script to /home/tombe/Robotica/Robotica-UAO-2025-3/Nicolas_Tafur/install/centauro/lib/mi_br
[2.530s] Installing mover_robot script to /home/tombe/Robotica/Robotica-UAO-2025-3/Nicolas_Tafur/install/centauro/lib/mi_br
[2.530s] Installing pinterfaz script to /home/tombe/Robotica/Robotica-UAO-2025-3/Nicolas_Tafur/install/centauro/lib/mi_br
[2.531s] Installing serial_node script to /home/tombe/Robotica/Robotica-UAO-2025-3/Nicolas_Tafur/install/centauro/lib/mi_br
[2.531s] Installing spawn_urdf script to /home/tombe/Robotica/Robotica-UAO-2025-3/Nicolas_Tafur/install/centauro/lib/mi_br
[2.531s] Installing test_arm_movement script to /home/tombe/Robotica/Robotica-UAO-2025-3/Nicolas_Tafur/install/centauro/lib/mi_br
[2.532s] writing list of installed files to '/home/tombe/Robotica/Robotica-UAO-2025-3/Nicolas_Tafur/build/centauro/install.log'
[2.583s] Invoked command in '/home/tombe/Robotica/Robotica-UAO-2025-3/Nicolas_Tafur/centauro' returned '0': PYTHONPATH=/home/tombe/Robotica/Robotica-UAO-2025-3/Nicolas_Tafur/build/centauro/prefix_override:/usr/lib/python3/dist-packages/colcon_core/task/python/colcon_distutils_commands:/home/tombe/Robotica/Robotica-UAO-2025-3/Nicolas_Tafur/install/centauro/lib/python3.10/site-packages:${PYTHONPATH} /usr/bin/python3 -W ignore:setup.py install is deprecated -W ignore:easy_install command is deprecated setup.py egg_info --egg-base ../build/centauro build --build-base /home/tombe/Robotica/Robotica-UAO-2025-3/Nicolas_Tafur/build/centauro/build install --record /home/tombe/Robotica/Robotica-UAO-2025-3/Nicolas_Tafur/build/centauro/install.log --single-version-externally-managed install_data
