[0.567s] Invoking command in '/home/richilzz/ros2_ws/src/git/Robotica-UAO-2025-3/Nicolas_Tafur/robot': PYTHONPATH=/home/richilzz/ros2_ws/src/git/Robotica-UAO-2025-3/Nicolas_Tafur/build/robot/prefix_override:/usr/lib/python3/dist-packages/colcon_core/task/python/colcon_distutils_commands:/home/richilzz/ros2_ws/src/git/Robotica-UAO-2025-3/Nicolas_Tafur/install/robot/lib/python3.10/site-packages:${PYTHONPATH} /usr/bin/python3 -W ignore:setup.py install is deprecated -W ignore:easy_install command is deprecated setup.py egg_info --egg-base ../build/robot build --build-base /home/richilzz/ros2_ws/src/git/Robotica-UAO-2025-3/Nicolas_Tafur/build/robot/build install --record /home/richilzz/ros2_ws/src/git/Robotica-UAO-2025-3/Nicolas_Tafur/build/robot/install.log --single-version-externally-managed install_data
[0.779s] running egg_info
[0.780s] writing ../build/robot/robot.egg-info/PKG-INFO
[0.780s] writing dependency_links to ../build/robot/robot.egg-info/dependency_links.txt
[0.780s] writing entry points to ../build/robot/robot.egg-info/entry_points.txt
[0.780s] writing requirements to ../build/robot/robot.egg-info/requires.txt
[0.780s] writing top-level names to ../build/robot/robot.egg-info/top_level.txt
[0.783s] reading manifest file '../build/robot/robot.egg-info/SOURCES.txt'
[0.784s] writing manifest file '../build/robot/robot.egg-info/SOURCES.txt'
[0.784s] running build
[0.784s] running build_py
[0.784s] copying robot/pinterfaz.py -> /home/richilzz/ros2_ws/src/git/Robotica-UAO-2025-3/Nicolas_Tafur/build/robot/build/lib/robot
[0.784s] copying robot/serial_node.py -> /home/richilzz/ros2_ws/src/git/Robotica-UAO-2025-3/Nicolas_Tafur/build/robot/build/lib/robot
[0.785s] copying robot/joint_commander_deg.py -> /home/richilzz/ros2_ws/src/git/Robotica-UAO-2025-3/Nicolas_Tafur/build/robot/build/lib/robot
[0.785s] running install
[0.785s] running install_lib
[0.786s] copying /home/richilzz/ros2_ws/src/git/Robotica-UAO-2025-3/Nicolas_Tafur/build/robot/build/lib/robot/pinterfaz.py -> /home/richilzz/ros2_ws/src/git/Robotica-UAO-2025-3/Nicolas_Tafur/install/robot/lib/python3.10/site-packages/robot
[0.786s] copying /home/richilzz/ros2_ws/src/git/Robotica-UAO-2025-3/Nicolas_Tafur/build/robot/build/lib/robot/serial_node.py -> /home/richilzz/ros2_ws/src/git/Robotica-UAO-2025-3/Nicolas_Tafur/install/robot/lib/python3.10/site-packages/robot
[0.786s] copying /home/richilzz/ros2_ws/src/git/Robotica-UAO-2025-3/Nicolas_Tafur/build/robot/build/lib/robot/joint_commander_deg.py -> /home/richilzz/ros2_ws/src/git/Robotica-UAO-2025-3/Nicolas_Tafur/install/robot/lib/python3.10/site-packages/robot
[0.787s] byte-compiling /home/richilzz/ros2_ws/src/git/Robotica-UAO-2025-3/Nicolas_Tafur/install/robot/lib/python3.10/site-packages/robot/pinterfaz.py to pinterfaz.cpython-310.pyc
[0.790s] byte-compiling /home/richilzz/ros2_ws/src/git/Robotica-UAO-2025-3/Nicolas_Tafur/install/robot/lib/python3.10/site-packages/robot/serial_node.py to serial_node.cpython-310.pyc
[0.791s] byte-compiling /home/richilzz/ros2_ws/src/git/Robotica-UAO-2025-3/Nicolas_Tafur/install/robot/lib/python3.10/site-packages/robot/joint_commander_deg.py to joint_commander_deg.cpython-310.pyc
[0.792s] running install_data
[0.792s] copying launch/centauro.launch.py -> /home/richilzz/ros2_ws/src/git/Robotica-UAO-2025-3/Nicolas_Tafur/install/robot/share/robot/launch
[0.793s] running install_egg_info
[0.794s] removing '/home/richilzz/ros2_ws/src/git/Robotica-UAO-2025-3/Nicolas_Tafur/install/robot/lib/python3.10/site-packages/robot-0.0.1-py3.10.egg-info' (and everything under it)
[0.794s] Copying ../build/robot/robot.egg-info to /home/richilzz/ros2_ws/src/git/Robotica-UAO-2025-3/Nicolas_Tafur/install/robot/lib/python3.10/site-packages/robot-0.0.1-py3.10.egg-info
[0.795s] running install_scripts
[0.813s] Installing fk_marker script to /home/richilzz/ros2_ws/src/git/Robotica-UAO-2025-3/Nicolas_Tafur/install/robot/lib/robot
[0.813s] Installing joint_commander_deg script to /home/richilzz/ros2_ws/src/git/Robotica-UAO-2025-3/Nicolas_Tafur/install/robot/lib/robot
[0.813s] Installing joint_control_smoother script to /home/richilzz/ros2_ws/src/git/Robotica-UAO-2025-3/Nicolas_Tafur/install/robot/lib/robot
[0.814s] Installing pinterfaz script to /home/richilzz/ros2_ws/src/git/Robotica-UAO-2025-3/Nicolas_Tafur/install/robot/lib/robot
[0.814s] Installing serial_node script to /home/richilzz/ros2_ws/src/git/Robotica-UAO-2025-3/Nicolas_Tafur/install/robot/lib/robot
[0.814s] writing list of installed files to '/home/richilzz/ros2_ws/src/git/Robotica-UAO-2025-3/Nicolas_Tafur/build/robot/install.log'
[0.847s] Invoked command in '/home/richilzz/ros2_ws/src/git/Robotica-UAO-2025-3/Nicolas_Tafur/robot' returned '0': PYTHONPATH=/home/richilzz/ros2_ws/src/git/Robotica-UAO-2025-3/Nicolas_Tafur/build/robot/prefix_override:/usr/lib/python3/dist-packages/colcon_core/task/python/colcon_distutils_commands:/home/richilzz/ros2_ws/src/git/Robotica-UAO-2025-3/Nicolas_Tafur/install/robot/lib/python3.10/site-packages:${PYTHONPATH} /usr/bin/python3 -W ignore:setup.py install is deprecated -W ignore:easy_install command is deprecated setup.py egg_info --egg-base ../build/robot build --build-base /home/richilzz/ros2_ws/src/git/Robotica-UAO-2025-3/Nicolas_Tafur/build/robot/build install --record /home/richilzz/ros2_ws/src/git/Robotica-UAO-2025-3/Nicolas_Tafur/build/robot/install.log --single-version-externally-managed install_data
