[2.790s] Invoking command in '/home/everd/universidad/git/Robotica-UAO-2025-3/Nicolas_Tafur/centauro': PYTHONPATH=/home/everd/universidad/git/Robotica-UAO-2025-3/Nicolas_Tafur/build/centauro/prefix_override:/usr/lib/python3/dist-packages/colcon_core/task/python/colcon_distutils_commands:/home/everd/universidad/git/Robotica-UAO-2025-3/Nicolas_Tafur/install/centauro/lib/python3.10/site-packages:${PYTHONPATH} /usr/bin/python3 -W ignore:setup.py install is deprecated -W ignore:easy_install command is deprecated setup.py egg_info --egg-base ../build/centauro build --build-base /home/everd/universidad/git/Robotica-UAO-2025-3/Nicolas_Tafur/build/centauro/build install --record /home/everd/universidad/git/Robotica-UAO-2025-3/Nicolas_Tafur/build/centauro/install.log --single-version-externally-managed install_data
[3.629s] running egg_info
[3.631s] writing ../build/centauro/mi_br.egg-info/PKG-INFO
[3.632s] writing dependency_links to ../build/centauro/mi_br.egg-info/dependency_links.txt
[3.633s] writing entry points to ../build/centauro/mi_br.egg-info/entry_points.txt
[3.634s] writing requirements to ../build/centauro/mi_br.egg-info/requires.txt
[3.634s] writing top-level names to ../build/centauro/mi_br.egg-info/top_level.txt
[3.641s] reading manifest file '../build/centauro/mi_br.egg-info/SOURCES.txt'
[3.646s] writing manifest file '../build/centauro/mi_br.egg-info/SOURCES.txt'
[3.646s] running build
[3.646s] running build_py
[3.650s] running install
[3.651s] running install_lib
[3.655s] running install_data
[3.657s] running install_egg_info
[3.662s] removing '/home/everd/universidad/git/Robotica-UAO-2025-3/Nicolas_Tafur/install/centauro/lib/python3.10/site-packages/mi_br-0.0.1-py3.10.egg-info' (and everything under it)
[3.663s] Copying ../build/centauro/mi_br.egg-info to /home/everd/universidad/git/Robotica-UAO-2025-3/Nicolas_Tafur/install/centauro/lib/python3.10/site-packages/mi_br-0.0.1-py3.10.egg-info
[3.666s] running install_scripts
[3.725s] Installing ArmTeleop script to /home/everd/universidad/git/Robotica-UAO-2025-3/Nicolas_Tafur/install/centauro/lib/mi_br
[3.726s] Installing fk_marker script to /home/everd/universidad/git/Robotica-UAO-2025-3/Nicolas_Tafur/install/centauro/lib/mi_br
[3.727s] Installing joint_commander_deg script to /home/everd/universidad/git/Robotica-UAO-2025-3/Nicolas_Tafur/install/centauro/lib/mi_br
[3.727s] Installing joint_state_publisher script to /home/everd/universidad/git/Robotica-UAO-2025-3/Nicolas_Tafur/install/centauro/lib/mi_br
[3.727s] Installing mlol script to /home/everd/universidad/git/Robotica-UAO-2025-3/Nicolas_Tafur/install/centauro/lib/mi_br
[3.728s] Installing mover_robot script to /home/everd/universidad/git/Robotica-UAO-2025-3/Nicolas_Tafur/install/centauro/lib/mi_br
[3.728s] Installing pinterfaz script to /home/everd/universidad/git/Robotica-UAO-2025-3/Nicolas_Tafur/install/centauro/lib/mi_br
[3.729s] Installing serial_node script to /home/everd/universidad/git/Robotica-UAO-2025-3/Nicolas_Tafur/install/centauro/lib/mi_br
[3.729s] Installing spawn_urdf script to /home/everd/universidad/git/Robotica-UAO-2025-3/Nicolas_Tafur/install/centauro/lib/mi_br
[3.730s] Installing test_arm_movement script to /home/everd/universidad/git/Robotica-UAO-2025-3/Nicolas_Tafur/install/centauro/lib/mi_br
[3.732s] writing list of installed files to '/home/everd/universidad/git/Robotica-UAO-2025-3/Nicolas_Tafur/build/centauro/install.log'
[3.796s] Invoked command in '/home/everd/universidad/git/Robotica-UAO-2025-3/Nicolas_Tafur/centauro' returned '0': PYTHONPATH=/home/everd/universidad/git/Robotica-UAO-2025-3/Nicolas_Tafur/build/centauro/prefix_override:/usr/lib/python3/dist-packages/colcon_core/task/python/colcon_distutils_commands:/home/everd/universidad/git/Robotica-UAO-2025-3/Nicolas_Tafur/install/centauro/lib/python3.10/site-packages:${PYTHONPATH} /usr/bin/python3 -W ignore:setup.py install is deprecated -W ignore:easy_install command is deprecated setup.py egg_info --egg-base ../build/centauro build --build-base /home/everd/universidad/git/Robotica-UAO-2025-3/Nicolas_Tafur/build/centauro/build install --record /home/everd/universidad/git/Robotica-UAO-2025-3/Nicolas_Tafur/build/centauro/install.log --single-version-externally-managed install_data
