running egg_info
creating ../build/robot/robot.egg-info
writing ../build/robot/robot.egg-info/PKG-INFO
writing dependency_links to ../build/robot/robot.egg-info/dependency_links.txt
writing entry points to ../build/robot/robot.egg-info/entry_points.txt
writing requirements to ../build/robot/robot.egg-info/requires.txt
writing top-level names to ../build/robot/robot.egg-info/top_level.txt
writing manifest file '../build/robot/robot.egg-info/SOURCES.txt'
reading manifest file '../build/robot/robot.egg-info/SOURCES.txt'
writing manifest file '../build/robot/robot.egg-info/SOURCES.txt'
running build
running build_py
creating /home/everd/universidad/git/Robotica-UAO-2025-3/Nicolas_Tafur/build/robot/build
creating /home/everd/universidad/git/Robotica-UAO-2025-3/Nicolas_Tafur/build/robot/build/lib
creating /home/everd/universidad/git/Robotica-UAO-2025-3/Nicolas_Tafur/build/robot/build/lib/robot
copying robot/serial_node.py -> /home/everd/universidad/git/Robotica-UAO-2025-3/Nicolas_Tafur/build/robot/build/lib/robot
copying robot/fk_3dof_zyy.py -> /home/everd/universidad/git/Robotica-UAO-2025-3/Nicolas_Tafur/build/robot/build/lib/robot
copying robot/joint_commander_deg.py -> /home/everd/universidad/git/Robotica-UAO-2025-3/Nicolas_Tafur/build/robot/build/lib/robot
copying robot/__init__.py -> /home/everd/universidad/git/Robotica-UAO-2025-3/Nicolas_Tafur/build/robot/build/lib/robot
copying robot/pinterfaz.py -> /home/everd/universidad/git/Robotica-UAO-2025-3/Nicolas_Tafur/build/robot/build/lib/robot
copying robot/fk_marker.py -> /home/everd/universidad/git/Robotica-UAO-2025-3/Nicolas_Tafur/build/robot/build/lib/robot
running install
running install_lib
creating /home/everd/universidad/git/Robotica-UAO-2025-3/Nicolas_Tafur/install/robot/lib/python3.10/site-packages/robot
copying /home/everd/universidad/git/Robotica-UAO-2025-3/Nicolas_Tafur/build/robot/build/lib/robot/serial_node.py -> /home/everd/universidad/git/Robotica-UAO-2025-3/Nicolas_Tafur/install/robot/lib/python3.10/site-packages/robot
copying /home/everd/universidad/git/Robotica-UAO-2025-3/Nicolas_Tafur/build/robot/build/lib/robot/fk_3dof_zyy.py -> /home/everd/universidad/git/Robotica-UAO-2025-3/Nicolas_Tafur/install/robot/lib/python3.10/site-packages/robot
copying /home/everd/universidad/git/Robotica-UAO-2025-3/Nicolas_Tafur/build/robot/build/lib/robot/joint_commander_deg.py -> /home/everd/universidad/git/Robotica-UAO-2025-3/Nicolas_Tafur/install/robot/lib/python3.10/site-packages/robot
copying /home/everd/universidad/git/Robotica-UAO-2025-3/Nicolas_Tafur/build/robot/build/lib/robot/__init__.py -> /home/everd/universidad/git/Robotica-UAO-2025-3/Nicolas_Tafur/install/robot/lib/python3.10/site-packages/robot
copying /home/everd/universidad/git/Robotica-UAO-2025-3/Nicolas_Tafur/build/robot/build/lib/robot/pinterfaz.py -> /home/everd/universidad/git/Robotica-UAO-2025-3/Nicolas_Tafur/install/robot/lib/python3.10/site-packages/robot
copying /home/everd/universidad/git/Robotica-UAO-2025-3/Nicolas_Tafur/build/robot/build/lib/robot/fk_marker.py -> /home/everd/universidad/git/Robotica-UAO-2025-3/Nicolas_Tafur/install/robot/lib/python3.10/site-packages/robot
byte-compiling /home/everd/universidad/git/Robotica-UAO-2025-3/Nicolas_Tafur/install/robot/lib/python3.10/site-packages/robot/serial_node.py to serial_node.cpython-310.pyc
byte-compiling /home/everd/universidad/git/Robotica-UAO-2025-3/Nicolas_Tafur/install/robot/lib/python3.10/site-packages/robot/fk_3dof_zyy.py to fk_3dof_zyy.cpython-310.pyc
byte-compiling /home/everd/universidad/git/Robotica-UAO-2025-3/Nicolas_Tafur/install/robot/lib/python3.10/site-packages/robot/joint_commander_deg.py to joint_commander_deg.cpython-310.pyc
byte-compiling /home/everd/universidad/git/Robotica-UAO-2025-3/Nicolas_Tafur/install/robot/lib/python3.10/site-packages/robot/__init__.py to __init__.cpython-310.pyc
byte-compiling /home/everd/universidad/git/Robotica-UAO-2025-3/Nicolas_Tafur/install/robot/lib/python3.10/site-packages/robot/pinterfaz.py to pinterfaz.cpython-310.pyc
byte-compiling /home/everd/universidad/git/Robotica-UAO-2025-3/Nicolas_Tafur/install/robot/lib/python3.10/site-packages/robot/fk_marker.py to fk_marker.cpython-310.pyc
running install_data
creating /home/everd/universidad/git/Robotica-UAO-2025-3/Nicolas_Tafur/install/robot/share/ament_index
creating /home/everd/universidad/git/Robotica-UAO-2025-3/Nicolas_Tafur/install/robot/share/ament_index/resource_index
creating /home/everd/universidad/git/Robotica-UAO-2025-3/Nicolas_Tafur/install/robot/share/ament_index/resource_index/packages
copying resource/robot -> /home/everd/universidad/git/Robotica-UAO-2025-3/Nicolas_Tafur/install/robot/share/ament_index/resource_index/packages
copying package.xml -> /home/everd/universidad/git/Robotica-UAO-2025-3/Nicolas_Tafur/install/robot/share/robot
creating /home/everd/universidad/git/Robotica-UAO-2025-3/Nicolas_Tafur/install/robot/share/robot/launch
copying launch/centauro.launch.py -> /home/everd/universidad/git/Robotica-UAO-2025-3/Nicolas_Tafur/install/robot/share/robot/launch
creating /home/everd/universidad/git/Robotica-UAO-2025-3/Nicolas_Tafur/install/robot/share/robot/urdf
copying urdf/mi_br.urdf -> /home/everd/universidad/git/Robotica-UAO-2025-3/Nicolas_Tafur/install/robot/share/robot/urdf
copying urdf/SOLID.urdf -> /home/everd/universidad/git/Robotica-UAO-2025-3/Nicolas_Tafur/install/robot/share/robot/urdf
creating /home/everd/universidad/git/Robotica-UAO-2025-3/Nicolas_Tafur/install/robot/share/robot/meshes
copying meshes/base_link.STL -> /home/everd/universidad/git/Robotica-UAO-2025-3/Nicolas_Tafur/install/robot/share/robot/meshes
copying meshes/link_5.STL -> /home/everd/universidad/git/Robotica-UAO-2025-3/Nicolas_Tafur/install/robot/share/robot/meshes
copying meshes/link_2.STL -> /home/everd/universidad/git/Robotica-UAO-2025-3/Nicolas_Tafur/install/robot/share/robot/meshes
copying meshes/link_6.STL -> /home/everd/universidad/git/Robotica-UAO-2025-3/Nicolas_Tafur/install/robot/share/robot/meshes
copying meshes/link_7.STL -> /home/everd/universidad/git/Robotica-UAO-2025-3/Nicolas_Tafur/install/robot/share/robot/meshes
copying meshes/link_1.STL -> /home/everd/universidad/git/Robotica-UAO-2025-3/Nicolas_Tafur/install/robot/share/robot/meshes
copying meshes/link_3.STL -> /home/everd/universidad/git/Robotica-UAO-2025-3/Nicolas_Tafur/install/robot/share/robot/meshes
creating /home/everd/universidad/git/Robotica-UAO-2025-3/Nicolas_Tafur/install/robot/share/robot/config
copying config/joint_trajectory_controller.yaml -> /home/everd/universidad/git/Robotica-UAO-2025-3/Nicolas_Tafur/install/robot/share/robot/config
creating /home/everd/universidad/git/Robotica-UAO-2025-3/Nicolas_Tafur/install/robot/share/robot/rviz
copying rviz/robot.rviz -> /home/everd/universidad/git/Robotica-UAO-2025-3/Nicolas_Tafur/install/robot/share/robot/rviz
running install_egg_info
Copying ../build/robot/robot.egg-info to /home/everd/universidad/git/Robotica-UAO-2025-3/Nicolas_Tafur/install/robot/lib/python3.10/site-packages/robot-0.0.1-py3.10.egg-info
running install_scripts
Installing fk_marker script to /home/everd/universidad/git/Robotica-UAO-2025-3/Nicolas_Tafur/install/robot/lib/robot
Installing joint_commander_deg script to /home/everd/universidad/git/Robotica-UAO-2025-3/Nicolas_Tafur/install/robot/lib/robot
Installing pinterfaz script to /home/everd/universidad/git/Robotica-UAO-2025-3/Nicolas_Tafur/install/robot/lib/robot
Installing serial_node script to /home/everd/universidad/git/Robotica-UAO-2025-3/Nicolas_Tafur/install/robot/lib/robot
writing list of installed files to '/home/everd/universidad/git/Robotica-UAO-2025-3/Nicolas_Tafur/build/robot/install.log'
