[1.363s] Invoking command in '/home/everd/universidad/git/Robotica-UAO-2025-3/Nicolas_Tafur/robot': PYTHONPATH=/home/everd/universidad/git/Robotica-UAO-2025-3/Nicolas_Tafur/build/robot/prefix_override:/usr/lib/python3/dist-packages/colcon_core/task/python/colcon_distutils_commands:/home/everd/universidad/git/Robotica-UAO-2025-3/Nicolas_Tafur/install/robot/lib/python3.10/site-packages:${PYTHONPATH} /usr/bin/python3 -W ignore:setup.py install is deprecated -W ignore:easy_install command is deprecated setup.py egg_info --egg-base ../build/robot build --build-base /home/everd/universidad/git/Robotica-UAO-2025-3/Nicolas_Tafur/build/robot/build install --record /home/everd/universidad/git/Robotica-UAO-2025-3/Nicolas_Tafur/build/robot/install.log --single-version-externally-managed install_data
[1.739s] running egg_info
[1.740s] creating ../build/robot/robot.egg-info
[1.740s] writing ../build/robot/robot.egg-info/PKG-INFO
[1.741s] writing dependency_links to ../build/robot/robot.egg-info/dependency_links.txt
[1.741s] writing entry points to ../build/robot/robot.egg-info/entry_points.txt
[1.741s] writing requirements to ../build/robot/robot.egg-info/requires.txt
[1.741s] writing top-level names to ../build/robot/robot.egg-info/top_level.txt
[1.741s] writing manifest file '../build/robot/robot.egg-info/SOURCES.txt'
[1.746s] reading manifest file '../build/robot/robot.egg-info/SOURCES.txt'
[1.746s] writing manifest file '../build/robot/robot.egg-info/SOURCES.txt'
[1.746s] running build
[1.746s] running build_py
[1.747s] creating /home/everd/universidad/git/Robotica-UAO-2025-3/Nicolas_Tafur/build/robot/build
[1.747s] creating /home/everd/universidad/git/Robotica-UAO-2025-3/Nicolas_Tafur/build/robot/build/lib
[1.748s] creating /home/everd/universidad/git/Robotica-UAO-2025-3/Nicolas_Tafur/build/robot/build/lib/robot
[1.748s] copying robot/serial_node.py -> /home/everd/universidad/git/Robotica-UAO-2025-3/Nicolas_Tafur/build/robot/build/lib/robot
[1.748s] copying robot/fk_3dof_zyy.py -> /home/everd/universidad/git/Robotica-UAO-2025-3/Nicolas_Tafur/build/robot/build/lib/robot
[1.748s] copying robot/joint_commander_deg.py -> /home/everd/universidad/git/Robotica-UAO-2025-3/Nicolas_Tafur/build/robot/build/lib/robot
[1.748s] copying robot/__init__.py -> /home/everd/universidad/git/Robotica-UAO-2025-3/Nicolas_Tafur/build/robot/build/lib/robot
[1.748s] copying robot/pinterfaz.py -> /home/everd/universidad/git/Robotica-UAO-2025-3/Nicolas_Tafur/build/robot/build/lib/robot
[1.748s] copying robot/fk_marker.py -> /home/everd/universidad/git/Robotica-UAO-2025-3/Nicolas_Tafur/build/robot/build/lib/robot
[1.749s] running install
[1.749s] running install_lib
[1.757s] creating /home/everd/universidad/git/Robotica-UAO-2025-3/Nicolas_Tafur/install/robot/lib/python3.10/site-packages/robot
[1.757s] copying /home/everd/universidad/git/Robotica-UAO-2025-3/Nicolas_Tafur/build/robot/build/lib/robot/serial_node.py -> /home/everd/universidad/git/Robotica-UAO-2025-3/Nicolas_Tafur/install/robot/lib/python3.10/site-packages/robot
[1.758s] copying /home/everd/universidad/git/Robotica-UAO-2025-3/Nicolas_Tafur/build/robot/build/lib/robot/fk_3dof_zyy.py -> /home/everd/universidad/git/Robotica-UAO-2025-3/Nicolas_Tafur/install/robot/lib/python3.10/site-packages/robot
[1.758s] copying /home/everd/universidad/git/Robotica-UAO-2025-3/Nicolas_Tafur/build/robot/build/lib/robot/joint_commander_deg.py -> /home/everd/universidad/git/Robotica-UAO-2025-3/Nicolas_Tafur/install/robot/lib/python3.10/site-packages/robot
[1.758s] copying /home/everd/universidad/git/Robotica-UAO-2025-3/Nicolas_Tafur/build/robot/build/lib/robot/__init__.py -> /home/everd/universidad/git/Robotica-UAO-2025-3/Nicolas_Tafur/install/robot/lib/python3.10/site-packages/robot
[1.758s] copying /home/everd/universidad/git/Robotica-UAO-2025-3/Nicolas_Tafur/build/robot/build/lib/robot/pinterfaz.py -> /home/everd/universidad/git/Robotica-UAO-2025-3/Nicolas_Tafur/install/robot/lib/python3.10/site-packages/robot
[1.758s] copying /home/everd/universidad/git/Robotica-UAO-2025-3/Nicolas_Tafur/build/robot/build/lib/robot/fk_marker.py -> /home/everd/universidad/git/Robotica-UAO-2025-3/Nicolas_Tafur/install/robot/lib/python3.10/site-packages/robot
[1.759s] byte-compiling /home/everd/universidad/git/Robotica-UAO-2025-3/Nicolas_Tafur/install/robot/lib/python3.10/site-packages/robot/serial_node.py to serial_node.cpython-310.pyc
[1.759s] byte-compiling /home/everd/universidad/git/Robotica-UAO-2025-3/Nicolas_Tafur/install/robot/lib/python3.10/site-packages/robot/fk_3dof_zyy.py to fk_3dof_zyy.cpython-310.pyc
[1.760s] byte-compiling /home/everd/universidad/git/Robotica-UAO-2025-3/Nicolas_Tafur/install/robot/lib/python3.10/site-packages/robot/joint_commander_deg.py to joint_commander_deg.cpython-310.pyc
[1.760s] byte-compiling /home/everd/universidad/git/Robotica-UAO-2025-3/Nicolas_Tafur/install/robot/lib/python3.10/site-packages/robot/__init__.py to __init__.cpython-310.pyc
[1.761s] byte-compiling /home/everd/universidad/git/Robotica-UAO-2025-3/Nicolas_Tafur/install/robot/lib/python3.10/site-packages/robot/pinterfaz.py to pinterfaz.cpython-310.pyc
[1.762s] byte-compiling /home/everd/universidad/git/Robotica-UAO-2025-3/Nicolas_Tafur/install/robot/lib/python3.10/site-packages/robot/fk_marker.py to fk_marker.cpython-310.pyc
[1.763s] running install_data
[1.764s] creating /home/everd/universidad/git/Robotica-UAO-2025-3/Nicolas_Tafur/install/robot/share/ament_index
[1.764s] creating /home/everd/universidad/git/Robotica-UAO-2025-3/Nicolas_Tafur/install/robot/share/ament_index/resource_index
[1.764s] creating /home/everd/universidad/git/Robotica-UAO-2025-3/Nicolas_Tafur/install/robot/share/ament_index/resource_index/packages
[1.764s] copying resource/robot -> /home/everd/universidad/git/Robotica-UAO-2025-3/Nicolas_Tafur/install/robot/share/ament_index/resource_index/packages
[1.764s] copying package.xml -> /home/everd/universidad/git/Robotica-UAO-2025-3/Nicolas_Tafur/install/robot/share/robot
[1.764s] creating /home/everd/universidad/git/Robotica-UAO-2025-3/Nicolas_Tafur/install/robot/share/robot/launch
[1.764s] copying launch/centauro.launch.py -> /home/everd/universidad/git/Robotica-UAO-2025-3/Nicolas_Tafur/install/robot/share/robot/launch
[1.765s] creating /home/everd/universidad/git/Robotica-UAO-2025-3/Nicolas_Tafur/install/robot/share/robot/urdf
[1.765s] copying urdf/mi_br.urdf -> /home/everd/universidad/git/Robotica-UAO-2025-3/Nicolas_Tafur/install/robot/share/robot/urdf
[1.778s] copying urdf/SOLID.urdf -> /home/everd/universidad/git/Robotica-UAO-2025-3/Nicolas_Tafur/install/robot/share/robot/urdf
[1.779s] creating /home/everd/universidad/git/Robotica-UAO-2025-3/Nicolas_Tafur/install/robot/share/robot/meshes
[1.780s] copying meshes/base_link.STL -> /home/everd/universidad/git/Robotica-UAO-2025-3/Nicolas_Tafur/install/robot/share/robot/meshes
[1.786s] copying meshes/link_5.STL -> /home/everd/universidad/git/Robotica-UAO-2025-3/Nicolas_Tafur/install/robot/share/robot/meshes
[1.809s] copying meshes/link_2.STL -> /home/everd/universidad/git/Robotica-UAO-2025-3/Nicolas_Tafur/install/robot/share/robot/meshes
[1.812s] copying meshes/link_6.STL -> /home/everd/universidad/git/Robotica-UAO-2025-3/Nicolas_Tafur/install/robot/share/robot/meshes
[1.814s] copying meshes/link_7.STL -> /home/everd/universidad/git/Robotica-UAO-2025-3/Nicolas_Tafur/install/robot/share/robot/meshes
[1.832s] copying meshes/link_1.STL -> /home/everd/universidad/git/Robotica-UAO-2025-3/Nicolas_Tafur/install/robot/share/robot/meshes
[1.857s] copying meshes/link_3.STL -> /home/everd/universidad/git/Robotica-UAO-2025-3/Nicolas_Tafur/install/robot/share/robot/meshes
[1.874s] creating /home/everd/universidad/git/Robotica-UAO-2025-3/Nicolas_Tafur/install/robot/share/robot/config
[1.874s] copying config/joint_trajectory_controller.yaml -> /home/everd/universidad/git/Robotica-UAO-2025-3/Nicolas_Tafur/install/robot/share/robot/config
[1.874s] creating /home/everd/universidad/git/Robotica-UAO-2025-3/Nicolas_Tafur/install/robot/share/robot/rviz
[1.874s] copying rviz/robot.rviz -> /home/everd/universidad/git/Robotica-UAO-2025-3/Nicolas_Tafur/install/robot/share/robot/rviz
[1.875s] running install_egg_info
[1.878s] Copying ../build/robot/robot.egg-info to /home/everd/universidad/git/Robotica-UAO-2025-3/Nicolas_Tafur/install/robot/lib/python3.10/site-packages/robot-0.0.1-py3.10.egg-info
[1.879s] running install_scripts
[1.908s] Installing fk_marker script to /home/everd/universidad/git/Robotica-UAO-2025-3/Nicolas_Tafur/install/robot/lib/robot
[1.908s] Installing joint_commander_deg script to /home/everd/universidad/git/Robotica-UAO-2025-3/Nicolas_Tafur/install/robot/lib/robot
[1.908s] Installing pinterfaz script to /home/everd/universidad/git/Robotica-UAO-2025-3/Nicolas_Tafur/install/robot/lib/robot
[1.909s] Installing serial_node script to /home/everd/universidad/git/Robotica-UAO-2025-3/Nicolas_Tafur/install/robot/lib/robot
[1.909s] writing list of installed files to '/home/everd/universidad/git/Robotica-UAO-2025-3/Nicolas_Tafur/build/robot/install.log'
[1.947s] Invoked command in '/home/everd/universidad/git/Robotica-UAO-2025-3/Nicolas_Tafur/robot' returned '0': PYTHONPATH=/home/everd/universidad/git/Robotica-UAO-2025-3/Nicolas_Tafur/build/robot/prefix_override:/usr/lib/python3/dist-packages/colcon_core/task/python/colcon_distutils_commands:/home/everd/universidad/git/Robotica-UAO-2025-3/Nicolas_Tafur/install/robot/lib/python3.10/site-packages:${PYTHONPATH} /usr/bin/python3 -W ignore:setup.py install is deprecated -W ignore:easy_install command is deprecated setup.py egg_info --egg-base ../build/robot build --build-base /home/everd/universidad/git/Robotica-UAO-2025-3/Nicolas_Tafur/build/robot/build install --record /home/everd/universidad/git/Robotica-UAO-2025-3/Nicolas_Tafur/build/robot/install.log --single-version-externally-managed install_data
